[ 2016-08-26T15:46:27+08:00 ] ::1 /SpSp/home/login/index.html
ERR: 1146:Table 'supershop.action' doesn't exist
 [ SQL语句 ] : SHOW COLUMNS FROM `action`

[ 2016-08-26T15:46:28+08:00 ] ::1 /SpSp/home/login/index.html
ERR: 1146:Table 'supershop.action' doesn't exist
 [ SQL语句 ] : SHOW COLUMNS FROM `action`

[ 2016-08-26T15:49:45+08:00 ] ::1 /SpSp/home/login/index.html
ERR: 1146:Table 'supershop.action' doesn't exist
 [ SQL语句 ] : SHOW COLUMNS FROM `action`

[ 2016-08-26T15:51:25+08:00 ] ::1 /SpSp/home/login/index.html
ERR: 1146:Table 'supershop.action' doesn't exist
 [ SQL语句 ] : SHOW COLUMNS FROM `action`

[ 2016-08-26T15:51:26+08:00 ] ::1 /SpSp/home/login/index.html
ERR: 1146:Table 'supershop.action' doesn't exist
 [ SQL语句 ] : SHOW COLUMNS FROM `action`

[ 2016-08-26T15:51:41+08:00 ] ::1 /SpSp/home/login/index.html
ERR: 1146:Table 'supershop.action' doesn't exist
 [ SQL语句 ] : SHOW COLUMNS FROM `action`

[ 2016-08-26T15:51:44+08:00 ] ::1 /SpSp/home/login/index.html
ERR: 1146:Table 'supershop.action' doesn't exist
 [ SQL语句 ] : SHOW COLUMNS FROM `action`

[ 2016-08-26T16:00:09+08:00 ] ::1 /SpSp/home/login/index.html
ERR: 无法加载控制器:Login

[ 2016-08-26T16:00:10+08:00 ] ::1 /SpSp/home/login/index.html
ERR: 无法加载控制器:Login

[ 2016-08-26T16:00:11+08:00 ] ::1 /SpSp/home/login/index.html
ERR: 无法加载控制器:Login

[ 2016-08-26T16:00:11+08:00 ] ::1 /SpSp/home/login/index.html
ERR: 无法加载控制器:Login

[ 2016-08-26T16:00:12+08:00 ] ::1 /SpSp/home/login/index.html
ERR: 无法加载控制器:Login

[ 2016-08-26T16:00:20+08:00 ] ::1 /SpSp/home/login/index.html
ERR: 无法加载控制器:Login

[ 2016-08-26T16:00:21+08:00 ] ::1 /SpSp/home/login/index.html
ERR: 无法加载控制器:Login

[ 2016-08-26T16:00:22+08:00 ] ::1 /SpSp/home/login/index.html
ERR: 无法加载控制器:Login

[ 2016-08-26T16:00:22+08:00 ] ::1 /SpSp/home/login/index.html
ERR: 无法加载控制器:Login

[ 2016-08-26T16:00:22+08:00 ] ::1 /SpSp/home/login/index.html
ERR: 无法加载控制器:Login

[ 2016-08-26T16:00:22+08:00 ] ::1 /SpSp/home/login/index.html
ERR: 无法加载控制器:Login

[ 2016-08-26T16:00:22+08:00 ] ::1 /SpSp/home/login/index.html
ERR: 无法加载控制器:Login

[ 2016-08-26T16:00:29+08:00 ] ::1 /SpSp/home/login/index.html
ERR: 无法加载控制器:Login

[ 2016-08-26T16:00:29+08:00 ] ::1 /SpSp/home/login/index.html
ERR: 无法加载控制器:Login

[ 2016-08-26T16:01:05+08:00 ] ::1 /SpSp/home/login/index.html
ERR: 无法加载控制器:Login

[ 2016-08-26T16:01:06+08:00 ] ::1 /SpSp/home/login/index.html
ERR: 无法加载控制器:Login

[ 2016-08-26T16:01:06+08:00 ] ::1 /SpSp/home/login/index.html
ERR: 无法加载控制器:Login

[ 2016-08-26T16:01:07+08:00 ] ::1 /SpSp/home/login/index.html
ERR: 无法加载控制器:Login

[ 2016-08-26T16:01:07+08:00 ] ::1 /SpSp/home/login/index.html
ERR: 无法加载控制器:Login

[ 2016-08-26T16:01:07+08:00 ] ::1 /SpSp/home/login/index.html
ERR: 无法加载控制器:Login

[ 2016-08-26T16:01:07+08:00 ] ::1 /SpSp/home/login/index.html
ERR: 无法加载控制器:Login

[ 2016-08-26T16:01:07+08:00 ] ::1 /SpSp/home/login/index.html
ERR: 无法加载控制器:Login

[ 2016-08-26T16:01:07+08:00 ] ::1 /SpSp/home/login/index.html
ERR: 无法加载控制器:Login

[ 2016-08-26T16:01:08+08:00 ] ::1 /SpSp/home/login/index.html
ERR: 无法加载控制器:Login

[ 2016-08-26T16:01:08+08:00 ] ::1 /SpSp/home/login/index.html
ERR: 无法加载控制器:Login

[ 2016-08-26T16:01:21+08:00 ] ::1 /SpSp/home/login/index.html
ERR: 无法加载控制器:Login

[ 2016-08-26T16:01:22+08:00 ] ::1 /SpSp/home/login/index.html
ERR: 无法加载控制器:Login

[ 2016-08-26T16:01:23+08:00 ] ::1 /SpSp/home/login/index.html
ERR: 无法加载控制器:Login

[ 2016-08-26T16:01:23+08:00 ] ::1 /SpSp/home/login/index.html
ERR: 无法加载控制器:Login

[ 2016-08-26T16:01:23+08:00 ] ::1 /SpSp/home/login/index.html
ERR: 无法加载控制器:Login

[ 2016-08-26T16:01:23+08:00 ] ::1 /SpSp/home/login/index.html
ERR: 无法加载控制器:Login

[ 2016-08-26T16:01:24+08:00 ] ::1 /SpSp/home/login/index.html
ERR: 无法加载控制器:Login

[ 2016-08-26T16:01:24+08:00 ] ::1 /SpSp/home/login/index.html
ERR: 无法加载控制器:Login

[ 2016-08-26T16:01:35+08:00 ] ::1 /SpSp/home/login/index.html
ERR: 无法加载控制器:Login

[ 2016-08-26T16:01:35+08:00 ] ::1 /SpSp/home/login/index.html
ERR: 无法加载控制器:Login

[ 2016-08-26T16:01:36+08:00 ] ::1 /SpSp/home/login/index.html
ERR: 无法加载控制器:Login

[ 2016-08-26T16:01:36+08:00 ] ::1 /SpSp/home/login/index.html
ERR: 无法加载控制器:Login

[ 2016-08-26T16:01:36+08:00 ] ::1 /SpSp/home/login/index.html
ERR: 无法加载控制器:Login

[ 2016-08-26T16:01:37+08:00 ] ::1 /SpSp/home/login/index.html
ERR: 无法加载控制器:Login

[ 2016-08-26T16:01:39+08:00 ] ::1 /SpSp/home/login/index.html
ERR: 无法加载控制器:Login

[ 2016-08-26T16:09:14+08:00 ] ::1 /SpSp/home/login/index.html
ERR: 1146:Table 'supershop.action' doesn't exist
 [ SQL语句 ] : SHOW COLUMNS FROM `action`

[ 2016-08-26T16:09:31+08:00 ] ::1 /SpSp/home/login/index.html
ERR: 1146:Table 'supershop.action' doesn't exist
 [ SQL语句 ] : SHOW COLUMNS FROM `action`

[ 2016-08-26T16:09:33+08:00 ] ::1 /SpSp/home/login/index.html
ERR: 1146:Table 'supershop.action' doesn't exist
 [ SQL语句 ] : SHOW COLUMNS FROM `action`

[ 2016-08-26T16:19:12+08:00 ] ::1 /SpSp/home/login/index.html
ERR: 1146:Table 'supershop.action' doesn't exist
 [ SQL语句 ] : SHOW COLUMNS FROM `action`

[ 2016-08-26T16:19:29+08:00 ] ::1 /SpSp/home/login/index.html
ERR: 1146:Table 'supershop.action' doesn't exist
 [ SQL语句 ] : SHOW COLUMNS FROM `action`

[ 2016-08-26T16:19:32+08:00 ] ::1 /SpSp/home/login/index.html
ERR: 1146:Table 'supershop.action' doesn't exist
 [ SQL语句 ] : SHOW COLUMNS FROM `action`

[ 2016-08-26T16:27:04+08:00 ] ::1 /SpSp/home/login/index.html
ERR: 1146:Table 'supershop.action' doesn't exist
 [ SQL语句 ] : SHOW COLUMNS FROM `action`

[ 2016-08-26T16:27:11+08:00 ] ::1 /SpSp/home/login/index.html
ERR: 1146:Table 'supershop.action' doesn't exist
 [ SQL语句 ] : SHOW COLUMNS FROM `action`

[ 2016-08-26T16:28:18+08:00 ] ::1 /SpSp/home/login/index.html
ERR: 1146:Table 'supershop.action' doesn't exist
 [ SQL语句 ] : SHOW COLUMNS FROM `action`

[ 2016-08-26T16:28:20+08:00 ] ::1 /SpSp/home/login/index.html
ERR: 1146:Table 'supershop.action' doesn't exist
 [ SQL语句 ] : SHOW COLUMNS FROM `action`

[ 2016-08-26T18:23:03+08:00 ] ::1 /SpSp/home/login/index.html
ERR: Think\Model:imageVerify方法不存在！

[ 2016-08-26T20:39:35+08:00 ] ::1 /SpSp/home/login/index.html
ERR: Think\Model:vet方法不存在！

[ 2016-08-26T20:47:08+08:00 ] ::1 /SpSp/home/login/__APP__/home/model/actionmodel.class.php
ERR: 非法操作:__APP__

[ 2016-08-26T20:47:08+08:00 ] ::1 /SpSp/home/login/__APP__/home/model/actionmodel.class.php
ERR: 非法操作:__APP__

[ 2016-08-26T20:48:20+08:00 ] ::1 /SpSp/home/login/index.html
ERR: 1146:Table 'supershop.action' doesn't exist
 [ SQL语句 ] : SHOW COLUMNS FROM `action`

[ 2016-08-26T20:48:42+08:00 ] ::1 /SpSp/home/login/__APP__/home/model/actionmodel.class.php
ERR: 非法操作:__APP__

[ 2016-08-26T20:48:42+08:00 ] ::1 /SpSp/home/login/__APP__/home/model/actionmodel.class.php
ERR: 非法操作:__APP__

[ 2016-08-26T20:52:03+08:00 ] ::1 /SpSp/home/login/$act-%3EverifyImage()
ERR: 非法操作:$act->verifyImage()

[ 2016-08-26T20:52:03+08:00 ] ::1 /SpSp/home/login/$act-%3EverifyImage()
ERR: 非法操作:$act->verifyImage()

[ 2016-08-26T20:53:06+08:00 ] ::1 /SpSp/home/login/%3C?php
ERR: 非法操作:

[ 2016-08-26T20:53:06+08:00 ] ::1 /SpSp/home/login/%3C?php
ERR: 非法操作:

[ 2016-08-26T20:53:50+08:00 ] ::1 /SpSp/home/login/%3C?$act-
ERR: 非法操作:

[ 2016-08-26T20:53:50+08:00 ] ::1 /SpSp/home/login/%3C?$act-
ERR: 非法操作:

[ 2016-08-26T20:54:00+08:00 ] ::1 /SpSp/home/login/%3C?
ERR: 非法操作:

[ 2016-08-26T20:54:00+08:00 ] ::1 /SpSp/home/login/%3C?
ERR: 非法操作:

[ 2016-08-26T20:55:23+08:00 ] ::1 /SpSp/home/login/%3C?
ERR: 非法操作:

[ 2016-08-26T20:55:23+08:00 ] ::1 /SpSp/home/login/%3C?
ERR: 非法操作:

[ 2016-08-26T21:09:40+08:00 ] ::1 /SpSp/index.php/home/model/actionmodel.class.php
ERR: 无法加载控制器:Model

[ 2016-08-26T21:09:40+08:00 ] ::1 /SpSp/index.php/home/model/actionmodel.class.php
ERR: 无法加载控制器:Model

[ 2016-08-26T21:09:42+08:00 ] ::1 /SpSp/index.php/home/model/actionmodel.class.php
ERR: 无法加载控制器:Model

[ 2016-08-26T21:09:42+08:00 ] ::1 /SpSp/index.php/home/model/actionmodel.class.php
ERR: 无法加载控制器:Model

[ 2016-08-26T21:09:45+08:00 ] ::1 /SpSp/index.php/home/model/actionmodel.class.php
ERR: 无法加载控制器:Model

[ 2016-08-26T21:09:45+08:00 ] ::1 /SpSp/index.php/home/model/actionmodel.class.php
ERR: 无法加载控制器:Model

[ 2016-08-26T21:10:04+08:00 ] ::1 /SpSp/index.php/home/model/Actionmodel.class.php
ERR: 无法加载控制器:Model

[ 2016-08-26T21:10:04+08:00 ] ::1 /SpSp/index.php/home/model/Actionmodel.class.php
ERR: 无法加载控制器:Model

[ 2016-08-26T21:10:39+08:00 ] ::1 /SpSp/index.php/home/model/Actionmodel.class.php
ERR: 无法加载控制器:Model

[ 2016-08-26T21:11:04+08:00 ] ::1 /SpSp/index.php/home/model/ActionModel.class.php
ERR: 无法加载控制器:Model

[ 2016-08-26T21:11:04+08:00 ] ::1 /SpSp/index.php/home/model/ActionModel.class.php
ERR: 无法加载控制器:Model

[ 2016-08-26T21:11:26+08:00 ] ::1 /SpSp/index.php/home/model/ActionModel.class.php
ERR: 无法加载控制器:Model

[ 2016-08-26T21:14:23+08:00 ] ::1 /SpSp/index.php/Home/Model/ActionModel.class.php
ERR: 无法加载控制器:Model

[ 2016-08-26T21:14:23+08:00 ] ::1 /SpSp/index.php/Home/Model/ActionModel.class.php
ERR: 无法加载控制器:Model

[ 2016-08-26T21:14:25+08:00 ] ::1 /SpSp/index.php/Home/Model/ActionModel.class.php
ERR: 无法加载控制器:Model

[ 2016-08-26T21:14:25+08:00 ] ::1 /SpSp/index.php/Home/Model/ActionModel.class.php
ERR: 无法加载控制器:Model

[ 2016-08-26T21:41:10+08:00 ] ::1 /SpSp/home/login/__Public__/Home/getVerify.php
ERR: 非法操作:__Public__

[ 2016-08-26T21:41:11+08:00 ] ::1 /SpSp/home/login/__Public__/Home/getVerify.php
ERR: 非法操作:__Public__

[ 2016-08-26T21:41:13+08:00 ] ::1 /SpSp/home/login/__Public__/Home/getVerify.php
ERR: 非法操作:__Public__

[ 2016-08-26T21:41:13+08:00 ] ::1 /SpSp/home/login/__Public__/Home/getVerify.php
ERR: 非法操作:__Public__

[ 2016-08-26T21:41:33+08:00 ] ::1 /SpSp/home/login/__Public__/Home/getVerify.php
ERR: 非法操作:__Public__

[ 2016-08-26T21:42:11+08:00 ] ::1 /SpSp/home/login/__Public__/Home/getVerify.php
ERR: 非法操作:__Public__

[ 2016-08-26T21:42:13+08:00 ] ::1 /SpSp/home/login/__Public__/Home/getVerify.php
ERR: 非法操作:__Public__

[ 2016-08-26T21:42:14+08:00 ] ::1 /SpSp/home/login/__Public__/Home/getVerify.php
ERR: 非法操作:__Public__

[ 2016-08-26T21:42:17+08:00 ] ::1 /SpSp/home/login/__Public__/home/getVerify.php
ERR: 非法操作:__Public__

[ 2016-08-26T21:42:17+08:00 ] ::1 /SpSp/home/login/__Public__/home/getVerify.php
ERR: 非法操作:__Public__

[ 2016-08-26T21:42:33+08:00 ] ::1 /SpSp/home/login/__Public__/Home/getVerify.php
ERR: 非法操作:__Public__

[ 2016-08-26T21:42:40+08:00 ] ::1 /SpSp/home/login/__Public__/Home/getVerify.php
ERR: 非法操作:__Public__

[ 2016-08-26T21:42:40+08:00 ] ::1 /SpSp/home/login/__Public__/Home/getVerify.php
ERR: 非法操作:__Public__

[ 2016-08-26T21:42:40+08:00 ] ::1 /SpSp/home/login/__Public__/Home/getVerify.php
ERR: 非法操作:__Public__

[ 2016-08-26T21:45:02+08:00 ] ::1 /SpSp/home/login/getVerify.php
ERR: 非法操作:getVerify.php

[ 2016-08-26T21:45:02+08:00 ] ::1 /SpSp/home/login/getVerify.php
ERR: 非法操作:getVerify.php

[ 2016-08-26T21:45:03+08:00 ] ::1 /SpSp/home/login/getVerify.php
ERR: 非法操作:getVerify.php

[ 2016-08-26T21:45:04+08:00 ] ::1 /SpSp/home/login/getVerify.php
ERR: 非法操作:getVerify.php

[ 2016-08-26T21:45:12+08:00 ] ::1 /SpSp/home/login/getVerify.php
ERR: 非法操作:getVerify.php

[ 2016-08-26T21:48:35+08:00 ] ::1 /SpSp/home/login/getVerify.php
ERR: 非法操作:getVerify.php

[ 2016-08-26T21:48:35+08:00 ] ::1 /SpSp/home/login/getVerify.php
ERR: 非法操作:getVerify.php

[ 2016-08-26T21:54:47+08:00 ] ::1 /SpSp/home/login/getVerify.php
ERR: 非法操作:getVerify.php

[ 2016-08-26T21:54:47+08:00 ] ::1 /SpSp/home/login/getVerify.php
ERR: 非法操作:getVerify.php

[ 2016-08-26T21:54:56+08:00 ] ::1 /SpSp/home/login/getVerify.php
ERR: 非法操作:getVerify.php

[ 2016-08-26T21:54:56+08:00 ] ::1 /SpSp/home/login/getVerify.php
ERR: 非法操作:getVerify.php

[ 2016-08-26T21:55:23+08:00 ] ::1 /SpSp/home/login/getVerify.php
ERR: 非法操作:getVerify.php

[ 2016-08-26T21:55:23+08:00 ] ::1 /SpSp/home/login/getVerify.php
ERR: 非法操作:getVerify.php

[ 2016-08-26T21:58:00+08:00 ] ::1 /SpSp/home/login/getVerify.php
ERR: 非法操作:getVerify.php

[ 2016-08-26T21:58:01+08:00 ] ::1 /SpSp/home/login/getVerify.php
ERR: 非法操作:getVerify.php

[ 2016-08-26T21:58:29+08:00 ] ::1 /SpSp/home/login/getVerify.php
ERR: 非法操作:getVerify.php

[ 2016-08-26T21:58:29+08:00 ] ::1 /SpSp/home/login/getVerify.php
ERR: 非法操作:getVerify.php

[ 2016-08-26T22:05:29+08:00 ] ::1 /SpSp/index.php/Home/login/verify.html%7D
ERR: 非法操作:verify.html}

[ 2016-08-26T22:05:29+08:00 ] ::1 /SpSp/index.php/Home/login/verify.html%7D
ERR: 非法操作:verify.html}

[ 2016-08-26T22:05:47+08:00 ] ::1 /SpSp/index.php/Home/login/verify.html%7D
ERR: 非法操作:verify.html}

[ 2016-08-26T22:06:44+08:00 ] ::1 /SpSp/home/login/%7Bsh:U('login/verify')%7D%7D
ERR: 非法操作:{sh:U('login

[ 2016-08-26T22:06:53+08:00 ] ::1 /SpSp/home/login/%7Bsh:U('login/verify')%7D%7D
ERR: 非法操作:{sh:U('login

[ 2016-08-26T22:06:53+08:00 ] ::1 /SpSp/home/login/%7Bsh:U('login/verify')%7D%7D
ERR: 非法操作:{sh:U('login

[ 2016-08-26T22:07:07+08:00 ] ::1 /SpSp/home/login/%7Bsh:U('login/verify')%7D%7D
ERR: 非法操作:{sh:U('login

[ 2016-08-26T22:07:16+08:00 ] ::1 /SpSp/home/login/%7Bsh:U('login/verify')%7D%7D
ERR: 非法操作:{sh:U('login

[ 2016-08-26T22:07:18+08:00 ] ::1 /SpSp/home/login/%7Bsh:U('login/verify')%7D%7D
ERR: 非法操作:{sh:U('login

[ 2016-08-26T22:07:19+08:00 ] ::1 /SpSp/home/login/%7Bsh:U('login/verify')%7D%7D
ERR: 非法操作:{sh:U('login

[ 2016-08-26T22:07:23+08:00 ] ::1 /SpSp/home/login/%7Bsh:U('login/verify')%7D
ERR: 非法操作:{sh:U('login

[ 2016-08-26T22:07:23+08:00 ] ::1 /SpSp/home/login/%7Bsh:U('login/verify')%7D
ERR: 非法操作:{sh:U('login

[ 2016-08-26T22:08:02+08:00 ] ::1 /SpSp/home/login/%7Bsh::U('login/verify')%7D
ERR: 非法操作:{sh::U('login

[ 2016-08-26T22:09:32+08:00 ] ::1 /SpSp/home/login/%7Bsh::U('login/verify')%7D
ERR: 非法操作:{sh::U('login

[ 2016-08-26T22:09:34+08:00 ] ::1 /SpSp/home/login/%7Bsh::U('login/verify')%7D
ERR: 非法操作:{sh::U('login

[ 2016-08-26T22:09:34+08:00 ] ::1 /SpSp/home/login/%7Bsh::U('login/verify')%7D
ERR: 非法操作:{sh::U('login

[ 2016-08-26T22:09:34+08:00 ] ::1 /SpSp/home/login/%7Bsh::U('login/verify')%7D
ERR: 非法操作:{sh::U('login

[ 2016-08-26T22:09:34+08:00 ] ::1 /SpSp/home/login/%7Bsh::U('login/verify')%7D
ERR: 非法操作:{sh::U('login

[ 2016-08-26T22:09:34+08:00 ] ::1 /SpSp/home/login/%7Bsh::U('login/verify')%7D
ERR: 非法操作:{sh::U('login

[ 2016-08-26T22:09:35+08:00 ] ::1 /SpSp/home/login/%7Bsh::U('login/verify')%7D
ERR: 非法操作:{sh::U('login

[ 2016-08-26T22:09:35+08:00 ] ::1 /SpSp/home/login/%7Bsh::U('login/verify')%7D
ERR: 非法操作:{sh::U('login

[ 2016-08-26T22:09:37+08:00 ] ::1 /SpSp/home/login/%7Bsh::U('Home/Login/verify')%7D
ERR: 非法操作:{sh::U('Home

[ 2016-08-26T22:09:37+08:00 ] ::1 /SpSp/home/login/%7Bsh::U('Home/Login/verify')%7D
ERR: 非法操作:{sh::U('Home

[ 2016-08-26T22:14:14+08:00 ] ::1 /SpSp/index.php/Home/Login/verify.html
ERR: 1146:Table 'supershop.action' doesn't exist
 [ SQL语句 ] : SHOW COLUMNS FROM `action`

[ 2016-08-26T22:14:51+08:00 ] ::1 /SpSp/index.php/Home/Login/verify.html
ERR: 1146:Table 'supershop.action' doesn't exist
 [ SQL语句 ] : SHOW COLUMNS FROM `action`

