[ 2016-08-22T21:08:22+08:00 ] ::1 /SpSp/index.php/home/view/index.html
ERR: 无法加载控制器:View

[ 2016-08-22T21:13:34+08:00 ] ::1 /SpSp/index.php/home/view/index.html
ERR: 无法加载控制器:View

[ 2016-08-22T21:13:53+08:00 ] ::1 /SpSp/index.php/home/view/login/login.html
ERR: 无法加载控制器:View

[ 2016-08-22T21:17:03+08:00 ] ::1 /SpSp/index.php/home/view/login/login.html
ERR: 无法加载控制器:View

[ 2016-08-22T21:17:04+08:00 ] ::1 /SpSp/index.php/home/view/login/login.html
ERR: 无法加载控制器:View

[ 2016-08-22T21:17:04+08:00 ] ::1 /SpSp/index.php/home/view/login/login.html
ERR: 无法加载控制器:View

[ 2016-08-22T21:17:04+08:00 ] ::1 /SpSp/index.php/home/view/login/login.html
ERR: 无法加载控制器:View

[ 2016-08-22T21:17:04+08:00 ] ::1 /SpSp/index.php/home/view/login/login.html
ERR: 无法加载控制器:View

[ 2016-08-22T21:17:04+08:00 ] ::1 /SpSp/index.php/home/view/login/login.html
ERR: 无法加载控制器:View

[ 2016-08-22T21:17:05+08:00 ] ::1 /SpSp/index.php/home/view/login/login.html
ERR: 无法加载控制器:View

[ 2016-08-22T21:17:05+08:00 ] ::1 /SpSp/index.php/home/view/login/login.html
ERR: 无法加载控制器:View

[ 2016-08-22T21:17:05+08:00 ] ::1 /SpSp/index.php/home/view/login/login.html
ERR: 无法加载控制器:View

[ 2016-08-22T21:17:05+08:00 ] ::1 /SpSp/index.php/home/view/login/login.html
ERR: 无法加载控制器:View

[ 2016-08-22T21:17:06+08:00 ] ::1 /SpSp/index.php/home/view/login/login.html
ERR: 无法加载控制器:View

[ 2016-08-22T21:17:07+08:00 ] ::1 /SpSp/index.php/home/view/login/login.html
ERR: 无法加载控制器:View

[ 2016-08-22T21:17:07+08:00 ] ::1 /SpSp/index.php/home/view/login/login.html
ERR: 无法加载控制器:View

[ 2016-08-22T21:17:07+08:00 ] ::1 /SpSp/index.php/home/view/login/login.html
ERR: 无法加载控制器:View

[ 2016-08-22T21:17:07+08:00 ] ::1 /SpSp/index.php/home/view/login/login.html
ERR: 无法加载控制器:View

[ 2016-08-22T21:17:14+08:00 ] ::1 /SpSp/index.php/home/view/login/login.html
ERR: 无法加载控制器:View

[ 2016-08-22T21:17:15+08:00 ] ::1 /SpSp/index.php/home/view/login/login.html
ERR: 无法加载控制器:View

[ 2016-08-22T21:18:12+08:00 ] ::1 /SpSp/index.php
ERR: 无法加载控制器:Index

[ 2016-08-22T21:18:17+08:00 ] ::1 /SpSp/index.php
ERR: 无法加载控制器:Index

[ 2016-08-22T21:18:17+08:00 ] ::1 /SpSp/index.php
ERR: 无法加载控制器:Index

[ 2016-08-22T21:20:13+08:00 ] ::1 /SpSp/index.php
ERR: 无法加载控制器:Index

[ 2016-08-22T21:20:14+08:00 ] ::1 /SpSp/index.php
ERR: 无法加载控制器:Index

[ 2016-08-22T21:20:24+08:00 ] ::1 /SpSp/
ERR: 无法加载控制器:Index

[ 2016-08-22T21:20:27+08:00 ] ::1 /SpSp/
ERR: 无法加载控制器:Index

[ 2016-08-22T21:20:43+08:00 ] ::1 /SpSp/
ERR: 无法加载控制器:Index

[ 2016-08-22T21:20:43+08:00 ] ::1 /SpSp/
ERR: 无法加载控制器:Index

[ 2016-08-22T21:20:44+08:00 ] ::1 /SpSp/
ERR: 无法加载控制器:Index

[ 2016-08-22T21:20:45+08:00 ] ::1 /SpSp/
ERR: 无法加载控制器:Index

[ 2016-08-22T21:20:47+08:00 ] ::1 /SpSp/
ERR: 无法加载控制器:Index

[ 2016-08-22T21:20:48+08:00 ] ::1 /SpSp/
ERR: 无法加载控制器:Index

[ 2016-08-22T21:21:05+08:00 ] ::1 /SpSp/index.php/home/view/login/login.html
ERR: 无法加载控制器:View

[ 2016-08-22T21:22:42+08:00 ] ::1 /SpSp/index.php/home/view/login/login.html
ERR: 无法加载控制器:View

[ 2016-08-22T21:22:43+08:00 ] ::1 /SpSp/index.php/home/view/login/login.html
ERR: 无法加载控制器:View

[ 2016-08-22T21:22:43+08:00 ] ::1 /SpSp/index.php/home/view/login/login.html
ERR: 无法加载控制器:View

[ 2016-08-22T21:22:43+08:00 ] ::1 /SpSp/index.php/home/view/login/login.html
ERR: 无法加载控制器:View

[ 2016-08-22T21:22:43+08:00 ] ::1 /SpSp/index.php/home/view/login/login.html
ERR: 无法加载控制器:View

[ 2016-08-22T21:22:44+08:00 ] ::1 /SpSp/index.php/home/view/login/login.html
ERR: 无法加载控制器:View

[ 2016-08-22T21:22:44+08:00 ] ::1 /SpSp/index.php/home/view/login/login.html
ERR: 无法加载控制器:View

[ 2016-08-22T21:22:44+08:00 ] ::1 /SpSp/index.php/home/view/login/login.html
ERR: 无法加载控制器:View

[ 2016-08-22T21:22:44+08:00 ] ::1 /SpSp/index.php/home/view/login/login.html
ERR: 无法加载控制器:View

[ 2016-08-22T21:22:44+08:00 ] ::1 /SpSp/index.php/home/view/login/login.html
ERR: 无法加载控制器:View

[ 2016-08-22T21:22:45+08:00 ] ::1 /SpSp/index.php/home/view/login/login.html
ERR: 无法加载控制器:View

[ 2016-08-22T21:22:47+08:00 ] ::1 /SpSp/index.php/home/view
ERR: 无法加载控制器:View

[ 2016-08-22T21:22:49+08:00 ] ::1 /SpSp/index.php/home
ERR: 无法加载控制器:Index

[ 2016-08-22T21:22:51+08:00 ] ::1 /SpSp/index.php/home
ERR: 无法加载控制器:Index

[ 2016-08-22T21:22:52+08:00 ] ::1 /SpSp/index.php/home
ERR: 无法加载控制器:Index

[ 2016-08-22T21:22:57+08:00 ] ::1 /SpSp/index.php
ERR: 无法加载控制器:Index

[ 2016-08-22T21:22:59+08:00 ] ::1 /SpSp/
ERR: 无法加载控制器:Index

[ 2016-08-22T21:23:07+08:00 ] ::1 /SpSp/index.php/home/view/login/login.html
ERR: 无法加载控制器:View

[ 2016-08-22T21:23:29+08:00 ] ::1 /SpSp/index.php/home/view/login/login.html
ERR: 无法加载控制器:View

[ 2016-08-22T21:23:29+08:00 ] ::1 /SpSp/index.php/home/view/login/login.html
ERR: 无法加载控制器:View

[ 2016-08-22T21:23:29+08:00 ] ::1 /SpSp/index.php/home/view/login/login.html
ERR: 无法加载控制器:View

[ 2016-08-22T21:23:29+08:00 ] ::1 /SpSp/index.php/home/view/login/login.html
ERR: 无法加载控制器:View

[ 2016-08-22T21:23:30+08:00 ] ::1 /SpSp/index.php/home/view/login/login.html
ERR: 无法加载控制器:View

[ 2016-08-22T21:23:30+08:00 ] ::1 /SpSp/index.php/home/view/login/login.html
ERR: 无法加载控制器:View

[ 2016-08-22T21:27:48+08:00 ] ::1 /SpSp/index.php/Home/login/style/reset.css
ERR: 非法操作:style

[ 2016-08-22T21:27:48+08:00 ] ::1 /SpSp/index.php/Home/login/style/main.css
ERR: 非法操作:style

[ 2016-08-22T21:35:42+08:00 ] ::1 /SpSp/index.php/Home/login/style/reset.css
ERR: 非法操作:style

[ 2016-08-22T21:35:42+08:00 ] ::1 /SpSp/index.php/Home/login/style/main.css
ERR: 非法操作:style

[ 2016-08-22T21:35:42+08:00 ] ::1 /SpSp/index.php/Home/login/style/main.css
ERR: 非法操作:style

[ 2016-08-22T21:35:42+08:00 ] ::1 /SpSp/index.php/Home/login/style/reset.css
ERR: 非法操作:style

[ 2016-08-22T21:35:43+08:00 ] ::1 /SpSp/index.php/Home/login/style/main.css
ERR: 非法操作:style

[ 2016-08-22T21:35:43+08:00 ] ::1 /SpSp/index.php/Home/login/style/reset.css
ERR: 非法操作:style

[ 2016-08-22T21:36:10+08:00 ] ::1 /SpSp/index.php/Home/view/index.html
ERR: 无法加载控制器:View

[ 2016-08-22T21:36:15+08:00 ] ::1 /SpSp/index.php/Home/view/index.html
ERR: 无法加载控制器:View

[ 2016-08-22T21:37:25+08:00 ] ::1 /SpSp/index.php/Home/view/index.html
ERR: 无法加载控制器:View

[ 2016-08-22T21:37:26+08:00 ] ::1 /SpSp/index.php/Home/view/index.html
ERR: 无法加载控制器:View

[ 2016-08-22T21:37:26+08:00 ] ::1 /SpSp/index.php/Home/view/index.html
ERR: 无法加载控制器:View

[ 2016-08-22T21:37:26+08:00 ] ::1 /SpSp/index.php/Home/view/index.html
ERR: 无法加载控制器:View

[ 2016-08-22T21:37:28+08:00 ] ::1 /SpSp/index.php/Home/view/index.html
ERR: 无法加载控制器:View

[ 2016-08-22T21:37:28+08:00 ] ::1 /SpSp/index.php/Home/view/index.html
ERR: 无法加载控制器:View

[ 2016-08-22T21:37:29+08:00 ] ::1 /SpSp/index.php/Home/view/index.html
ERR: 无法加载控制器:View

[ 2016-08-22T21:39:51+08:00 ] ::1 /SpSp/index.php/Home/login/index.html
ERR: 模板不存在:./Application/Home/View/Login/index.html

[ 2016-08-22T21:40:41+08:00 ] ::1 /SpSp/index.php/Home/login/index.html
ERR: 模板不存在:./Application/Home/View/Login/index.html

[ 2016-08-22T21:40:41+08:00 ] ::1 /SpSp/index.php/Home/login/index.html
ERR: 模板不存在:./Application/Home/View/Login/index.html

[ 2016-08-22T21:40:44+08:00 ] ::1 /SpSp/index.php/Home/login
ERR: 模板不存在:./Application/Home/View/Login/index.html

[ 2016-08-22T21:40:50+08:00 ] ::1 /SpSp/index.php/Home/login/style/reset.css
ERR: 非法操作:style

[ 2016-08-22T21:40:50+08:00 ] ::1 /SpSp/index.php/Home/login/style/main.css
ERR: 非法操作:style

[ 2016-08-22T21:42:47+08:00 ] ::1 /SpSp/index.php/Home/login/style/reset.css
ERR: 非法操作:style

[ 2016-08-22T21:42:47+08:00 ] ::1 /SpSp/index.php/Home/login/style/main.css
ERR: 非法操作:style

[ 2016-08-22T21:42:48+08:00 ] ::1 /SpSp/index.php/Home/login/style/main.css
ERR: 非法操作:style

[ 2016-08-22T21:42:48+08:00 ] ::1 /SpSp/index.php/Home/login/style/reset.css
ERR: 非法操作:style

[ 2016-08-22T21:43:42+08:00 ] ::1 /SpSp/index.php/Home/login/style/reset.css
ERR: 非法操作:style

[ 2016-08-22T21:43:42+08:00 ] ::1 /SpSp/index.php/Home/login/style/main.css
ERR: 非法操作:style

[ 2016-08-22T21:44:05+08:00 ] ::1 /SpSp/index.php/Home
ERR: 模板不存在:./Application/Home/View/Index/index.html

[ 2016-08-22T22:39:43+08:00 ] ::1 /SpSp/index.php/Home/login/login.html
ERR: 无法加载控制器:Login

[ 2016-08-22T22:39:54+08:00 ] ::1 /SpSp/index.php/Home/login/style/reset.css
ERR: 非法操作:style

[ 2016-08-22T22:39:54+08:00 ] ::1 /SpSp/index.php/Home/login/style/main.css
ERR: 非法操作:style

[ 2016-08-22T22:40:04+08:00 ] ::1 /SpSp/index.php/Home/login/login.html
ERR: 无法加载控制器:Login

[ 2016-08-22T23:06:06+08:00 ] ::1 /SpSp/index.php/Home/login/style/reset.css
ERR: 非法操作:style

[ 2016-08-22T23:06:06+08:00 ] ::1 /SpSp/index.php/Home/login/style/main.css
ERR: 非法操作:style

[ 2016-08-22T23:12:08+08:00 ] ::1 /SpSp/index.php/Home/login/style/reset.css
ERR: 非法操作:style

[ 2016-08-22T23:12:08+08:00 ] ::1 /SpSp/index.php/Home/login/style/main.css
ERR: 非法操作:style

[ 2016-08-22T23:12:13+08:00 ] ::1 /SpSp/index.php/Home/login/style/reset.css
ERR: 非法操作:style

[ 2016-08-22T23:12:13+08:00 ] ::1 /SpSp/index.php/Home/login/style/main.css
ERR: 非法操作:style

[ 2016-08-22T23:12:37+08:00 ] ::1 /SpSp/index.php/Home/login/style/reset.css
ERR: 非法操作:style

[ 2016-08-22T23:12:37+08:00 ] ::1 /SpSp/index.php/Home/login/style/main.css
ERR: 非法操作:style

[ 2016-08-22T23:12:42+08:00 ] ::1 /SpSp/index.php/Home/login/style/reset.css
ERR: 非法操作:style

[ 2016-08-22T23:12:42+08:00 ] ::1 /SpSp/index.php/Home/login/style/main.css
ERR: 非法操作:style

[ 2016-08-22T23:15:32+08:00 ] ::1 /SpSp/index.php/Home/login/style/reset.css
ERR: 非法操作:style

[ 2016-08-22T23:15:35+08:00 ] ::1 /SpSp/index.php/Home/login/style/main.css
ERR: 非法操作:style

[ 2016-08-22T23:16:28+08:00 ] ::1 /SpSp/index.php/Home/login/style/main.css
ERR: 非法操作:style

[ 2016-08-22T23:16:28+08:00 ] ::1 /SpSp/index.php/Home/login/style/reset.css
ERR: 非法操作:style

[ 2016-08-22T23:16:32+08:00 ] ::1 /SpSp/index.php/Home/login/style/reset.css
ERR: 非法操作:style

[ 2016-08-22T23:16:32+08:00 ] ::1 /SpSp/index.php/Home/login/style/main.css
ERR: 非法操作:style

[ 2016-08-22T23:43:31+08:00 ] ::1 /SpSp/home/css/reset.css
ERR: 无法加载控制器:Css

[ 2016-08-22T23:43:31+08:00 ] ::1 /SpSp/home/css/main.css
ERR: 无法加载控制器:Css

[ 2016-08-22T23:43:33+08:00 ] ::1 /SpSp/home/css/main.css
ERR: 无法加载控制器:Css

[ 2016-08-22T23:43:33+08:00 ] ::1 /SpSp/home/css/reset.css
ERR: 无法加载控制器:Css

[ 2016-08-22T23:44:11+08:00 ] ::1 /SpSp/index.php/Home/login/style/reset.css
ERR: 非法操作:style

[ 2016-08-22T23:48:36+08:00 ] ::1 /SpSp/
ERR: 1146:Table 'abc.admin' doesn't exist
 [ SQL语句 ] : SHOW COLUMNS FROM `admin`

