[ 2016-08-24T11:14:34+08:00 ] ::1 /SpSp/index.php/Home/Register/regidter
ERR: 非法操作:regidter

[ 2016-08-24T11:14:49+08:00 ] ::1 /SpSp/index.php/Home/Register/regidter
ERR: 非法操作:regidter

[ 2016-08-24T13:08:36+08:00 ] ::1 /SpSp/index.php/Home/register/index.html
ERR: Think\Model:register方法不存在！

[ 2016-08-24T13:09:56+08:00 ] ::1 /SpSp/index.php/Home/register/index.html
ERR: 1146:Table 'supershop.user' doesn't exist
 [ SQL语句 ] : SHOW COLUMNS FROM `user`

[ 2016-08-24T13:13:20+08:00 ] ::1 /SpSp/index.php/Home/register/index.html
ERR: 1146:Table 'supershop.users' doesn't exist
 [ SQL语句 ] : SHOW COLUMNS FROM `users`

[ 2016-08-24T13:19:01+08:00 ] ::1 /SpSp/index.php/Home/register/index.html
ERR: 1062:Duplicate entry '' for key 'username'
 [ SQL语句 ] : INSERT INTO `user` (`username`,`password`,`jointime`) VALUES ('','06ed2749e9309e77ee71f69a5de77151','2016')

[ 2016-08-24T13:23:38+08:00 ] ::1 /SpSp/index.php/Home/Login/
ERR: 非法操作:index

[ 2016-08-24T13:24:03+08:00 ] ::1 /SpSp/index.php/Home/Login/
ERR: 非法操作:index

[ 2016-08-24T13:24:06+08:00 ] ::1 /SpSp/index.php/Home/Login/
ERR: 非法操作:index

[ 2016-08-24T14:45:22+08:00 ] ::1 /SpSp/index.php/Home/Login/
ERR: 非法操作:index

[ 2016-08-24T14:45:23+08:00 ] ::1 /SpSp/index.php/Home/Login/
ERR: 非法操作:index

[ 2016-08-24T16:14:44+08:00 ] ::1 /SpSp/index.php/Home/login/index.html
ERR: 1146:Table 'supershop.users' doesn't exist
 [ SQL语句 ] : SHOW COLUMNS FROM `users`

[ 2016-08-24T16:17:13+08:00 ] ::1 /SpSp/index.php/Home/login/index.html
ERR: 1146:Table 'supershop.users' doesn't exist
 [ SQL语句 ] : SHOW COLUMNS FROM `users`

[ 2016-08-24T16:26:56+08:00 ] ::1 /SpSp/index.php/Home/login/index.html
ERR: 模板不存在:./Application/Home/View/../index/.html

[ 2016-08-24T16:27:13+08:00 ] ::1 /SpSp/index.php/Home/login/index.html
ERR: 模板不存在:./Application/Home/View/index/.html

[ 2016-08-24T16:28:06+08:00 ] ::1 /SpSp/index.php/Home/login/style/reset.css
ERR: 非法操作:style

[ 2016-08-24T16:28:06+08:00 ] ::1 /SpSp/index.php/Home/login/style/main.css
ERR: 非法操作:style

[ 2016-08-24T16:28:39+08:00 ] ::1 /SpSp/Home/login/style/main.css
ERR: 非法操作:style

[ 2016-08-24T16:28:39+08:00 ] ::1 /SpSp/Home/login/style/reset.css
ERR: 非法操作:style

[ 2016-08-24T16:30:49+08:00 ] ::1 /SpSp/Home/login/style/reset.css
ERR: 非法操作:style

[ 2016-08-24T16:30:49+08:00 ] ::1 /SpSp/Home/login/style/main.css
ERR: 非法操作:style

[ 2016-08-24T16:30:57+08:00 ] ::1 /SpSp/Home/login/style/reset.css
ERR: 非法操作:style

[ 2016-08-24T16:30:57+08:00 ] ::1 /SpSp/Home/login/style/main.css
ERR: 非法操作:style

