[ 2016-08-23T18:46:02+08:00 ] ::1 /SpSp/index.php/home/login
ERR: 模板不存在:./Application/Home/View/Login/index.html

[ 2016-08-23T18:48:40+08:00 ] ::1 /SpSp/index.php/home/login
ERR: 非法操作:index

[ 2016-08-23T18:48:48+08:00 ] ::1 /SpSp/index.php/home/login/css/index.css
ERR: 非法操作:css

[ 2016-08-23T18:48:48+08:00 ] ::1 /SpSp/index.php/home/login/js/jquery-1.9.1.min.js
ERR: 非法操作:js

[ 2016-08-23T18:48:48+08:00 ] ::1 /SpSp/index.php/home/login/js/index.js
ERR: 非法操作:js

[ 2016-08-23T19:01:56+08:00 ] ::1 /SpSp/index.php/home/login/css/index.css
ERR: 非法操作:css

[ 2016-08-23T19:01:56+08:00 ] ::1 /SpSp/index.php/home/login/js/index.js
ERR: 非法操作:js

[ 2016-08-23T19:01:56+08:00 ] ::1 /SpSp/index.php/home/login/js/jquery-1.9.1.min.js
ERR: 非法操作:js

[ 2016-08-23T19:01:56+08:00 ] ::1 /SpSp/index.php/home/login/js/index.js
ERR: 非法操作:js

[ 2016-08-23T19:01:58+08:00 ] ::1 /SpSp/index.php/home/login/css/index.css
ERR: 非法操作:css

[ 2016-08-23T19:01:58+08:00 ] ::1 /SpSp/index.php/home/login/js/jquery-1.9.1.min.js
ERR: 非法操作:js

[ 2016-08-23T19:01:58+08:00 ] ::1 /SpSp/index.php/home/login/js/index.js
ERR: 非法操作:js

[ 2016-08-23T19:01:59+08:00 ] ::1 /SpSp/index.php/home/login/js/jquery-1.9.1.min.js
ERR: 非法操作:js

[ 2016-08-23T19:01:59+08:00 ] ::1 /SpSp/index.php/home/login/css/index.css
ERR: 非法操作:css

[ 2016-08-23T19:01:59+08:00 ] ::1 /SpSp/index.php/home/login/js/index.js
ERR: 非法操作:js

[ 2016-08-23T19:01:59+08:00 ] ::1 /SpSp/index.php/home/login/js/index.js
ERR: 非法操作:js

[ 2016-08-23T19:01:59+08:00 ] ::1 /SpSp/index.php/home/login/js/jquery-1.9.1.min.js
ERR: 非法操作:js

[ 2016-08-23T19:01:59+08:00 ] ::1 /SpSp/index.php/home/login/css/index.css
ERR: 非法操作:css

[ 2016-08-23T19:01:59+08:00 ] ::1 /SpSp/index.php/home/login/js/index.js
ERR: 非法操作:js

[ 2016-08-23T19:02:02+08:00 ] ::1 /SpSp/index.php/home/login/js/jquery-1.9.1.min.js
ERR: 非法操作:js

[ 2016-08-23T19:02:02+08:00 ] ::1 /SpSp/index.php/home/login/css/index.css
ERR: 非法操作:css

[ 2016-08-23T19:02:02+08:00 ] ::1 /SpSp/index.php/home/login/js/index.js
ERR: 非法操作:js

[ 2016-08-23T20:59:37+08:00 ] ::1 /SpSp/index.php/Home/register/index.php
ERR: 非法操作:index.php

[ 2016-08-23T20:59:44+08:00 ] ::1 /SpSp/index.php/Home/register/index.php
ERR: 非法操作:index.php

[ 2016-08-23T20:59:57+08:00 ] ::1 /SpSp/index.php/Home/register/index.php
ERR: 非法操作:index.php

[ 2016-08-23T21:00:04+08:00 ] ::1 /SpSp/index.php/Home/register/index.php
ERR: 非法操作:index.php

[ 2016-08-23T21:00:20+08:00 ] ::1 /SpSp/index.php/Home/register/index.php
ERR: 非法操作:index.php

[ 2016-08-23T21:00:29+08:00 ] ::1 /SpSp/index.php/Home/register/index.php
ERR: 非法操作:index.php

[ 2016-08-23T21:00:33+08:00 ] ::1 /SpSp/index.php/Home/register/index.php
ERR: 非法操作:index.php

[ 2016-08-23T21:03:15+08:00 ] ::1 /SpSp/index.php/Home/register/controller=register&model=register
ERR: 非法操作:controller=register&model=register

[ 2016-08-23T21:03:27+08:00 ] ::1 /SpSp/index.php/Home/register/controller=register&model=register
ERR: 非法操作:controller=register&model=register

