[ 2016-08-22T20:32:40+08:00 ] ::1 /SpSp/login.html
ERR: 无法加载模块:Login

[ 2016-08-22T20:33:07+08:00 ] ::1 /SpSp/login.html
ERR: 无法加载模块:Login

[ 2016-08-22T20:33:08+08:00 ] ::1 /SpSp/login.html
ERR: 无法加载模块:Login

[ 2016-08-22T20:33:08+08:00 ] ::1 /SpSp/login.html
ERR: 无法加载模块:Login

[ 2016-08-22T20:33:08+08:00 ] ::1 /SpSp/login.html
ERR: 无法加载模块:Login

[ 2016-08-22T20:33:08+08:00 ] ::1 /SpSp/login.html
ERR: 无法加载模块:Login

[ 2016-08-22T20:33:08+08:00 ] ::1 /SpSp/login.html
ERR: 无法加载模块:Login

[ 2016-08-22T20:34:39+08:00 ] ::1 /SpSp/login.html
ERR: 无法加载模块:Login

[ 2016-08-22T20:34:40+08:00 ] ::1 /SpSp/login.html
ERR: 无法加载模块:Login

[ 2016-08-22T20:34:40+08:00 ] ::1 /SpSp/login.html
ERR: 无法加载模块:Login

[ 2016-08-22T20:34:40+08:00 ] ::1 /SpSp/login.html
ERR: 无法加载模块:Login

[ 2016-08-22T20:34:40+08:00 ] ::1 /SpSp/login.html
ERR: 无法加载模块:Login

[ 2016-08-22T20:34:41+08:00 ] ::1 /SpSp/login.html
ERR: 无法加载模块:Login

[ 2016-08-22T20:34:41+08:00 ] ::1 /SpSp/login.html
ERR: 无法加载模块:Login

[ 2016-08-22T20:34:41+08:00 ] ::1 /SpSp/login.html
ERR: 无法加载模块:Login

[ 2016-08-22T20:34:42+08:00 ] ::1 /SpSp/login.html
ERR: 无法加载模块:Login

[ 2016-08-22T20:34:42+08:00 ] ::1 /SpSp/login.html
ERR: 无法加载模块:Login

[ 2016-08-22T20:34:42+08:00 ] ::1 /SpSp/login.html
ERR: 无法加载模块:Login

[ 2016-08-22T20:36:48+08:00 ] ::1 /SpSp/login.html
ERR: 无法加载模块:Login

[ 2016-08-22T20:36:48+08:00 ] ::1 /SpSp/login.html
ERR: 无法加载模块:Login

[ 2016-08-22T20:36:49+08:00 ] ::1 /SpSp/login.html
ERR: 无法加载模块:Login

[ 2016-08-22T20:36:49+08:00 ] ::1 /SpSp/login.html
ERR: 无法加载模块:Login

[ 2016-08-22T20:36:49+08:00 ] ::1 /SpSp/login.html
ERR: 无法加载模块:Login

[ 2016-08-22T20:36:49+08:00 ] ::1 /SpSp/login.html
ERR: 无法加载模块:Login

[ 2016-08-22T20:36:49+08:00 ] ::1 /SpSp/login.html
ERR: 无法加载模块:Login

[ 2016-08-22T20:36:50+08:00 ] ::1 /SpSp/login.html
ERR: 无法加载模块:Login

[ 2016-08-22T20:36:50+08:00 ] ::1 /SpSp/login.html
ERR: 无法加载模块:Login

[ 2016-08-22T20:36:51+08:00 ] ::1 /SpSp/login.html
ERR: 无法加载模块:Login

[ 2016-08-22T20:37:40+08:00 ] ::1 /SpSp/login.html
ERR: 无法加载模块:Login

[ 2016-08-22T20:37:41+08:00 ] ::1 /SpSp/login.html
ERR: 无法加载模块:Login

[ 2016-08-22T20:37:41+08:00 ] ::1 /SpSp/login.html
ERR: 无法加载模块:Login

[ 2016-08-22T20:37:41+08:00 ] ::1 /SpSp/login.html
ERR: 无法加载模块:Login

[ 2016-08-22T20:37:41+08:00 ] ::1 /SpSp/login.html
ERR: 无法加载模块:Login

[ 2016-08-22T20:37:42+08:00 ] ::1 /SpSp/login.html
ERR: 无法加载模块:Login

[ 2016-08-22T20:37:42+08:00 ] ::1 /SpSp/login.html
ERR: 无法加载模块:Login

[ 2016-08-22T20:37:42+08:00 ] ::1 /SpSp/login.html
ERR: 无法加载模块:Login

[ 2016-08-22T20:39:01+08:00 ] ::1 /SpSp/login.html
ERR: 无法加载模块:Login

[ 2016-08-22T20:39:02+08:00 ] ::1 /SpSp/login.html
ERR: 无法加载模块:Login

[ 2016-08-22T20:39:02+08:00 ] ::1 /SpSp/login.html
ERR: 无法加载模块:Login

[ 2016-08-22T20:39:02+08:00 ] ::1 /SpSp/login.html
ERR: 无法加载模块:Login

[ 2016-08-22T20:39:02+08:00 ] ::1 /SpSp/login.html
ERR: 无法加载模块:Login

[ 2016-08-22T20:39:02+08:00 ] ::1 /SpSp/login.html
ERR: 无法加载模块:Login

[ 2016-08-22T20:39:02+08:00 ] ::1 /SpSp/login.html
ERR: 无法加载模块:Login

[ 2016-08-22T20:39:03+08:00 ] ::1 /SpSp/login.html
ERR: 无法加载模块:Login

[ 2016-08-22T20:39:03+08:00 ] ::1 /SpSp/login.html
ERR: 无法加载模块:Login

[ 2016-08-22T20:39:03+08:00 ] ::1 /SpSp/login.html
ERR: 无法加载模块:Login

[ 2016-08-22T20:39:03+08:00 ] ::1 /SpSp/login.html
ERR: 无法加载模块:Login

[ 2016-08-22T20:39:04+08:00 ] ::1 /SpSp/login.html
ERR: 无法加载模块:Login

[ 2016-08-22T20:39:38+08:00 ] ::1 /SpSp/login.html
ERR: 无法加载模块:Login

[ 2016-08-22T20:39:40+08:00 ] ::1 /SpSp/login.html
ERR: 无法加载模块:Login

[ 2016-08-22T20:43:29+08:00 ] ::1 /SpSp/login.html
ERR: 无法加载模块:Login

[ 2016-08-22T20:43:29+08:00 ] ::1 /SpSp/login.html
ERR: 无法加载模块:Login

[ 2016-08-22T20:43:30+08:00 ] ::1 /SpSp/login.html
ERR: 无法加载模块:Login

[ 2016-08-22T20:43:30+08:00 ] ::1 /SpSp/login.html
ERR: 无法加载模块:Login

[ 2016-08-22T20:43:31+08:00 ] ::1 /SpSp/login.html
ERR: 无法加载模块:Login

[ 2016-08-22T20:45:13+08:00 ] ::1 /SpSp/login.html
ERR: 无法加载模块:Login

[ 2016-08-22T20:45:13+08:00 ] ::1 /SpSp/login.html
ERR: 无法加载模块:Login

[ 2016-08-22T20:45:13+08:00 ] ::1 /SpSp/login.html
ERR: 无法加载模块:Login

[ 2016-08-22T20:45:14+08:00 ] ::1 /SpSp/login.html
ERR: 无法加载模块:Login

[ 2016-08-22T20:45:14+08:00 ] ::1 /SpSp/login.html
ERR: 无法加载模块:Login

[ 2016-08-22T20:45:14+08:00 ] ::1 /SpSp/login.html
ERR: 无法加载模块:Login

[ 2016-08-22T20:45:14+08:00 ] ::1 /SpSp/login.html
ERR: 无法加载模块:Login

[ 2016-08-22T20:45:14+08:00 ] ::1 /SpSp/login.html
ERR: 无法加载模块:Login

[ 2016-08-22T20:45:14+08:00 ] ::1 /SpSp/login.html
ERR: 无法加载模块:Login

[ 2016-08-22T20:45:15+08:00 ] ::1 /SpSp/login.html
ERR: 无法加载模块:Login

[ 2016-08-22T20:45:30+08:00 ] ::1 /SpSp/login.html
ERR: 无法加载模块:Login

[ 2016-08-22T20:45:30+08:00 ] ::1 /SpSp/login.html
ERR: 无法加载模块:Login

[ 2016-08-22T20:45:31+08:00 ] ::1 /SpSp/login.html
ERR: 无法加载模块:Login

[ 2016-08-22T20:45:31+08:00 ] ::1 /SpSp/login.html
ERR: 无法加载模块:Login

[ 2016-08-22T20:45:31+08:00 ] ::1 /SpSp/login.html
ERR: 无法加载模块:Login

[ 2016-08-22T20:45:31+08:00 ] ::1 /SpSp/login.html
ERR: 无法加载模块:Login

[ 2016-08-22T20:45:31+08:00 ] ::1 /SpSp/login.html
ERR: 无法加载模块:Login

[ 2016-08-22T20:45:32+08:00 ] ::1 /SpSp/login.html
ERR: 无法加载模块:Login

[ 2016-08-22T20:45:32+08:00 ] ::1 /SpSp/login.html
ERR: 无法加载模块:Login

[ 2016-08-22T20:45:32+08:00 ] ::1 /SpSp/login.html
ERR: 无法加载模块:Login

[ 2016-08-22T20:45:35+08:00 ] ::1 /SpSp/login.html
ERR: 无法加载模块:Login

[ 2016-08-22T21:23:34+08:00 ] ::1 /SpSp/index.php/view/login/login.html
ERR: 无法加载模块:View

[ 2016-08-22T21:26:05+08:00 ] ::1 /SpSp/index.php/view/login/login.html
ERR: 无法加载模块:View

[ 2016-08-22T21:26:05+08:00 ] ::1 /SpSp/index.php/view/login/login.html
ERR: 无法加载模块:View

[ 2016-08-22T21:26:05+08:00 ] ::1 /SpSp/index.php/view/login/login.html
ERR: 无法加载模块:View

[ 2016-08-22T21:26:05+08:00 ] ::1 /SpSp/index.php/view/login/login.html
ERR: 无法加载模块:View

[ 2016-08-22T21:26:06+08:00 ] ::1 /SpSp/index.php/view/login/login.html
ERR: 无法加载模块:View

[ 2016-08-22T21:26:06+08:00 ] ::1 /SpSp/index.php/view/login/login.html
ERR: 无法加载模块:View

[ 2016-08-22T21:26:06+08:00 ] ::1 /SpSp/index.php/view/login/login.html
ERR: 无法加载模块:View

[ 2016-08-22T21:26:09+08:00 ] ::1 /SpSp/index.php/View/login/login.html
ERR: 无法加载模块:View

[ 2016-08-22T21:27:41+08:00 ] ::1 /SpSp/index.php/View/login/login.html
ERR: 无法加载模块:View

[ 2016-08-22T21:27:41+08:00 ] ::1 /SpSp/index.php/View/login/login.html
ERR: 无法加载模块:View

[ 2016-08-22T21:27:41+08:00 ] ::1 /SpSp/index.php/View/login/login.html
ERR: 无法加载模块:View

[ 2016-08-22T21:27:42+08:00 ] ::1 /SpSp/index.php/View/login/login.html
ERR: 无法加载模块:View

[ 2016-08-22T21:27:42+08:00 ] ::1 /SpSp/index.php/View/login/login.html
ERR: 无法加载模块:View

[ 2016-08-22T21:27:42+08:00 ] ::1 /SpSp/index.php/View/login/login.html
ERR: 无法加载模块:View

[ 2016-08-22T21:27:42+08:00 ] ::1 /SpSp/index.php/View/login/login.html
ERR: 无法加载模块:View

[ 2016-08-22T21:27:42+08:00 ] ::1 /SpSp/index.php/View/login/login.html
ERR: 无法加载模块:View

[ 2016-08-22T21:27:42+08:00 ] ::1 /SpSp/index.php/View/login/login.html
ERR: 无法加载模块:View

[ 2016-08-22T21:37:34+08:00 ] ::1 /SpSp/index.php/login/index
ERR: 无法加载模块:Login

[ 2016-08-22T21:39:40+08:00 ] ::1 /SpSp/index.php/login/index
ERR: 无法加载模块:Login

[ 2016-08-22T21:39:41+08:00 ] ::1 /SpSp/index.php/login/index
ERR: 无法加载模块:Login

[ 2016-08-22T21:39:41+08:00 ] ::1 /SpSp/index.php/login/index
ERR: 无法加载模块:Login

[ 2016-08-22T21:39:41+08:00 ] ::1 /SpSp/index.php/login/index
ERR: 无法加载模块:Login

[ 2016-08-22T21:39:41+08:00 ] ::1 /SpSp/index.php/login/index
ERR: 无法加载模块:Login

[ 2016-08-22T21:39:41+08:00 ] ::1 /SpSp/index.php/login/index
ERR: 无法加载模块:Login

[ 2016-08-22T21:39:42+08:00 ] ::1 /SpSp/index.php/login/index
ERR: 无法加载模块:Login

[ 2016-08-22T21:39:42+08:00 ] ::1 /SpSp/index.php/login/index
ERR: 无法加载模块:Login

[ 2016-08-22T21:39:42+08:00 ] ::1 /SpSp/index.php/login/index
ERR: 无法加载模块:Login

[ 2016-08-22T21:39:43+08:00 ] ::1 /SpSp/index.php/login/index
ERR: 无法加载模块:Login

[ 2016-08-22T21:39:43+08:00 ] ::1 /SpSp/index.php/login/index
ERR: 无法加载模块:Login

[ 2016-08-22T21:39:43+08:00 ] ::1 /SpSp/index.php/login/index
ERR: 无法加载模块:Login

[ 2016-08-22T21:39:43+08:00 ] ::1 /SpSp/index.php/login/index
ERR: 无法加载模块:Login

[ 2016-08-22T21:42:51+08:00 ] ::1 /SpSp/index.php/style/reset.css
ERR: 无法加载模块:Style

[ 2016-08-22T21:42:51+08:00 ] ::1 /SpSp/index.php/style/main.css
ERR: 无法加载模块:Style

[ 2016-08-22T21:42:51+08:00 ] ::1 /SpSp/index.php/images/webLogo.jpg
ERR: 无法加载模块:Images

[ 2016-08-22T21:42:51+08:00 ] ::1 /SpSp/index.php/images/des_sm.jpg
ERR: 无法加载模块:Images

[ 2016-08-22T21:42:51+08:00 ] ::1 /SpSp/index.php/images/logo.jpg
ERR: 无法加载模块:Images

[ 2016-08-22T21:42:54+08:00 ] ::1 /SpSp/index.php/style/reset.css
ERR: 无法加载模块:Style

[ 2016-08-22T21:42:54+08:00 ] ::1 /SpSp/index.php/style/main.css
ERR: 无法加载模块:Style

[ 2016-08-22T21:42:54+08:00 ] ::1 /SpSp/index.php/images/webLogo.jpg
ERR: 无法加载模块:Images

[ 2016-08-22T21:42:54+08:00 ] ::1 /SpSp/index.php/images/logo.jpg
ERR: 无法加载模块:Images

[ 2016-08-22T21:42:54+08:00 ] ::1 /SpSp/index.php/images/des_sm.jpg
ERR: 无法加载模块:Images

[ 2016-08-22T21:43:07+08:00 ] ::1 /SpSp/index.php/style/reset.css
ERR: 无法加载模块:Style

[ 2016-08-22T21:43:07+08:00 ] ::1 /SpSp/index.php/style/main.css
ERR: 无法加载模块:Style

[ 2016-08-22T21:43:07+08:00 ] ::1 /SpSp/index.php/images/shopImg.jpg
ERR: 无法加载模块:Images

[ 2016-08-22T21:43:07+08:00 ] ::1 /SpSp/index.php/images/banner/banner_sm_01.jpg
ERR: 无法加载模块:Images

[ 2016-08-22T21:43:07+08:00 ] ::1 /SpSp/index.php/images/logo.jpg
ERR: 无法加载模块:Images

[ 2016-08-22T21:43:07+08:00 ] ::1 /SpSp/index.php/images/banner/banner_01.jpg
ERR: 无法加载模块:Images

[ 2016-08-22T21:43:07+08:00 ] ::1 /SpSp/index.php/images/banner/banner_02.jpg
ERR: 无法加载模块:Images

[ 2016-08-22T21:43:07+08:00 ] ::1 /SpSp/index.php/images/banner/banner_sm_02.jpg
ERR: 无法加载模块:Images

[ 2016-08-22T21:43:07+08:00 ] ::1 /SpSp/index.php/images/webLogo.jpg
ERR: 无法加载模块:Images

[ 2016-08-22T21:47:41+08:00 ] ::1 /SpSp/index.php/index/index
ERR: 无法加载模块:Index

[ 2016-08-22T21:50:37+08:00 ] ::1 /SpSp/index.php/index/index
ERR: 无法加载模块:Index

[ 2016-08-22T21:50:38+08:00 ] ::1 /SpSp/index.php/index/index
ERR: 无法加载模块:Index

[ 2016-08-22T21:50:38+08:00 ] ::1 /SpSp/index.php/index/index
ERR: 无法加载模块:Index

[ 2016-08-22T21:50:38+08:00 ] ::1 /SpSp/index.php/index/index
ERR: 无法加载模块:Index

[ 2016-08-22T21:50:39+08:00 ] ::1 /SpSp/index.php/index/index
ERR: 无法加载模块:Index

[ 2016-08-22T21:50:39+08:00 ] ::1 /SpSp/index.php/index/index
ERR: 无法加载模块:Index

[ 2016-08-22T21:50:39+08:00 ] ::1 /SpSp/index.php/index/index
ERR: 无法加载模块:Index

[ 2016-08-22T21:50:39+08:00 ] ::1 /SpSp/index.php/index/index
ERR: 无法加载模块:Index

[ 2016-08-22T21:50:39+08:00 ] ::1 /SpSp/index.php/index/index
ERR: 无法加载模块:Index

[ 2016-08-22T21:50:40+08:00 ] ::1 /SpSp/index.php/index/index
ERR: 无法加载模块:Index

[ 2016-08-22T21:50:45+08:00 ] ::1 /SpSp/user/index
ERR: 无法加载模块:User

[ 2016-08-22T22:03:09+08:00 ] ::1 /SpSp/user/index
ERR: 无法加载模块:User

[ 2016-08-22T22:03:31+08:00 ] ::1 /SpSp/user/index
ERR: 无法加载模块:User

[ 2016-08-22T22:31:44+08:00 ] ::1 /SpSp/user/index
ERR: 无法加载模块:User

[ 2016-08-22T22:31:50+08:00 ] ::1 /SpSp/style/reset.css
ERR: 无法加载模块:Style

[ 2016-08-22T22:31:50+08:00 ] ::1 /SpSp/style/main.css
ERR: 无法加载模块:Style

[ 2016-08-22T22:31:50+08:00 ] ::1 /SpSp/images/logo.jpg
ERR: 无法加载模块:Images

[ 2016-08-22T22:31:50+08:00 ] ::1 /SpSp/images/banner/banner_01.jpg
ERR: 无法加载模块:Images

[ 2016-08-22T22:31:50+08:00 ] ::1 /SpSp/images/banner/banner_sm_02.jpg
ERR: 无法加载模块:Images

[ 2016-08-22T22:31:50+08:00 ] ::1 /SpSp/images/banner/banner_sm_01.jpg
ERR: 无法加载模块:Images

[ 2016-08-22T22:31:50+08:00 ] ::1 /SpSp/images/banner/banner_02.jpg
ERR: 无法加载模块:Images

[ 2016-08-22T22:31:50+08:00 ] ::1 /SpSp/images/webLogo.jpg
ERR: 无法加载模块:Images

[ 2016-08-22T22:31:50+08:00 ] ::1 /SpSp/images/shopImg.jpg
ERR: 无法加载模块:Images

[ 2016-08-22T22:37:46+08:00 ] ::1 /SpSp/style/reset.css
ERR: 无法加载模块:Style

[ 2016-08-22T22:37:46+08:00 ] ::1 /SpSp/style/main.css
ERR: 无法加载模块:Style

[ 2016-08-22T22:37:46+08:00 ] ::1 /SpSp/images/banner/banner_sm_02.jpg
ERR: 无法加载模块:Images

[ 2016-08-22T22:37:46+08:00 ] ::1 /SpSp/images/shopImg.jpg
ERR: 无法加载模块:Images

[ 2016-08-22T22:37:46+08:00 ] ::1 /SpSp/images/banner/banner_02.jpg
ERR: 无法加载模块:Images

[ 2016-08-22T22:37:46+08:00 ] ::1 /SpSp/images/logo.jpg
ERR: 无法加载模块:Images

[ 2016-08-22T22:37:46+08:00 ] ::1 /SpSp/images/banner/banner_sm_01.jpg
ERR: 无法加载模块:Images

[ 2016-08-22T22:37:46+08:00 ] ::1 /SpSp/images/webLogo.jpg
ERR: 无法加载模块:Images

[ 2016-08-22T22:37:47+08:00 ] ::1 /SpSp/style/reset.css
ERR: 无法加载模块:Style

[ 2016-08-22T22:37:47+08:00 ] ::1 /SpSp/style/main.css
ERR: 无法加载模块:Style

[ 2016-08-22T22:37:47+08:00 ] ::1 /SpSp/images/banner/banner_sm_02.jpg
ERR: 无法加载模块:Images

[ 2016-08-22T22:37:47+08:00 ] ::1 /SpSp/images/shopImg.jpg
ERR: 无法加载模块:Images

[ 2016-08-22T22:37:47+08:00 ] ::1 /SpSp/images/banner/banner_sm_01.jpg
ERR: 无法加载模块:Images

[ 2016-08-22T22:37:47+08:00 ] ::1 /SpSp/images/banner/banner_02.jpg
ERR: 无法加载模块:Images

[ 2016-08-22T22:37:47+08:00 ] ::1 /SpSp/images/logo.jpg
ERR: 无法加载模块:Images

[ 2016-08-22T22:37:47+08:00 ] ::1 /SpSp/images/banner/banner_01.jpg
ERR: 无法加载模块:Images

[ 2016-08-22T22:37:47+08:00 ] ::1 /SpSp/images/webLogo.jpg
ERR: 无法加载模块:Images

[ 2016-08-22T22:37:47+08:00 ] ::1 /SpSp/style/main.css
ERR: 无法加载模块:Style

[ 2016-08-22T22:37:47+08:00 ] ::1 /SpSp/style/reset.css
ERR: 无法加载模块:Style

[ 2016-08-22T22:37:47+08:00 ] ::1 /SpSp/images/banner/banner_sm_02.jpg
ERR: 无法加载模块:Images

[ 2016-08-22T22:37:47+08:00 ] ::1 /SpSp/images/banner/banner_sm_01.jpg
ERR: 无法加载模块:Images

[ 2016-08-22T22:37:47+08:00 ] ::1 /SpSp/images/logo.jpg
ERR: 无法加载模块:Images

[ 2016-08-22T22:37:47+08:00 ] ::1 /SpSp/images/banner/banner_02.jpg
ERR: 无法加载模块:Images

[ 2016-08-22T22:37:47+08:00 ] ::1 /SpSp/images/banner/banner_01.jpg
ERR: 无法加载模块:Images

[ 2016-08-22T22:37:47+08:00 ] ::1 /SpSp/images/webLogo.jpg
ERR: 无法加载模块:Images

[ 2016-08-22T22:37:47+08:00 ] ::1 /SpSp/images/shopImg.jpg
ERR: 无法加载模块:Images

[ 2016-08-22T22:37:50+08:00 ] ::1 /SpSp/style/main.css
ERR: 无法加载模块:Style

[ 2016-08-22T22:37:50+08:00 ] ::1 /SpSp/style/reset.css
ERR: 无法加载模块:Style

[ 2016-08-22T22:37:50+08:00 ] ::1 /SpSp/images/banner/banner_sm_01.jpg
ERR: 无法加载模块:Images

[ 2016-08-22T22:37:50+08:00 ] ::1 /SpSp/images/webLogo.jpg
ERR: 无法加载模块:Images

[ 2016-08-22T22:37:50+08:00 ] ::1 /SpSp/images/banner/banner_01.jpg
ERR: 无法加载模块:Images

[ 2016-08-22T22:37:50+08:00 ] ::1 /SpSp/images/logo.jpg
ERR: 无法加载模块:Images

[ 2016-08-22T22:37:50+08:00 ] ::1 /SpSp/images/shopImg.jpg
ERR: 无法加载模块:Images

[ 2016-08-22T22:37:50+08:00 ] ::1 /SpSp/images/banner/banner_sm_02.jpg
ERR: 无法加载模块:Images

[ 2016-08-22T22:37:50+08:00 ] ::1 /SpSp/images/banner/banner_02.jpg
ERR: 无法加载模块:Images

[ 2016-08-22T22:37:59+08:00 ] ::1 /SpSp/style/reset.css
ERR: 无法加载模块:Style

[ 2016-08-22T22:37:59+08:00 ] ::1 /SpSp/style/main.css
ERR: 无法加载模块:Style

[ 2016-08-22T22:37:59+08:00 ] ::1 /SpSp/images/banner/banner_sm_01.jpg
ERR: 无法加载模块:Images

[ 2016-08-22T22:37:59+08:00 ] ::1 /SpSp/images/banner/banner_01.jpg
ERR: 无法加载模块:Images

[ 2016-08-22T22:37:59+08:00 ] ::1 /SpSp/images/shopImg.jpg
ERR: 无法加载模块:Images

[ 2016-08-22T22:37:59+08:00 ] ::1 /SpSp/images/webLogo.jpg
ERR: 无法加载模块:Images

[ 2016-08-22T22:37:59+08:00 ] ::1 /SpSp/images/banner/banner_02.jpg
ERR: 无法加载模块:Images

[ 2016-08-22T22:37:59+08:00 ] ::1 /SpSp/images/banner/banner_sm_02.jpg
ERR: 无法加载模块:Images

[ 2016-08-22T22:37:59+08:00 ] ::1 /SpSp/images/logo.jpg
ERR: 无法加载模块:Images

[ 2016-08-22T22:38:00+08:00 ] ::1 /SpSp/style/reset.css
ERR: 无法加载模块:Style

[ 2016-08-22T22:38:00+08:00 ] ::1 /SpSp/style/main.css
ERR: 无法加载模块:Style

[ 2016-08-22T22:38:00+08:00 ] ::1 /SpSp/images/banner/banner_01.jpg
ERR: 无法加载模块:Images

[ 2016-08-22T22:38:00+08:00 ] ::1 /SpSp/images/banner/banner_sm_01.jpg
ERR: 无法加载模块:Images

[ 2016-08-22T22:38:00+08:00 ] ::1 /SpSp/images/logo.jpg
ERR: 无法加载模块:Images

[ 2016-08-22T22:38:00+08:00 ] ::1 /SpSp/images/banner/banner_02.jpg
ERR: 无法加载模块:Images

[ 2016-08-22T22:38:00+08:00 ] ::1 /SpSp/images/webLogo.jpg
ERR: 无法加载模块:Images

[ 2016-08-22T22:38:00+08:00 ] ::1 /SpSp/images/banner/banner_sm_02.jpg
ERR: 无法加载模块:Images

[ 2016-08-22T22:38:00+08:00 ] ::1 /SpSp/images/shopImg.jpg
ERR: 无法加载模块:Images

[ 2016-08-22T22:38:01+08:00 ] ::1 /SpSp/style/reset.css
ERR: 无法加载模块:Style

[ 2016-08-22T22:38:01+08:00 ] ::1 /SpSp/style/main.css
ERR: 无法加载模块:Style

[ 2016-08-22T22:38:01+08:00 ] ::1 /SpSp/images/banner/banner_sm_02.jpg
ERR: 无法加载模块:Images

[ 2016-08-22T22:38:01+08:00 ] ::1 /SpSp/images/banner/banner_02.jpg
ERR: 无法加载模块:Images

[ 2016-08-22T22:38:01+08:00 ] ::1 /SpSp/images/banner/banner_01.jpg
ERR: 无法加载模块:Images



[ 2016-08-22T22:38:01+08:00 ] ::1 /SpSp/images/logo.jpg
ERR: 无法加载模块:Images

[ 2016-08-22T22:38:01+08:00 ] ::1 /SpSp/images/shopImg.jpg
ERR: 无法加载模块:Images

[ 2016-08-22T22:38:01+08:00 ] ::1 /SpSp/images/webLogo.jpg
ERR: 无法加载模块:Images

[ 2016-08-22T22:38:04+08:00 ] ::1 /SpSp/style/main.css
ERR: 无法加载模块:Style

[ 2016-08-22T22:38:04+08:00 ] ::1 /SpSp/style/reset.css
ERR: 无法加载模块:Style

[ 2016-08-22T22:38:04+08:00 ] ::1 /SpSp/images/banner/banner_sm_02.jpg
ERR: 无法加载模块:Images

[ 2016-08-22T22:38:04+08:00 ] ::1 /SpSp/images/banner/banner_02.jpg
ERR: 无法加载模块:Images

[ 2016-08-22T22:38:04+08:00 ] ::1 /SpSp/images/webLogo.jpg
ERR: 无法加载模块:Images

[ 2016-08-22T22:38:04+08:00 ] ::1 /SpSp/images/shopImg.jpg
ERR: 无法加载模块:Images

[ 2016-08-22T22:38:04+08:00 ] ::1 /SpSp/images/logo.jpg
ERR: 无法加载模块:Images

[ 2016-08-22T22:38:04+08:00 ] ::1 /SpSp/images/banner/banner_01.jpg
ERR: 无法加载模块:Images

[ 2016-08-22T22:38:04+08:00 ] ::1 /SpSp/images/banner/banner_sm_01.jpg
ERR: 无法加载模块:Images

[ 2016-08-22T22:38:21+08:00 ] ::1 /SpSp/style/reset.css
ERR: 无法加载模块:Style

[ 2016-08-22T22:38:21+08:00 ] ::1 /SpSp/style/main.css
ERR: 无法加载模块:Style

[ 2016-08-22T22:38:21+08:00 ] ::1 /SpSp/images/banner/banner_sm_01.jpg
ERR: 无法加载模块:Images

[ 2016-08-22T22:38:21+08:00 ] ::1 /SpSp/images/logo.jpg
ERR: 无法加载模块:Images

[ 2016-08-22T22:38:21+08:00 ] ::1 /SpSp/images/banner/banner_02.jpg
ERR: 无法加载模块:Images

[ 2016-08-22T22:38:21+08:00 ] ::1 /SpSp/images/banner/banner_sm_02.jpg
ERR: 无法加载模块:Images

[ 2016-08-22T22:38:21+08:00 ] ::1 /SpSp/images/webLogo.jpg
ERR: 无法加载模块:Images

[ 2016-08-22T22:38:21+08:00 ] ::1 /SpSp/images/banner/banner_01.jpg
ERR: 无法加载模块:Images

[ 2016-08-22T22:38:21+08:00 ] ::1 /SpSp/images/shopImg.jpg
ERR: 无法加载模块:Images

[ 2016-08-22T22:38:21+08:00 ] ::1 /SpSp/style/main.css
ERR: 无法加载模块:Style

[ 2016-08-22T22:38:21+08:00 ] ::1 /SpSp/style/reset.css
ERR: 无法加载模块:Style

[ 2016-08-22T22:38:22+08:00 ] ::1 /SpSp/images/banner/banner_01.jpg
ERR: 无法加载模块:Images

[ 2016-08-22T22:38:22+08:00 ] ::1 /SpSp/images/logo.jpg
ERR: 无法加载模块:Images

[ 2016-08-22T22:38:22+08:00 ] ::1 /SpSp/images/webLogo.jpg
ERR: 无法加载模块:Images

[ 2016-08-22T22:38:22+08:00 ] ::1 /SpSp/images/banner/banner_02.jpg
ERR: 无法加载模块:Images

[ 2016-08-22T22:38:22+08:00 ] ::1 /SpSp/images/shopImg.jpg
ERR: 无法加载模块:Images

[ 2016-08-22T22:38:22+08:00 ] ::1 /SpSp/images/banner/banner_sm_02.jpg
ERR: 无法加载模块:Images

[ 2016-08-22T22:38:22+08:00 ] ::1 /SpSp/images/banner/banner_sm_01.jpg
ERR: 无法加载模块:Images

[ 2016-08-22T22:38:23+08:00 ] ::1 /SpSp/style/main.css
ERR: 无法加载模块:Style

[ 2016-08-22T22:38:23+08:00 ] ::1 /SpSp/style/reset.css
ERR: 无法加载模块:Style

[ 2016-08-22T22:38:23+08:00 ] ::1 /SpSp/images/logo.jpg
ERR: 无法加载模块:Images

[ 2016-08-22T22:38:23+08:00 ] ::1 /SpSp/images/banner/banner_sm_02.jpg
ERR: 无法加载模块:Images

[ 2016-08-22T22:38:23+08:00 ] ::1 /SpSp/images/webLogo.jpg
ERR: 无法加载模块:Images

[ 2016-08-22T22:38:23+08:00 ] ::1 /SpSp/images/banner/banner_02.jpg
ERR: 无法加载模块:Images

[ 2016-08-22T22:38:23+08:00 ] ::1 /SpSp/images/banner/banner_sm_01.jpg
ERR: 无法加载模块:Images

[ 2016-08-22T22:38:23+08:00 ] ::1 /SpSp/images/banner/banner_01.jpg
ERR: 无法加载模块:Images

[ 2016-08-22T22:38:23+08:00 ] ::1 /SpSp/images/shopImg.jpg
ERR: 无法加载模块:Images

[ 2016-08-22T22:38:33+08:00 ] ::1 /SpSp/style/reset.css
ERR: 无法加载模块:Style

[ 2016-08-22T22:38:33+08:00 ] ::1 /SpSp/style/main.css
ERR: 无法加载模块:Style

[ 2016-08-22T22:38:33+08:00 ] ::1 /SpSp/images/banner/banner_sm_01.jpg
ERR: 无法加载模块:Images

[ 2016-08-22T22:38:33+08:00 ] ::1 /SpSp/images/webLogo.jpg
ERR: 无法加载模块:Images

[ 2016-08-22T22:38:33+08:00 ] ::1 /SpSp/images/banner/banner_01.jpg
ERR: 无法加载模块:Images

[ 2016-08-22T22:38:33+08:00 ] ::1 /SpSp/images/banner/banner_sm_02.jpg
ERR: 无法加载模块:Images

[ 2016-08-22T22:38:33+08:00 ] ::1 /SpSp/images/banner/banner_02.jpg
ERR: 无法加载模块:Images

[ 2016-08-22T22:38:33+08:00 ] ::1 /SpSp/images/logo.jpg
ERR: 无法加载模块:Images

[ 2016-08-22T22:38:33+08:00 ] ::1 /SpSp/images/shopImg.jpg
ERR: 无法加载模块:Images

[ 2016-08-22T22:38:33+08:00 ] ::1 /SpSp/style/main.css
ERR: 无法加载模块:Style

[ 2016-08-22T22:38:33+08:00 ] ::1 /SpSp/style/reset.css
ERR: 无法加载模块:Style

[ 2016-08-22T22:38:33+08:00 ] ::1 /SpSp/images/banner/banner_01.jpg
ERR: 无法加载模块:Images

[ 2016-08-22T22:38:33+08:00 ] ::1 /SpSp/images/webLogo.jpg
ERR: 无法加载模块:Images

[ 2016-08-22T22:38:33+08:00 ] ::1 /SpSp/images/logo.jpg
ERR: 无法加载模块:Images

[ 2016-08-22T22:38:33+08:00 ] ::1 /SpSp/images/banner/banner_02.jpg
ERR: 无法加载模块:Images

[ 2016-08-22T22:38:33+08:00 ] ::1 /SpSp/images/banner/banner_sm_02.jpg
ERR: 无法加载模块:Images

[ 2016-08-22T22:38:33+08:00 ] ::1 /SpSp/images/shopImg.jpg
ERR: 无法加载模块:Images

[ 2016-08-22T22:38:33+08:00 ] ::1 /SpSp/images/banner/banner_sm_01.jpg
ERR: 无法加载模块:Images

[ 2016-08-22T22:38:34+08:00 ] ::1 /SpSp/style/reset.css
ERR: 无法加载模块:Style

[ 2016-08-22T22:38:34+08:00 ] ::1 /SpSp/style/main.css
ERR: 无法加载模块:Style

[ 2016-08-22T22:38:34+08:00 ] ::1 /SpSp/images/banner/banner_sm_01.jpg
ERR: 无法加载模块:Images

[ 2016-08-22T22:38:34+08:00 ] ::1 /SpSp/images/webLogo.jpg
ERR: 无法加载模块:Images

[ 2016-08-22T22:38:34+08:00 ] ::1 /SpSp/images/banner/banner_02.jpg
ERR: 无法加载模块:Images

[ 2016-08-22T22:38:34+08:00 ] ::1 /SpSp/images/shopImg.jpg
ERR: 无法加载模块:Images

[ 2016-08-22T22:38:34+08:00 ] ::1 /SpSp/images/banner/banner_01.jpg
ERR: 无法加载模块:Images

[ 2016-08-22T22:38:34+08:00 ] ::1 /SpSp/images/logo.jpg
ERR: 无法加载模块:Images

[ 2016-08-22T22:38:34+08:00 ] ::1 /SpSp/images/banner/banner_sm_02.jpg
ERR: 无法加载模块:Images

[ 2016-08-22T22:38:36+08:00 ] ::1 /SpSp/style/main.css
ERR: 无法加载模块:Style

[ 2016-08-22T22:38:36+08:00 ] ::1 /SpSp/style/reset.css
ERR: 无法加载模块:Style

[ 2016-08-22T22:38:36+08:00 ] ::1 /SpSp/images/banner/banner_01.jpg
ERR: 无法加载模块:Images

[ 2016-08-22T22:38:36+08:00 ] ::1 /SpSp/images/shopImg.jpg
ERR: 无法加载模块:Images

[ 2016-08-22T22:38:36+08:00 ] ::1 /SpSp/images/banner/banner_sm_02.jpg
ERR: 无法加载模块:Images

[ 2016-08-22T22:38:36+08:00 ] ::1 /SpSp/images/webLogo.jpg
ERR: 无法加载模块:Images

[ 2016-08-22T22:38:36+08:00 ] ::1 /SpSp/images/banner/banner_sm_01.jpg
ERR: 无法加载模块:Images

[ 2016-08-22T22:38:36+08:00 ] ::1 /SpSp/images/banner/banner_02.jpg
ERR: 无法加载模块:Images

[ 2016-08-22T22:38:36+08:00 ] ::1 /SpSp/images/logo.jpg
ERR: 无法加载模块:Images

[ 2016-08-22T22:38:59+08:00 ] ::1 /SpSp/style/reset.css
ERR: 无法加载模块:Style

[ 2016-08-22T22:39:00+08:00 ] ::1 /SpSp/style/main.css
ERR: 无法加载模块:Style

[ 2016-08-22T22:39:00+08:00 ] ::1 /SpSp/images/banner/banner_sm_01.jpg
ERR: 无法加载模块:Images

[ 2016-08-22T22:39:00+08:00 ] ::1 /SpSp/images/shopImg.jpg
ERR: 无法加载模块:Images

[ 2016-08-22T22:39:00+08:00 ] ::1 /SpSp/images/banner/banner_02.jpg
ERR: 无法加载模块:Images

[ 2016-08-22T22:39:00+08:00 ] ::1 /SpSp/images/logo.jpg
ERR: 无法加载模块:Images

[ 2016-08-22T22:39:00+08:00 ] ::1 /SpSp/images/banner/banner_01.jpg
ERR: 无法加载模块:Images

[ 2016-08-22T22:39:00+08:00 ] ::1 /SpSp/images/banner/banner_sm_02.jpg
ERR: 无法加载模块:Images

[ 2016-08-22T22:39:00+08:00 ] ::1 /SpSp/images/webLogo.jpg
ERR: 无法加载模块:Images

[ 2016-08-22T22:39:02+08:00 ] ::1 /SpSp/style/main.css
ERR: 无法加载模块:Style

[ 2016-08-22T22:39:02+08:00 ] ::1 /SpSp/style/reset.css
ERR: 无法加载模块:Style

[ 2016-08-22T22:39:02+08:00 ] ::1 /SpSp/images/banner/banner_02.jpg
ERR: 无法加载模块:Images

[ 2016-08-22T22:39:02+08:00 ] ::1 /SpSp/images/webLogo.jpg
ERR: 无法加载模块:Images

[ 2016-08-22T22:39:02+08:00 ] ::1 /SpSp/images/banner/banner_sm_01.jpg
ERR: 无法加载模块:Images

[ 2016-08-22T22:39:02+08:00 ] ::1 /SpSp/images/banner/banner_01.jpg
ERR: 无法加载模块:Images

[ 2016-08-22T22:39:02+08:00 ] ::1 /SpSp/images/logo.jpg
ERR: 无法加载模块:Images

[ 2016-08-22T22:39:02+08:00 ] ::1 /SpSp/images/shopImg.jpg
ERR: 无法加载模块:Images

[ 2016-08-22T22:39:02+08:00 ] ::1 /SpSp/images/banner/banner_sm_02.jpg
ERR: 无法加载模块:Images

[ 2016-08-22T22:39:03+08:00 ] ::1 /SpSp/style/main.css
ERR: 无法加载模块:Style

[ 2016-08-22T22:39:03+08:00 ] ::1 /SpSp/style/reset.css
ERR: 无法加载模块:Style

[ 2016-08-22T22:39:03+08:00 ] ::1 /SpSp/images/banner/banner_02.jpg
ERR: 无法加载模块:Images

[ 2016-08-22T22:39:03+08:00 ] ::1 /SpSp/images/webLogo.jpg
ERR: 无法加载模块:Images

[ 2016-08-22T22:39:03+08:00 ] ::1 /SpSp/images/banner/banner_sm_02.jpg
ERR: 无法加载模块:Images

[ 2016-08-22T22:39:03+08:00 ] ::1 /SpSp/images/banner/banner_01.jpg
ERR: 无法加载模块:Images

[ 2016-08-22T22:39:03+08:00 ] ::1 /SpSp/images/shopImg.jpg
ERR: 无法加载模块:Images

[ 2016-08-22T22:39:03+08:00 ] ::1 /SpSp/images/logo.jpg
ERR: 无法加载模块:Images

[ 2016-08-22T22:39:03+08:00 ] ::1 /SpSp/images/banner/banner_sm_01.jpg
ERR: 无法加载模块:Images

[ 2016-08-22T22:39:07+08:00 ] ::1 /SpSp/style/main.css
ERR: 无法加载模块:Style

[ 2016-08-22T22:39:07+08:00 ] ::1 /SpSp/style/reset.css
ERR: 无法加载模块:Style

[ 2016-08-22T22:39:07+08:00 ] ::1 /SpSp/images/shopImg.jpg
ERR: 无法加载模块:Images

[ 2016-08-22T22:39:08+08:00 ] ::1 /SpSp/images/banner/banner_sm_01.jpg
ERR: 无法加载模块:Images

[ 2016-08-22T22:39:08+08:00 ] ::1 /SpSp/images/banner/banner_sm_02.jpg
ERR: 无法加载模块:Images

[ 2016-08-22T22:39:08+08:00 ] ::1 /SpSp/images/webLogo.jpg
ERR: 无法加载模块:Images

[ 2016-08-22T22:39:08+08:00 ] ::1 /SpSp/images/logo.jpg
ERR: 无法加载模块:Images

[ 2016-08-22T22:39:08+08:00 ] ::1 /SpSp/images/banner/banner_02.jpg
ERR: 无法加载模块:Images

[ 2016-08-22T22:39:08+08:00 ] ::1 /SpSp/images/banner/banner_01.jpg
ERR: 无法加载模块:Images

[ 2016-08-22T23:14:08+08:00 ] ::1 /SpSp/images/logo.jpg
ERR: 无法加载模块:Images

[ 2016-08-22T23:14:08+08:00 ] ::1 /SpSp/images/banner/banner_01.jpg
ERR: 无法加载模块:Images

[ 2016-08-22T23:14:08+08:00 ] ::1 /SpSp/style/reset.css
ERR: 无法加载模块:Style

[ 2016-08-22T23:14:08+08:00 ] ::1 /SpSp/images/webLogo.jpg
ERR: 无法加载模块:Images

[ 2016-08-22T23:14:08+08:00 ] ::1 /SpSp/images/banner/banner_sm_01.jpg
ERR: 无法加载模块:Images

[ 2016-08-22T23:14:08+08:00 ] ::1 /SpSp/style/main.css
ERR: 无法加载模块:Style

[ 2016-08-22T23:14:08+08:00 ] ::1 /SpSp/images/banner/banner_02.jpg
ERR: 无法加载模块:Images

[ 2016-08-22T23:14:08+08:00 ] ::1 /SpSp/images/banner/banner_sm_02.jpg
ERR: 无法加载模块:Images

[ 2016-08-22T23:14:08+08:00 ] ::1 /SpSp/images/shopImg.jpg
ERR: 无法加载模块:Images

[ 2016-08-22T23:30:03+08:00 ] ::1 /SpSp/Public/home/style/reset.css
ERR: 无法加载模块:Public

[ 2016-08-22T23:30:03+08:00 ] ::1 /SpSp/Public/home/style/main.css
ERR: 无法加载模块:Public

[ 2016-08-22T23:30:11+08:00 ] ::1 /SpSp/Public/home/style/reset.css
ERR: 无法加载模块:Public

[ 2016-08-22T23:30:11+08:00 ] ::1 /SpSp/Public/home/style/main.css
ERR: 无法加载模块:Public

[ 2016-08-22T23:30:22+08:00 ] ::1 /SpSp/Public/home/style/reset.css
ERR: 无法加载模块:Public

[ 2016-08-22T23:30:22+08:00 ] ::1 /SpSp/Public/home/style/main.css
ERR: 无法加载模块:Public

[ 2016-08-22T23:30:22+08:00 ] ::1 /SpSp/index.php/images/banner/banner_sm_02.jpg
ERR: 无法加载模块:Images

[ 2016-08-22T23:30:22+08:00 ] ::1 /SpSp/index.php/images/banner/banner_02.jpg
ERR: 无法加载模块:Images

[ 2016-08-22T23:30:22+08:00 ] ::1 /SpSp/index.php/images/banner/banner_sm_01.jpg
ERR: 无法加载模块:Images

[ 2016-08-22T23:30:22+08:00 ] ::1 /SpSp/index.php/images/webLogo.jpg
ERR: 无法加载模块:Images

[ 2016-08-22T23:30:22+08:00 ] ::1 /SpSp/index.php/images/banner/banner_01.jpg
ERR: 无法加载模块:Images

[ 2016-08-22T23:30:22+08:00 ] ::1 /SpSp/index.php/images/shopImg.jpg
ERR: 无法加载模块:Images

[ 2016-08-22T23:30:22+08:00 ] ::1 /SpSp/index.php/images/logo.jpg
ERR: 无法加载模块:Images

[ 2016-08-22T23:30:53+08:00 ] ::1 /SpSp/index.php/images/shopImg.jpg
ERR: 无法加载模块:Images

[ 2016-08-22T23:30:53+08:00 ] ::1 /SpSp/index.php/images/logo.jpg
ERR: 无法加载模块:Images

[ 2016-08-22T23:30:53+08:00 ] ::1 /SpSp/index.php/images/webLogo.jpg
ERR: 无法加载模块:Images

[ 2016-08-22T23:30:53+08:00 ] ::1 /SpSp/index.php/images/banner/banner_01.jpg
ERR: 无法加载模块:Images

[ 2016-08-22T23:30:53+08:00 ] ::1 /SpSp/index.php/images/banner/banner_02.jpg
ERR: 无法加载模块:Images

[ 2016-08-22T23:30:53+08:00 ] ::1 /SpSp/index.php/images/banner/banner_sm_01.jpg
ERR: 无法加载模块:Images

[ 2016-08-22T23:30:53+08:00 ] ::1 /SpSp/index.php/images/banner/banner_sm_02.jpg
ERR: 无法加载模块:Images

[ 2016-08-22T23:36:24+08:00 ] ::1 /SpSp/images/banner/banner_01.jpg
ERR: 无法加载模块:Images

[ 2016-08-22T23:36:24+08:00 ] ::1 /SpSp/images/banner/banner_sm_01.jpg
ERR: 无法加载模块:Images

[ 2016-08-22T23:36:24+08:00 ] ::1 /SpSp/images/banner/banner_sm_02.jpg
ERR: 无法加载模块:Images

[ 2016-08-22T23:36:24+08:00 ] ::1 /SpSp/images/logo.jpg
ERR: 无法加载模块:Images

[ 2016-08-22T23:36:24+08:00 ] ::1 /SpSp/images/banner/banner_02.jpg
ERR: 无法加载模块:Images

[ 2016-08-22T23:36:24+08:00 ] ::1 /SpSp/images/webLogo.jpg
ERR: 无法加载模块:Images

[ 2016-08-22T23:36:24+08:00 ] ::1 /SpSp/images/shopImg.jpg
ERR: 无法加载模块:Images

[ 2016-08-22T23:43:31+08:00 ] ::1 /SpSp/index.php/images/banner/banner_01.jpg
ERR: 无法加载模块:Images

[ 2016-08-22T23:43:31+08:00 ] ::1 /SpSp/index.php/images/banner/banner_sm_02.jpg
ERR: 无法加载模块:Images

[ 2016-08-22T23:43:31+08:00 ] ::1 /SpSp/index.php/images/shopImg.jpg
ERR: 无法加载模块:Images

[ 2016-08-22T23:43:31+08:00 ] ::1 /SpSp/index.php/images/banner/banner_02.jpg
ERR: 无法加载模块:Images

[ 2016-08-22T23:43:31+08:00 ] ::1 /SpSp/index.php/images/logo.jpg
ERR: 无法加载模块:Images

[ 2016-08-22T23:43:31+08:00 ] ::1 /SpSp/index.php/images/webLogo.jpg
ERR: 无法加载模块:Images

[ 2016-08-22T23:43:31+08:00 ] ::1 /SpSp/index.php/images/banner/banner_sm_01.jpg
ERR: 无法加载模块:Images

[ 2016-08-22T23:43:33+08:00 ] ::1 /SpSp/index.php/images/banner/banner_sm_02.jpg
ERR: 无法加载模块:Images

[ 2016-08-22T23:43:33+08:00 ] ::1 /SpSp/index.php/images/shopImg.jpg
ERR: 无法加载模块:Images

[ 2016-08-22T23:43:33+08:00 ] ::1 /SpSp/index.php/images/banner/banner_01.jpg
ERR: 无法加载模块:Images

[ 2016-08-22T23:43:33+08:00 ] ::1 /SpSp/index.php/images/logo.jpg
ERR: 无法加载模块:Images

[ 2016-08-22T23:43:33+08:00 ] ::1 /SpSp/index.php/images/banner/banner_sm_01.jpg
ERR: 无法加载模块:Images

[ 2016-08-22T23:43:33+08:00 ] ::1 /SpSp/index.php/images/banner/banner_02.jpg
ERR: 无法加载模块:Images

[ 2016-08-22T23:43:33+08:00 ] ::1 /SpSp/index.php/images/webLogo.jpg
ERR: 无法加载模块:Images

[ 2016-08-22T23:43:50+08:00 ] ::1 /SpSp/index.php/images/banner/banner_sm_01.jpg
ERR: 无法加载模块:Images

[ 2016-08-22T23:43:50+08:00 ] ::1 /SpSp/index.php/images/webLogo.jpg
ERR: 无法加载模块:Images

[ 2016-08-22T23:43:50+08:00 ] ::1 /SpSp/index.php/images/banner/banner_01.jpg
ERR: 无法加载模块:Images

[ 2016-08-22T23:43:50+08:00 ] ::1 /SpSp/index.php/images/logo.jpg
ERR: 无法加载模块:Images

[ 2016-08-22T23:43:50+08:00 ] ::1 /SpSp/index.php/images/banner/banner_sm_02.jpg
ERR: 无法加载模块:Images

[ 2016-08-22T23:43:50+08:00 ] ::1 /SpSp/index.php/images/shopImg.jpg
ERR: 无法加载模块:Images

[ 2016-08-22T23:43:50+08:00 ] ::1 /SpSp/index.php/images/banner/banner_02.jpg
ERR: 无法加载模块:Images

