[ 2016-08-23T18:46:30+08:00 ] ::1 /SpSp/index.php/login/
ERR: 无法加载模块:Login

[ 2016-08-23T18:51:23+08:00 ] ::1 /SpSp/Public/home/css/index.css
ERR: 无法加载模块:Public

[ 2016-08-23T18:51:23+08:00 ] ::1 /SpSp/Public/home/js/jquery-1.9.1.min.js
ERR: 无法加载模块:Public

[ 2016-08-23T18:51:23+08:00 ] ::1 /SpSp/Public/home/js/index.js
ERR: 无法加载模块:Public

[ 2016-08-23T18:51:25+08:00 ] ::1 /SpSp/Public/home/css/index.css
ERR: 无法加载模块:Public

[ 2016-08-23T18:51:25+08:00 ] ::1 /SpSp/Public/home/js/index.js
ERR: 无法加载模块:Public

[ 2016-08-23T18:51:25+08:00 ] ::1 /SpSp/Public/home/js/jquery-1.9.1.min.js
ERR: 无法加载模块:Public

[ 2016-08-23T18:51:25+08:00 ] ::1 /SpSp/Public/home/js/index.js
ERR: 无法加载模块:Public

[ 2016-08-23T18:51:26+08:00 ] ::1 /SpSp/Public/home/js/jquery-1.9.1.min.js
ERR: 无法加载模块:Public

[ 2016-08-23T18:51:26+08:00 ] ::1 /SpSp/Public/home/css/index.css
ERR: 无法加载模块:Public

[ 2016-08-23T18:51:26+08:00 ] ::1 /SpSp/Public/home/js/index.js
ERR: 无法加载模块:Public

[ 2016-08-23T18:51:26+08:00 ] ::1 /SpSp/Public/home/css/index.css
ERR: 无法加载模块:Public

[ 2016-08-23T18:51:26+08:00 ] ::1 /SpSp/Public/home/js/jquery-1.9.1.min.js
ERR: 无法加载模块:Public

[ 2016-08-23T18:51:26+08:00 ] ::1 /SpSp/Public/home/js/index.js
ERR: 无法加载模块:Public

[ 2016-08-23T18:51:26+08:00 ] ::1 /SpSp/Public/home/css/index.css
ERR: 无法加载模块:Public

[ 2016-08-23T18:51:26+08:00 ] ::1 /SpSp/Public/home/js/jquery-1.9.1.min.js
ERR: 无法加载模块:Public

[ 2016-08-23T18:51:26+08:00 ] ::1 /SpSp/Public/home/js/index.js
ERR: 无法加载模块:Public

[ 2016-08-23T18:51:27+08:00 ] ::1 /SpSp/Public/home/js/jquery-1.9.1.min.js
ERR: 无法加载模块:Public

[ 2016-08-23T18:51:27+08:00 ] ::1 /SpSp/Public/home/css/index.css
ERR: 无法加载模块:Public

[ 2016-08-23T18:51:27+08:00 ] ::1 /SpSp/Public/home/js/index.js
ERR: 无法加载模块:Public

[ 2016-08-23T18:56:58+08:00 ] ::1 /SpSp/Public/home/css/__PUBLIC__/home/css/base.png
ERR: 无法加载模块:Public

[ 2016-08-23T18:56:58+08:00 ] ::1 /SpSp/Public/home/css/__PUBLIC__/home/css/elements.png
ERR: 无法加载模块:Public

[ 2016-08-23T18:57:00+08:00 ] ::1 /SpSp/Public/home/css/__PUBLIC__/home/css/base.png
ERR: 无法加载模块:Public

[ 2016-08-23T18:57:00+08:00 ] ::1 /SpSp/Public/home/css/__PUBLIC__/home/css/elements.png
ERR: 无法加载模块:Public

[ 2016-08-23T18:57:00+08:00 ] ::1 /SpSp/Public/home/css/__PUBLIC__/home/css/base.png
ERR: 无法加载模块:Public

[ 2016-08-23T18:57:00+08:00 ] ::1 /SpSp/Public/home/css/__PUBLIC__/home/css/elements.png
ERR: 无法加载模块:Public

[ 2016-08-23T18:57:06+08:00 ] ::1 /SpSp/Public/home/css/__PUBLIC__/home/css/base.png
ERR: 无法加载模块:Public

[ 2016-08-23T18:57:06+08:00 ] ::1 /SpSp/Public/home/css/__PUBLIC__/home/css/elements.png
ERR: 无法加载模块:Public

[ 2016-08-23T18:58:07+08:00 ] ::1 /SpSp/Public/home/css/__PUBLIC__/home/css/images/base.png
ERR: 无法加载模块:Public

[ 2016-08-23T18:58:07+08:00 ] ::1 /SpSp/Public/home/css/__PUBLIC__/home/css/images/elements.png
ERR: 无法加载模块:Public

[ 2016-08-23T18:58:09+08:00 ] ::1 /SpSp/Public/home/css/__PUBLIC__/home/css/images/elements.png
ERR: 无法加载模块:Public

[ 2016-08-23T18:58:09+08:00 ] ::1 /SpSp/Public/home/css/__PUBLIC__/home/css/images/base.png
ERR: 无法加载模块:Public

[ 2016-08-23T18:58:09+08:00 ] ::1 /SpSp/Public/home/css/__PUBLIC__/home/css/images/elements.png
ERR: 无法加载模块:Public

[ 2016-08-23T18:58:09+08:00 ] ::1 /SpSp/Public/home/css/__PUBLIC__/home/css/images/base.png
ERR: 无法加载模块:Public

[ 2016-08-23T18:58:10+08:00 ] ::1 /SpSp/Public/home/css/__PUBLIC__/home/css/images/elements.png
ERR: 无法加载模块:Public

[ 2016-08-23T18:58:10+08:00 ] ::1 /SpSp/Public/home/css/__PUBLIC__/home/css/images/base.png
ERR: 无法加载模块:Public

[ 2016-08-23T18:58:10+08:00 ] ::1 /SpSp/Public/home/css/__PUBLIC__/home/css/images/elements.png
ERR: 无法加载模块:Public

[ 2016-08-23T18:58:10+08:00 ] ::1 /SpSp/Public/home/css/__PUBLIC__/home/css/images/base.png
ERR: 无法加载模块:Public

[ 2016-08-23T18:58:11+08:00 ] ::1 /SpSp/Public/home/css/__PUBLIC__/home/css/images/base.png
ERR: 无法加载模块:Public

[ 2016-08-23T18:58:11+08:00 ] ::1 /SpSp/Public/home/css/__PUBLIC__/home/css/images/elements.png
ERR: 无法加载模块:Public

[ 2016-08-23T18:58:12+08:00 ] ::1 /SpSp/Public/home/css/__PUBLIC__/home/css/images/elements.png
ERR: 无法加载模块:Public

[ 2016-08-23T18:58:12+08:00 ] ::1 /SpSp/Public/home/css/__PUBLIC__/home/css/images/base.png
ERR: 无法加载模块:Public

[ 2016-08-23T18:58:12+08:00 ] ::1 /SpSp/Public/home/css/__PUBLIC__/home/css/images/base.png
ERR: 无法加载模块:Public

[ 2016-08-23T18:58:12+08:00 ] ::1 /SpSp/Public/home/css/__PUBLIC__/home/css/images/elements.png
ERR: 无法加载模块:Public

[ 2016-08-23T19:00:01+08:00 ] ::1 /SpSp/Public/home/css/__PUBLIC__/home/css/images/base.png
ERR: 无法加载模块:Public

[ 2016-08-23T19:00:01+08:00 ] ::1 /SpSp/Public/home/css/__PUBLIC__/home/css/images/elements.png
ERR: 无法加载模块:Public

[ 2016-08-23T19:00:07+08:00 ] ::1 /SpSp/Public/home/css/__PUBLIC__/home/css/images/base.png
ERR: 无法加载模块:Public

[ 2016-08-23T19:00:07+08:00 ] ::1 /SpSp/Public/home/css/__PUBLIC__/home/css/images/elements.png
ERR: 无法加载模块:Public

[ 2016-08-23T19:00:08+08:00 ] ::1 /SpSp/Public/home/css/__PUBLIC__/home/css/images/base.png
ERR: 无法加载模块:Public

[ 2016-08-23T19:00:08+08:00 ] ::1 /SpSp/Public/home/css/__PUBLIC__/home/css/images/elements.png
ERR: 无法加载模块:Public

[ 2016-08-23T19:00:09+08:00 ] ::1 /SpSp/Public/home/css/__PUBLIC__/home/css/images/base.png
ERR: 无法加载模块:Public

[ 2016-08-23T19:00:09+08:00 ] ::1 /SpSp/Public/home/css/__PUBLIC__/home/css/images/elements.png
ERR: 无法加载模块:Public

[ 2016-08-23T21:16:31+08:00 ] ::1 /SpSp/Public/home/js/jquery.min.map
ERR: 无法加载模块:Public

[ 2016-08-23T21:18:34+08:00 ] ::1 /SpSp/Public/home/js/jquery.min.map
ERR: 无法加载模块:Public

[ 2016-08-23T21:18:37+08:00 ] ::1 /SpSp/Public/home/js/jquery.min.map
ERR: 无法加载模块:Public

[ 2016-08-23T21:19:30+08:00 ] ::1 /SpSp/Public/home/js/jquery.min.map
ERR: 无法加载模块:Public

[ 2016-08-23T21:20:15+08:00 ] ::1 /SpSp/Public/home/js/jquery.min.map
ERR: 无法加载模块:Public

[ 2016-08-23T21:20:16+08:00 ] ::1 /SpSp/Public/home/js/jquery.min.map
ERR: 无法加载模块:Public

[ 2016-08-23T21:20:17+08:00 ] ::1 /SpSp/Public/home/js/jquery.min.map
ERR: 无法加载模块:Public

[ 2016-08-23T21:20:17+08:00 ] ::1 /SpSp/Public/home/js/jquery.min.map
ERR: 无法加载模块:Public

[ 2016-08-23T21:20:36+08:00 ] ::1 /SpSp/Public/home/js/jquery.min.map
ERR: 无法加载模块:Public

[ 2016-08-23T21:20:39+08:00 ] ::1 /SpSp/Public/home/js/jquery.min.map
ERR: 无法加载模块:Public

[ 2016-08-23T21:21:24+08:00 ] ::1 /SpSp/Public/home/js/jquery.min.map
ERR: 无法加载模块:Public

[ 2016-08-23T21:21:37+08:00 ] ::1 /SpSp/Public/home/js/jquery.min.map
ERR: 无法加载模块:Public

[ 2016-08-23T21:22:20+08:00 ] ::1 /SpSp/Public/home/js/jquery.min.map
ERR: 无法加载模块:Public

