[ 2016-08-27T00:12:58+08:00 ] ::1 /SpSp/Public/home/js/jquery.min.map
ERR: 无法加载模块:Public

[ 2016-08-27T00:13:00+08:00 ] ::1 /SpSp/Public/home/js/jquery.min.map
ERR: 无法加载模块:Public

[ 2016-08-27T00:13:03+08:00 ] ::1 /SpSp/Public/home/js/jquery.min.map
ERR: 无法加载模块:Public

[ 2016-08-27T00:26:29+08:00 ] ::1 /SpSp/Public/home/js/jquery.min.map
ERR: 无法加载模块:Public

[ 2016-08-27T00:26:32+08:00 ] ::1 /SpSp/Public/home/js/jquery.min.map
ERR: 无法加载模块:Public

[ 2016-08-27T00:26:35+08:00 ] ::1 /SpSp/Public/home/js/jquery.min.map
ERR: 无法加载模块:Public

[ 2016-08-27T00:26:37+08:00 ] ::1 /SpSp/Public/home/js/jquery.min.map
ERR: 无法加载模块:Public

[ 2016-08-27T00:27:38+08:00 ] ::1 /SpSp/Public/home/js/jquery.min.map
ERR: 无法加载模块:Public

[ 2016-08-27T00:27:40+08:00 ] ::1 /SpSp/Public/home/js/jquery.min.map
ERR: 无法加载模块:Public

[ 2016-08-27T00:27:43+08:00 ] ::1 /SpSp/Public/home/js/jquery.min.map
ERR: 无法加载模块:Public

[ 2016-08-27T00:27:46+08:00 ] ::1 /SpSp/Public/home/js/jquery.min.map
ERR: 无法加载模块:Public

[ 2016-08-27T00:27:50+08:00 ] ::1 /SpSp/Public/home/js/jquery.min.map
ERR: 无法加载模块:Public

[ 2016-08-27T00:27:55+08:00 ] ::1 /SpSp/Public/home/js/jquery.min.map
ERR: 无法加载模块:Public

[ 2016-08-27T00:28:16+08:00 ] ::1 /SpSp/Public/home/js/jquery.min.map
ERR: 无法加载模块:Public

[ 2016-08-27T00:28:19+08:00 ] ::1 /SpSp/Public/home/js/jquery.min.map
ERR: 无法加载模块:Public

[ 2016-08-27T00:28:21+08:00 ] ::1 /SpSp/Public/home/js/jquery.min.map
ERR: 无法加载模块:Public

[ 2016-08-27T00:28:32+08:00 ] ::1 /SpSp/Public/home/js/jquery.min.map
ERR: 无法加载模块:Public

[ 2016-08-27T00:28:34+08:00 ] ::1 /SpSp/Public/home/js/jquery.min.map
ERR: 无法加载模块:Public

[ 2016-08-27T00:28:37+08:00 ] ::1 /SpSp/Public/home/js/jquery.min.map
ERR: 无法加载模块:Public

[ 2016-08-27T00:29:58+08:00 ] ::1 /SpSp/Public/home/js/jquery.min.map
ERR: 无法加载模块:Public

[ 2016-08-27T00:30:40+08:00 ] ::1 /SpSp/Public/home/js/jquery.min.map
ERR: 无法加载模块:Public

[ 2016-08-27T00:30:55+08:00 ] ::1 /SpSp/Public/home/js/jquery.min.map
ERR: 无法加载模块:Public

[ 2016-08-27T00:42:05+08:00 ] ::1 /SpSp/Public/home/js/jquery.min.map
ERR: 无法加载模块:Public

[ 2016-08-27T00:43:16+08:00 ] ::1 /SpSp/Public/home/js/jquery.min.map
ERR: 无法加载模块:Public

[ 2016-08-27T00:43:26+08:00 ] ::1 /SpSp/Public/home/js/jquery.min.map
ERR: 无法加载模块:Public

[ 2016-08-27T00:43:37+08:00 ] ::1 /SpSp/Public/home/js/jquery.min.map
ERR: 无法加载模块:Public

[ 2016-08-27T00:43:53+08:00 ] ::1 /SpSp/Public/home/js/jquery.min.map
ERR: 无法加载模块:Public

[ 2016-08-27T00:44:21+08:00 ] ::1 /SpSp/Public/home/js/jquery.min.map
ERR: 无法加载模块:Public

[ 2016-08-27T00:55:53+08:00 ] ::1 /SpSp/Public/home/js/jquery.min.map
ERR: 无法加载模块:Public

[ 2016-08-27T00:56:01+08:00 ] ::1 /SpSp/Public/home/js/jquery.min.map
ERR: 无法加载模块:Public

[ 2016-08-27T00:56:28+08:00 ] ::1 /SpSp/Public/home/js/jquery.min.map
ERR: 无法加载模块:Public

[ 2016-08-27T00:56:31+08:00 ] ::1 /SpSp/Public/home/js/jquery.min.map
ERR: 无法加载模块:Public

[ 2016-08-27T19:41:14+08:00 ] ::1 /SpSp/index
ERR: 无法加载模块:Index

[ 2016-08-27T19:41:33+08:00 ] ::1 /SpSp/index
ERR: 无法加载模块:Index

[ 2016-08-27T19:41:40+08:00 ] ::1 /SpSp/index/index
ERR: 无法加载模块:Index

[ 2016-08-27T19:42:13+08:00 ] ::1 /SpSp/index/index
ERR: 无法加载模块:Index

[ 2016-08-27T19:42:13+08:00 ] ::1 /SpSp/index/index
ERR: 无法加载模块:Index

[ 2016-08-27T19:44:18+08:00 ] ::1 /SpSp/style/reset.css
ERR: 无法加载模块:Style

[ 2016-08-27T19:44:18+08:00 ] ::1 /SpSp/style/main.css
ERR: 无法加载模块:Style

[ 2016-08-27T19:44:18+08:00 ] ::1 /SpSp/images/logo.jpg
ERR: 无法加载模块:Images

[ 2016-08-27T19:44:18+08:00 ] ::1 /SpSp/images/webLogo.jpg
ERR: 无法加载模块:Images

[ 2016-08-27T19:44:18+08:00 ] ::1 /SpSp/images/des_sm.jpg
ERR: 无法加载模块:Images

[ 2016-08-27T19:44:45+08:00 ] ::1 /SpSp/style/reset.css
ERR: 无法加载模块:Style

[ 2016-08-27T19:44:45+08:00 ] ::1 /SpSp/style/main.css
ERR: 无法加载模块:Style

[ 2016-08-27T19:44:46+08:00 ] ::1 /SpSp/images/des_sm.jpg
ERR: 无法加载模块:Images

[ 2016-08-27T19:44:46+08:00 ] ::1 /SpSp/images/logo.jpg
ERR: 无法加载模块:Images

[ 2016-08-27T19:44:46+08:00 ] ::1 /SpSp/images/webLogo.jpg
ERR: 无法加载模块:Images

