[ 2016-08-26T09:45:32+08:00 ] ::1 /SpSp/login/login
ERR: 无法加载模块:Login

[ 2016-08-26T10:08:02+08:00 ] ::1 /SpSp/Public/home/js/jquery.min.map
ERR: 无法加载模块:Public

[ 2016-08-26T10:09:44+08:00 ] ::1 /SpSp/Public/home/js/jquery.min.map
ERR: 无法加载模块:Public

[ 2016-08-26T10:09:50+08:00 ] ::1 /SpSp/Public/home/js/jquery.min.map
ERR: 无法加载模块:Public

[ 2016-08-26T10:11:34+08:00 ] ::1 /SpSp/Public/home/js/jquery.min.map
ERR: 无法加载模块:Public

[ 2016-08-26T10:11:36+08:00 ] ::1 /SpSp/Public/home/js/jquery.min.map
ERR: 无法加载模块:Public

[ 2016-08-26T10:12:02+08:00 ] ::1 /SpSp/Public/home/js/jquery.min.map
ERR: 无法加载模块:Public

[ 2016-08-26T10:12:04+08:00 ] ::1 /SpSp/Public/home/js/jquery.min.map
ERR: 无法加载模块:Public

[ 2016-08-26T10:12:40+08:00 ] ::1 /SpSp/Public/home/js/jquery.min.map
ERR: 无法加载模块:Public

[ 2016-08-26T10:12:43+08:00 ] ::1 /SpSp/Public/home/js/jquery.min.map
ERR: 无法加载模块:Public

[ 2016-08-26T10:12:45+08:00 ] ::1 /SpSp/Public/home/js/jquery.min.map
ERR: 无法加载模块:Public

[ 2016-08-26T10:12:46+08:00 ] ::1 /SpSp/Public/home/js/jquery.min.map
ERR: 无法加载模块:Public

[ 2016-08-26T10:12:50+08:00 ] ::1 /SpSp/Public/home/js/jquery.min.map
ERR: 无法加载模块:Public

[ 2016-08-26T10:13:13+08:00 ] ::1 /SpSp/Public/home/js/jquery.min.map
ERR: 无法加载模块:Public

[ 2016-08-26T10:13:13+08:00 ] ::1 /SpSp/Public/home/js/jquery.min.map
ERR: 无法加载模块:Public

[ 2016-08-26T10:13:14+08:00 ] ::1 /SpSp/Public/home/js/jquery.min.map
ERR: 无法加载模块:Public

[ 2016-08-26T10:13:14+08:00 ] ::1 /SpSp/Public/home/js/jquery.min.map
ERR: 无法加载模块:Public

[ 2016-08-26T10:13:15+08:00 ] ::1 /SpSp/Public/home/js/jquery.min.map
ERR: 无法加载模块:Public

[ 2016-08-26T10:13:35+08:00 ] ::1 /SpSp/Public/home/js/jquery.min.map
ERR: 无法加载模块:Public

[ 2016-08-26T10:13:35+08:00 ] ::1 /SpSp/Public/home/js/jquery.min.map
ERR: 无法加载模块:Public

[ 2016-08-26T10:15:13+08:00 ] ::1 /SpSp/Public/home/js/jquery.min.map
ERR: 无法加载模块:Public

[ 2016-08-26T10:15:19+08:00 ] ::1 /SpSp/Public/home/js/jquery.min.map
ERR: 无法加载模块:Public

[ 2016-08-26T10:16:01+08:00 ] ::1 /SpSp/Public/home/js/jquery.min.map
ERR: 无法加载模块:Public

[ 2016-08-26T15:22:41+08:00 ] ::1 /SpSp/Public/home/js/jquery.min.map
ERR: 无法加载模块:Public

[ 2016-08-26T15:22:58+08:00 ] ::1 /SpSp/Public/home/js/jquery.min.map
ERR: 无法加载模块:Public

[ 2016-08-26T15:30:22+08:00 ] ::1 /SpSp/Public/home/js/jquery.min.map
ERR: 无法加载模块:Public

[ 2016-08-26T15:31:55+08:00 ] ::1 /SpSp/Public/home/js/jquery.min.map
ERR: 无法加载模块:Public

[ 2016-08-26T15:33:25+08:00 ] ::1 /SpSp/Public/home/js/jquery.min.map
ERR: 无法加载模块:Public

[ 2016-08-26T15:33:27+08:00 ] ::1 /SpSp/Public/home/js/jquery.min.map
ERR: 无法加载模块:Public

[ 2016-08-26T16:21:49+08:00 ] ::1 /SpSp/Public/home/js/jquery.min.map
ERR: 无法加载模块:Public

[ 2016-08-26T16:21:53+08:00 ] ::1 /SpSp/Public/home/js/jquery.min.map
ERR: 无法加载模块:Public

[ 2016-08-26T16:28:29+08:00 ] ::1 /SpSp/Public/home/js/jquery.min.map
ERR: 无法加载模块:Public

[ 2016-08-26T16:32:41+08:00 ] ::1 /SpSp/Public/home/js/jquery.min.map
ERR: 无法加载模块:Public

[ 2016-08-26T16:32:46+08:00 ] ::1 /SpSp/Public/home/js/jquery.min.map
ERR: 无法加载模块:Public

[ 2016-08-26T16:42:49+08:00 ] ::1 /SpSp/Public/home/js/jquery.min.map
ERR: 无法加载模块:Public

[ 2016-08-26T16:42:54+08:00 ] ::1 /SpSp/Public/home/js/jquery.min.map
ERR: 无法加载模块:Public

[ 2016-08-26T16:48:52+08:00 ] ::1 /SpSp/Public/home/js/jquery.min.map
ERR: 无法加载模块:Public

[ 2016-08-26T16:49:27+08:00 ] ::1 /SpSp/Public/home/js/jquery.min.map
ERR: 无法加载模块:Public

[ 2016-08-26T16:49:36+08:00 ] ::1 /SpSp/Public/home/js/jquery.min.map
ERR: 无法加载模块:Public

[ 2016-08-26T16:58:00+08:00 ] ::1 /SpSp/Public/home/js/jquery.min.map
ERR: 无法加载模块:Public

[ 2016-08-26T18:09:36+08:00 ] ::1 /SpSp/Public/home/js/jquery.min.map
ERR: 无法加载模块:Public

[ 2016-08-26T18:09:39+08:00 ] ::1 /SpSp/Public/home/js/jquery.min.map
ERR: 无法加载模块:Public

[ 2016-08-26T18:23:18+08:00 ] ::1 /SpSp/Public/home/js/jquery.min.map
ERR: 无法加载模块:Public

[ 2016-08-26T18:26:03+08:00 ] ::1 /SpSp/Public/home/js/jquery.min.map
ERR: 无法加载模块:Public

[ 2016-08-26T20:42:42+08:00 ] ::1 /SpSp/Public/home/js/jquery.min.map
ERR: 无法加载模块:Public

[ 2016-08-26T20:47:08+08:00 ] ::1 /SpSp/Public/home/js/jquery.min.map
ERR: 无法加载模块:Public

[ 2016-08-26T20:48:42+08:00 ] ::1 /SpSp/Public/home/js/jquery.min.map
ERR: 无法加载模块:Public

[ 2016-08-26T20:52:03+08:00 ] ::1 /SpSp/Public/home/js/jquery.min.map
ERR: 无法加载模块:Public

[ 2016-08-26T20:53:06+08:00 ] ::1 /SpSp/Public/home/js/jquery.min.map
ERR: 无法加载模块:Public

[ 2016-08-26T20:53:50+08:00 ] ::1 /SpSp/Public/home/js/jquery.min.map
ERR: 无法加载模块:Public

[ 2016-08-26T20:54:00+08:00 ] ::1 /SpSp/Public/home/js/jquery.min.map
ERR: 无法加载模块:Public

[ 2016-08-26T20:55:23+08:00 ] ::1 /SpSp/Public/home/js/jquery.min.map
ERR: 无法加载模块:Public

[ 2016-08-26T21:09:40+08:00 ] ::1 /SpSp/Public/home/js/jquery.min.map
ERR: 无法加载模块:Public

[ 2016-08-26T21:09:42+08:00 ] ::1 /SpSp/Public/home/js/jquery.min.map
ERR: 无法加载模块:Public

[ 2016-08-26T21:09:45+08:00 ] ::1 /SpSp/Public/home/js/jquery.min.map
ERR: 无法加载模块:Public

[ 2016-08-26T21:10:04+08:00 ] ::1 /SpSp/Public/home/js/jquery.min.map
ERR: 无法加载模块:Public

[ 2016-08-26T21:11:04+08:00 ] ::1 /SpSp/Public/home/js/jquery.min.map
ERR: 无法加载模块:Public

[ 2016-08-26T21:14:23+08:00 ] ::1 /SpSp/Public/home/js/jquery.min.map
ERR: 无法加载模块:Public

[ 2016-08-26T21:14:25+08:00 ] ::1 /SpSp/Public/home/js/jquery.min.map
ERR: 无法加载模块:Public

[ 2016-08-26T21:16:49+08:00 ] ::1 /SpSp/Public/home/js/jquery.min.map
ERR: 无法加载模块:Public

[ 2016-08-26T21:16:54+08:00 ] ::1 /SpSp/Public/home/js/jquery.min.map
ERR: 无法加载模块:Public

[ 2016-08-26T21:17:57+08:00 ] ::1 /SpSp/Public/home/js/jquery.min.map
ERR: 无法加载模块:Public

[ 2016-08-26T21:18:00+08:00 ] ::1 /SpSp/Public/home/js/jquery.min.map
ERR: 无法加载模块:Public

[ 2016-08-26T21:19:39+08:00 ] ::1 /SpSp/Public/home/js/jquery.min.map
ERR: 无法加载模块:Public

[ 2016-08-26T21:19:40+08:00 ] ::1 /SpSp/Public/home/js/jquery.min.map
ERR: 无法加载模块:Public

[ 2016-08-26T21:23:49+08:00 ] ::1 /SpSp/Public/home/js/jquery.min.map
ERR: 无法加载模块:Public

[ 2016-08-26T21:24:01+08:00 ] ::1 /SpSp/Public/home/js/jquery.min.map
ERR: 无法加载模块:Public

[ 2016-08-26T21:24:02+08:00 ] ::1 /SpSp/Public/home/js/jquery.min.map
ERR: 无法加载模块:Public

[ 2016-08-26T21:25:17+08:00 ] ::1 /SpSp/Public/home/js/jquery.min.map
ERR: 无法加载模块:Public

[ 2016-08-26T21:25:18+08:00 ] ::1 /SpSp/Public/home/js/jquery.min.map
ERR: 无法加载模块:Public

[ 2016-08-26T21:25:20+08:00 ] ::1 /SpSp/Public/home/js/jquery.min.map
ERR: 无法加载模块:Public

[ 2016-08-26T21:30:08+08:00 ] ::1 /SpSp/Public/home/js/jquery.min.map
ERR: 无法加载模块:Public

[ 2016-08-26T21:30:09+08:00 ] ::1 /SpSp/Public/home/js/jquery.min.map
ERR: 无法加载模块:Public

[ 2016-08-26T21:41:11+08:00 ] ::1 /SpSp/Public/home/js/jquery.min.map
ERR: 无法加载模块:Public

[ 2016-08-26T21:41:13+08:00 ] ::1 /SpSp/Public/home/js/jquery.min.map
ERR: 无法加载模块:Public

[ 2016-08-26T21:42:17+08:00 ] ::1 /SpSp/Public/home/js/jquery.min.map
ERR: 无法加载模块:Public

[ 2016-08-26T21:42:54+08:00 ] ::1 /SpSp/Public/home/getVerify.php
ERR: 无法加载模块:Public

[ 2016-08-26T21:42:55+08:00 ] ::1 /SpSp/Public/home/js/jquery.min.map
ERR: 无法加载模块:Public

[ 2016-08-26T21:42:55+08:00 ] ::1 /SpSp/Public/home/getVerify.php
ERR: 无法加载模块:Public

[ 2016-08-26T21:42:56+08:00 ] ::1 /SpSp/Public/home/getVerify.php
ERR: 无法加载模块:Public

[ 2016-08-26T21:42:56+08:00 ] ::1 /SpSp/Public/home/getVerify.php
ERR: 无法加载模块:Public

[ 2016-08-26T21:42:56+08:00 ] ::1 /SpSp/Public/home/js/jquery.min.map
ERR: 无法加载模块:Public

[ 2016-08-26T21:42:56+08:00 ] ::1 /SpSp/Public/home/getVerify.php
ERR: 无法加载模块:Public

[ 2016-08-26T21:45:02+08:00 ] ::1 /SpSp/Public/home/js/jquery.min.map
ERR: 无法加载模块:Public

[ 2016-08-26T21:45:04+08:00 ] ::1 /SpSp/Public/home/js/jquery.min.map
ERR: 无法加载模块:Public

[ 2016-08-26T21:48:35+08:00 ] ::1 /SpSp/Public/home/js/jquery.min.map
ERR: 无法加载模块:Public

[ 2016-08-26T21:54:47+08:00 ] ::1 /SpSp/Public/home/js/jquery.min.map
ERR: 无法加载模块:Public

[ 2016-08-26T21:54:56+08:00 ] ::1 /SpSp/Public/home/js/jquery.min.map
ERR: 无法加载模块:Public

[ 2016-08-26T21:55:23+08:00 ] ::1 /SpSp/Public/home/js/jquery.min.map
ERR: 无法加载模块:Public

[ 2016-08-26T21:58:01+08:00 ] ::1 /SpSp/Public/home/js/jquery.min.map
ERR: 无法加载模块:Public

[ 2016-08-26T21:58:29+08:00 ] ::1 /SpSp/Public/home/js/jquery.min.map
ERR: 无法加载模块:Public

[ 2016-08-26T22:05:29+08:00 ] ::1 /SpSp/Public/home/js/jquery.min.map
ERR: 无法加载模块:Public

[ 2016-08-26T22:06:53+08:00 ] ::1 /SpSp/Public/home/js/jquery.min.map
ERR: 无法加载模块:Public

[ 2016-08-26T22:07:23+08:00 ] ::1 /SpSp/Public/home/js/jquery.min.map
ERR: 无法加载模块:Public

[ 2016-08-26T22:09:37+08:00 ] ::1 /SpSp/Public/home/js/jquery.min.map
ERR: 无法加载模块:Public

[ 2016-08-26T22:12:28+08:00 ] ::1 /SpSp/Public/home/js/jquery.min.map
ERR: 无法加载模块:Public

[ 2016-08-26T22:12:46+08:00 ] ::1 /SpSp/Public/home/js/jquery.min.map
ERR: 无法加载模块:Public

[ 2016-08-26T22:12:47+08:00 ] ::1 /SpSp/Public/home/js/jquery.min.map
ERR: 无法加载模块:Public

[ 2016-08-26T22:15:15+08:00 ] ::1 /SpSp/Public/home/js/jquery.min.map
ERR: 无法加载模块:Public

[ 2016-08-26T22:15:17+08:00 ] ::1 /SpSp/Public/home/js/jquery.min.map
ERR: 无法加载模块:Public

[ 2016-08-26T22:15:19+08:00 ] ::1 /SpSp/Public/home/js/jquery.min.map
ERR: 无法加载模块:Public

[ 2016-08-26T22:39:45+08:00 ] ::1 /SpSp/Public/home/js/jquery.min.map
ERR: 无法加载模块:Public

[ 2016-08-26T22:39:47+08:00 ] ::1 /SpSp/Public/home/js/jquery.min.map
ERR: 无法加载模块:Public

[ 2016-08-26T22:39:49+08:00 ] ::1 /SpSp/Public/home/js/jquery.min.map
ERR: 无法加载模块:Public

[ 2016-08-26T22:39:53+08:00 ] ::1 /SpSp/Public/home/js/jquery.min.map
ERR: 无法加载模块:Public

[ 2016-08-26T22:41:21+08:00 ] ::1 /SpSp/Public/home/js/jquery.min.map
ERR: 无法加载模块:Public

[ 2016-08-26T22:41:24+08:00 ] ::1 /SpSp/Public/home/js/jquery.min.map
ERR: 无法加载模块:Public

[ 2016-08-26T22:41:27+08:00 ] ::1 /SpSp/Public/home/js/jquery.min.map
ERR: 无法加载模块:Public

[ 2016-08-26T22:41:49+08:00 ] ::1 /SpSp/Public/home/js/jquery.min.map
ERR: 无法加载模块:Public

[ 2016-08-26T22:41:51+08:00 ] ::1 /SpSp/Public/home/js/jquery.min.map
ERR: 无法加载模块:Public

[ 2016-08-26T22:57:39+08:00 ] ::1 /SpSp/Public/home/js/jquery.min.map
ERR: 无法加载模块:Public

[ 2016-08-26T22:57:49+08:00 ] ::1 /SpSp/Public/home/js/jquery.min.map
ERR: 无法加载模块:Public

[ 2016-08-26T22:57:51+08:00 ] ::1 /SpSp/Public/home/js/jquery.min.map
ERR: 无法加载模块:Public

[ 2016-08-26T23:04:04+08:00 ] ::1 /SpSp/Public/home/js/jquery.min.map
ERR: 无法加载模块:Public

[ 2016-08-26T23:04:06+08:00 ] ::1 /SpSp/Public/home/js/jquery.min.map
ERR: 无法加载模块:Public

[ 2016-08-26T23:05:34+08:00 ] ::1 /SpSp/Public/home/js/jquery.min.map
ERR: 无法加载模块:Public

[ 2016-08-26T23:05:37+08:00 ] ::1 /SpSp/Public/home/js/jquery.min.map
ERR: 无法加载模块:Public

[ 2016-08-26T23:06:21+08:00 ] ::1 /SpSp/Public/home/js/jquery.min.map
ERR: 无法加载模块:Public

[ 2016-08-26T23:06:23+08:00 ] ::1 /SpSp/Public/home/js/jquery.min.map
ERR: 无法加载模块:Public

[ 2016-08-26T23:06:25+08:00 ] ::1 /SpSp/Public/home/js/jquery.min.map
ERR: 无法加载模块:Public

[ 2016-08-26T23:07:05+08:00 ] ::1 /SpSp/Public/home/js/jquery.min.map
ERR: 无法加载模块:Public

[ 2016-08-26T23:07:08+08:00 ] ::1 /SpSp/Public/home/js/jquery.min.map
ERR: 无法加载模块:Public

[ 2016-08-26T23:07:12+08:00 ] ::1 /SpSp/Public/home/js/jquery.min.map
ERR: 无法加载模块:Public

[ 2016-08-26T23:07:56+08:00 ] ::1 /SpSp/Public/home/js/jquery.min.map
ERR: 无法加载模块:Public

[ 2016-08-26T23:07:58+08:00 ] ::1 /SpSp/Public/home/js/jquery.min.map
ERR: 无法加载模块:Public

[ 2016-08-26T23:08:23+08:00 ] ::1 /SpSp/Public/home/js/jquery.min.map
ERR: 无法加载模块:Public

[ 2016-08-26T23:08:25+08:00 ] ::1 /SpSp/Public/home/js/jquery.min.map
ERR: 无法加载模块:Public

[ 2016-08-26T23:17:02+08:00 ] ::1 /SpSp/Public/home/js/jquery.min.map
ERR: 无法加载模块:Public

[ 2016-08-26T23:17:08+08:00 ] ::1 /SpSp/Public/home/js/jquery.min.map
ERR: 无法加载模块:Public

[ 2016-08-26T23:20:09+08:00 ] ::1 /SpSp/Public/home/js/jquery.min.map
ERR: 无法加载模块:Public

[ 2016-08-26T23:20:11+08:00 ] ::1 /SpSp/Public/home/js/jquery.min.map
ERR: 无法加载模块:Public

[ 2016-08-26T23:20:13+08:00 ] ::1 /SpSp/Public/home/js/jquery.min.map
ERR: 无法加载模块:Public

[ 2016-08-26T23:44:24+08:00 ] ::1 /SpSp/Public/home/js/jquery.min.map
ERR: 无法加载模块:Public

[ 2016-08-26T23:44:26+08:00 ] ::1 /SpSp/Public/home/js/jquery.min.map
ERR: 无法加载模块:Public

[ 2016-08-26T23:44:28+08:00 ] ::1 /SpSp/Public/home/js/jquery.min.map
ERR: 无法加载模块:Public

[ 2016-08-26T23:49:14+08:00 ] ::1 /SpSp/Public/home/js/jquery.min.map
ERR: 无法加载模块:Public

