[ 2016-08-28T00:39:26+08:00 ] ::1 /SpSp/images/logo.jpg
ERR: 无法加载模块:Images

[ 2016-08-28T00:39:26+08:00 ] ::1 /SpSp/images/des_sm.jpg
ERR: 无法加载模块:Images

[ 2016-08-28T00:39:26+08:00 ] ::1 /SpSp/images/webLogo.jpg
ERR: 无法加载模块:Images

[ 2016-08-28T00:39:28+08:00 ] ::1 /SpSp/style/main.css
ERR: 无法加载模块:Style

[ 2016-08-28T00:39:28+08:00 ] ::1 /SpSp/style/reset.css
ERR: 无法加载模块:Style

[ 2016-08-28T00:39:28+08:00 ] ::1 /SpSp/images/logo.jpg
ERR: 无法加载模块:Images

[ 2016-08-28T00:39:28+08:00 ] ::1 /SpSp/images/des_sm.jpg
ERR: 无法加载模块:Images

[ 2016-08-28T00:39:28+08:00 ] ::1 /SpSp/images/webLogo.jpg
ERR: 无法加载模块:Images

[ 2016-08-28T00:40:51+08:00 ] ::1 /SpSp/style/reset.css
ERR: 无法加载模块:Style

[ 2016-08-28T00:40:51+08:00 ] ::1 /SpSp/style/main.css
ERR: 无法加载模块:Style

[ 2016-08-28T00:40:51+08:00 ] ::1 /SpSp/images/logo.jpg
ERR: 无法加载模块:Images

[ 2016-08-28T00:40:51+08:00 ] ::1 /SpSp/images/des_sm.jpg
ERR: 无法加载模块:Images

[ 2016-08-28T00:40:51+08:00 ] ::1 /SpSp/images/webLogo.jpg
ERR: 无法加载模块:Images

[ 2016-08-28T00:54:25+08:00 ] ::1 /SpSp/style/reset.css
ERR: 无法加载模块:Style

[ 2016-08-28T00:54:25+08:00 ] ::1 /SpSp/style/main.css
ERR: 无法加载模块:Style

[ 2016-08-28T00:54:25+08:00 ] ::1 /SpSp/images/logo.jpg
ERR: 无法加载模块:Images

[ 2016-08-28T00:54:25+08:00 ] ::1 /SpSp/images/webLogo.jpg
ERR: 无法加载模块:Images

[ 2016-08-28T00:54:25+08:00 ] ::1 /SpSp/images/des_sm.jpg
ERR: 无法加载模块:Images

[ 2016-08-28T00:54:28+08:00 ] ::1 /SpSp/style/main.css
ERR: 无法加载模块:Style

[ 2016-08-28T00:54:28+08:00 ] ::1 /SpSp/style/reset.css
ERR: 无法加载模块:Style

[ 2016-08-28T00:54:28+08:00 ] ::1 /SpSp/images/logo.jpg
ERR: 无法加载模块:Images

[ 2016-08-28T00:54:28+08:00 ] ::1 /SpSp/images/des_sm.jpg
ERR: 无法加载模块:Images

[ 2016-08-28T00:54:28+08:00 ] ::1 /SpSp/images/webLogo.jpg
ERR: 无法加载模块:Images

[ 2016-08-28T15:44:50+08:00 ] ::1 /SpSp/Public/admin/images/logo_index.png
ERR: 无法加载模块:Public

[ 2016-08-28T15:44:50+08:00 ] ::1 /SpSp/Public/admin/images/icon/i.png
ERR: 无法加载模块:Public

[ 2016-08-28T15:44:50+08:00 ] ::1 /SpSp/Public/admin/images/icon/j.png
ERR: 无法加载模块:Public

[ 2016-08-28T15:44:50+08:00 ] ::1 /SpSp/Public/admin/images/icon/e.png
ERR: 无法加载模块:Public

[ 2016-08-28T15:44:50+08:00 ] ::1 /SpSp/Public/admin/images/icon/t.png
ERR: 无法加载模块:Public

[ 2016-08-28T15:44:50+08:00 ] ::1 /SpSp/Public/admin/images/icon/n.png
ERR: 无法加载模块:Public

[ 2016-08-28T15:51:41+08:00 ] ::1 /SpSp/Public/admin/images/icon/i.png
ERR: 无法加载模块:Public

[ 2016-08-28T15:51:41+08:00 ] ::1 /SpSp/Public/admin/images/logo_index.png
ERR: 无法加载模块:Public

[ 2016-08-28T15:51:41+08:00 ] ::1 /SpSp/Public/admin/images/icon/t.png
ERR: 无法加载模块:Public

[ 2016-08-28T15:51:41+08:00 ] ::1 /SpSp/Public/admin/images/icon/n.png
ERR: 无法加载模块:Public

[ 2016-08-28T15:51:41+08:00 ] ::1 /SpSp/Public/admin/images/icon/e.png
ERR: 无法加载模块:Public

[ 2016-08-28T15:51:41+08:00 ] ::1 /SpSp/Public/admin/images/icon/j.png
ERR: 无法加载模块:Public

[ 2016-08-28T15:51:53+08:00 ] ::1 /SpSp/Public/admin/images/icon/j.png
ERR: 无法加载模块:Public

[ 2016-08-28T15:51:53+08:00 ] ::1 /SpSp/Public/admin/images/icon/t.png
ERR: 无法加载模块:Public

[ 2016-08-28T15:51:53+08:00 ] ::1 /SpSp/Public/admin/images/logo_index.png
ERR: 无法加载模块:Public

[ 2016-08-28T15:51:53+08:00 ] ::1 /SpSp/Public/admin/images/icon/e.png
ERR: 无法加载模块:Public

[ 2016-08-28T15:51:53+08:00 ] ::1 /SpSp/Public/admin/images/icon/i.png
ERR: 无法加载模块:Public

[ 2016-08-28T15:51:53+08:00 ] ::1 /SpSp/Public/admin/images/icon/n.png
ERR: 无法加载模块:Public

[ 2016-08-28T15:51:54+08:00 ] ::1 /SpSp/Public/admin/images/icon/t.png
ERR: 无法加载模块:Public

[ 2016-08-28T15:51:54+08:00 ] ::1 /SpSp/Public/admin/images/icon/i.png
ERR: 无法加载模块:Public

[ 2016-08-28T15:51:54+08:00 ] ::1 /SpSp/Public/admin/images/icon/j.png
ERR: 无法加载模块:Public

[ 2016-08-28T15:51:54+08:00 ] ::1 /SpSp/Public/admin/images/logo_index.png
ERR: 无法加载模块:Public

[ 2016-08-28T15:51:54+08:00 ] ::1 /SpSp/Public/admin/images/icon/n.png
ERR: 无法加载模块:Public

[ 2016-08-28T15:51:54+08:00 ] ::1 /SpSp/Public/admin/images/icon/e.png
ERR: 无法加载模块:Public

[ 2016-08-28T15:52:25+08:00 ] ::1 /SpSp/Public/admin/images/icon/t.png
ERR: 无法加载模块:Public

[ 2016-08-28T15:52:25+08:00 ] ::1 /SpSp/Public/admin/images/icon/n.png
ERR: 无法加载模块:Public

[ 2016-08-28T15:52:25+08:00 ] ::1 /SpSp/Public/admin/images/logo_index.png
ERR: 无法加载模块:Public

[ 2016-08-28T15:52:25+08:00 ] ::1 /SpSp/Public/admin/images/icon/j.png
ERR: 无法加载模块:Public

[ 2016-08-28T15:52:25+08:00 ] ::1 /SpSp/Public/admin/images/icon/e.png
ERR: 无法加载模块:Public

[ 2016-08-28T15:52:25+08:00 ] ::1 /SpSp/Public/admin/images/icon/i.png
ERR: 无法加载模块:Public

[ 2016-08-28T15:53:22+08:00 ] ::1 /SpSp/Public/admin/images/logo_index.png
ERR: 无法加载模块:Public

[ 2016-08-28T15:53:22+08:00 ] ::1 /SpSp/Public/admin/images/icon/i.png
ERR: 无法加载模块:Public

[ 2016-08-28T15:53:22+08:00 ] ::1 /SpSp/Public/admin/images/icon/t.png
ERR: 无法加载模块:Public

[ 2016-08-28T15:53:22+08:00 ] ::1 /SpSp/Public/admin/images/icon/n.png
ERR: 无法加载模块:Public

[ 2016-08-28T15:53:22+08:00 ] ::1 /SpSp/Public/admin/images/icon/e.png
ERR: 无法加载模块:Public

[ 2016-08-28T15:53:22+08:00 ] ::1 /SpSp/Public/admin/images/icon/j.png
ERR: 无法加载模块:Public

[ 2016-08-28T15:53:24+08:00 ] ::1 /SpSp/Public/admin/images/icon/e.png
ERR: 无法加载模块:Public

[ 2016-08-28T15:53:24+08:00 ] ::1 /SpSp/Public/admin/images/icon/n.png
ERR: 无法加载模块:Public

[ 2016-08-28T15:53:24+08:00 ] ::1 /SpSp/Public/admin/images/icon/i.png
ERR: 无法加载模块:Public

[ 2016-08-28T15:53:24+08:00 ] ::1 /SpSp/Public/admin/images/logo_index.png
ERR: 无法加载模块:Public

[ 2016-08-28T15:53:24+08:00 ] ::1 /SpSp/Public/admin/images/icon/t.png
ERR: 无法加载模块:Public

[ 2016-08-28T15:53:24+08:00 ] ::1 /SpSp/Public/admin/images/icon/j.png
ERR: 无法加载模块:Public

[ 2016-08-28T15:53:40+08:00 ] ::1 /SpSp/Public/admin/images/logo_index.png
ERR: 无法加载模块:Public

[ 2016-08-28T15:53:40+08:00 ] ::1 /SpSp/Public/admin/images/icon/j.png
ERR: 无法加载模块:Public

[ 2016-08-28T15:53:40+08:00 ] ::1 /SpSp/Public/admin/images/icon/n.png
ERR: 无法加载模块:Public

[ 2016-08-28T15:53:40+08:00 ] ::1 /SpSp/Public/admin/images/icon/t.png
ERR: 无法加载模块:Public

[ 2016-08-28T15:53:40+08:00 ] ::1 /SpSp/Public/admin/images/icon/e.png
ERR: 无法加载模块:Public

[ 2016-08-28T15:53:40+08:00 ] ::1 /SpSp/Public/admin/images/icon/i.png
ERR: 无法加载模块:Public

[ 2016-08-28T15:53:41+08:00 ] ::1 /SpSp/Public/admin/images/icon/i.png
ERR: 无法加载模块:Public

[ 2016-08-28T15:53:41+08:00 ] ::1 /SpSp/Public/admin/images/icon/e.png
ERR: 无法加载模块:Public

[ 2016-08-28T15:53:41+08:00 ] ::1 /SpSp/Public/admin/images/logo_index.png
ERR: 无法加载模块:Public

[ 2016-08-28T15:53:42+08:00 ] ::1 /SpSp/Public/admin/images/icon/j.png
ERR: 无法加载模块:Public

[ 2016-08-28T15:53:42+08:00 ] ::1 /SpSp/Public/admin/images/icon/t.png
ERR: 无法加载模块:Public

[ 2016-08-28T15:53:42+08:00 ] ::1 /SpSp/Public/admin/images/icon/n.png
ERR: 无法加载模块:Public

[ 2016-08-28T15:53:42+08:00 ] ::1 /SpSp/Public/admin/images/icon/e.png
ERR: 无法加载模块:Public

[ 2016-08-28T15:53:42+08:00 ] ::1 /SpSp/Public/admin/images/icon/j.png
ERR: 无法加载模块:Public

[ 2016-08-28T15:53:42+08:00 ] ::1 /SpSp/Public/admin/images/icon/i.png
ERR: 无法加载模块:Public

[ 2016-08-28T15:53:42+08:00 ] ::1 /SpSp/Public/admin/images/icon/t.png
ERR: 无法加载模块:Public

[ 2016-08-28T15:53:42+08:00 ] ::1 /SpSp/Public/admin/images/icon/n.png
ERR: 无法加载模块:Public

[ 2016-08-28T15:53:42+08:00 ] ::1 /SpSp/Public/admin/images/logo_index.png
ERR: 无法加载模块:Public

[ 2016-08-28T15:54:21+08:00 ] ::1 /SpSp/Public/admin/images/icon/i.png
ERR: 无法加载模块:Public

[ 2016-08-28T15:54:21+08:00 ] ::1 /SpSp/Public/admin/images/logo_index.png
ERR: 无法加载模块:Public

[ 2016-08-28T15:54:22+08:00 ] ::1 /SpSp/Public/admin/images/icon/e.png
ERR: 无法加载模块:Public

[ 2016-08-28T15:54:22+08:00 ] ::1 /SpSp/Public/admin/images/icon/j.png
ERR: 无法加载模块:Public

[ 2016-08-28T15:54:22+08:00 ] ::1 /SpSp/Public/admin/images/icon/n.png
ERR: 无法加载模块:Public

[ 2016-08-28T15:54:22+08:00 ] ::1 /SpSp/Public/admin/images/icon/t.png
ERR: 无法加载模块:Public

[ 2016-08-28T15:54:23+08:00 ] ::1 /SpSp/Public/admin/images/icon/n.png
ERR: 无法加载模块:Public

[ 2016-08-28T15:54:23+08:00 ] ::1 /SpSp/Public/admin/images/icon/j.png
ERR: 无法加载模块:Public

[ 2016-08-28T15:54:23+08:00 ] ::1 /SpSp/Public/admin/images/icon/e.png
ERR: 无法加载模块:Public

[ 2016-08-28T15:54:23+08:00 ] ::1 /SpSp/Public/admin/images/icon/t.png
ERR: 无法加载模块:Public

[ 2016-08-28T15:54:23+08:00 ] ::1 /SpSp/Public/admin/images/icon/i.png
ERR: 无法加载模块:Public

[ 2016-08-28T15:54:23+08:00 ] ::1 /SpSp/Public/admin/images/logo_index.png
ERR: 无法加载模块:Public

[ 2016-08-28T15:54:28+08:00 ] ::1 /SpSp/Public/admin/images/icon/n.png
ERR: 无法加载模块:Public

[ 2016-08-28T15:54:28+08:00 ] ::1 /SpSp/Public/admin/images/icon/i.png
ERR: 无法加载模块:Public

[ 2016-08-28T15:54:28+08:00 ] ::1 /SpSp/Public/admin/images/icon/e.png
ERR: 无法加载模块:Public

[ 2016-08-28T15:54:28+08:00 ] ::1 /SpSp/Public/admin/images/logo_index.png
ERR: 无法加载模块:Public

[ 2016-08-28T15:54:28+08:00 ] ::1 /SpSp/Public/admin/images/icon/j.png
ERR: 无法加载模块:Public

[ 2016-08-28T15:54:28+08:00 ] ::1 /SpSp/Public/admin/images/icon/t.png
ERR: 无法加载模块:Public

[ 2016-08-28T15:54:33+08:00 ] ::1 /SpSp/Public/admin/images/icon/i.png
ERR: 无法加载模块:Public

[ 2016-08-28T15:54:33+08:00 ] ::1 /SpSp/Public/admin/images/icon/j.png
ERR: 无法加载模块:Public

[ 2016-08-28T15:54:33+08:00 ] ::1 /SpSp/Public/admin/images/icon/e.png
ERR: 无法加载模块:Public

[ 2016-08-28T15:54:33+08:00 ] ::1 /SpSp/Public/admin/images/logo_index.png
ERR: 无法加载模块:Public

[ 2016-08-28T15:54:33+08:00 ] ::1 /SpSp/Public/admin/images/icon/n.png
ERR: 无法加载模块:Public

[ 2016-08-28T15:54:33+08:00 ] ::1 /SpSp/Public/admin/images/icon/t.png
ERR: 无法加载模块:Public

[ 2016-08-28T15:54:37+08:00 ] ::1 /SpSp/Public/admin/images/icon/i.png
ERR: 无法加载模块:Public

[ 2016-08-28T15:54:37+08:00 ] ::1 /SpSp/Public/admin/images/icon/j.png
ERR: 无法加载模块:Public

[ 2016-08-28T15:54:37+08:00 ] ::1 /SpSp/Public/admin/images/icon/t.png
ERR: 无法加载模块:Public

[ 2016-08-28T15:54:38+08:00 ] ::1 /SpSp/Public/admin/images/icon/n.png
ERR: 无法加载模块:Public

[ 2016-08-28T15:54:38+08:00 ] ::1 /SpSp/Public/admin/images/logo_index.png
ERR: 无法加载模块:Public

[ 2016-08-28T15:54:38+08:00 ] ::1 /SpSp/Public/admin/images/icon/e.png
ERR: 无法加载模块:Public

[ 2016-08-28T15:54:56+08:00 ] ::1 /SpSp/Public/admin/images/logo_index.png
ERR: 无法加载模块:Public

[ 2016-08-28T15:54:56+08:00 ] ::1 /SpSp/Public/admin/images/icon/i.png
ERR: 无法加载模块:Public

[ 2016-08-28T15:54:56+08:00 ] ::1 /SpSp/Public/admin/images/icon/j.png
ERR: 无法加载模块:Public

[ 2016-08-28T15:54:56+08:00 ] ::1 /SpSp/Public/admin/images/icon/n.png
ERR: 无法加载模块:Public

[ 2016-08-28T15:54:56+08:00 ] ::1 /SpSp/Public/admin/images/icon/t.png
ERR: 无法加载模块:Public

[ 2016-08-28T15:54:56+08:00 ] ::1 /SpSp/Public/admin/images/icon/e.png
ERR: 无法加载模块:Public

[ 2016-08-28T15:54:58+08:00 ] ::1 /SpSp/Public/admin/images/icon/i.png
ERR: 无法加载模块:Public

[ 2016-08-28T15:54:58+08:00 ] ::1 /SpSp/Public/admin/images/icon/n.png
ERR: 无法加载模块:Public

[ 2016-08-28T15:54:58+08:00 ] ::1 /SpSp/Public/admin/images/logo_index.png
ERR: 无法加载模块:Public

[ 2016-08-28T15:54:58+08:00 ] ::1 /SpSp/Public/admin/images/icon/j.png
ERR: 无法加载模块:Public

[ 2016-08-28T15:54:58+08:00 ] ::1 /SpSp/Public/admin/images/icon/t.png
ERR: 无法加载模块:Public

[ 2016-08-28T15:54:58+08:00 ] ::1 /SpSp/Public/admin/images/icon/e.png
ERR: 无法加载模块:Public

[ 2016-08-28T15:54:59+08:00 ] ::1 /SpSp/Public/admin/images/logo_index.png
ERR: 无法加载模块:Public

[ 2016-08-28T15:54:59+08:00 ] ::1 /SpSp/Public/admin/images/icon/e.png
ERR: 无法加载模块:Public

[ 2016-08-28T15:54:59+08:00 ] ::1 /SpSp/Public/admin/images/icon/n.png
ERR: 无法加载模块:Public

[ 2016-08-28T15:54:59+08:00 ] ::1 /SpSp/Public/admin/images/icon/j.png
ERR: 无法加载模块:Public

[ 2016-08-28T15:54:59+08:00 ] ::1 /SpSp/Public/admin/images/icon/t.png
ERR: 无法加载模块:Public

[ 2016-08-28T15:54:59+08:00 ] ::1 /SpSp/Public/admin/images/icon/i.png
ERR: 无法加载模块:Public

[ 2016-08-28T15:55:00+08:00 ] ::1 /SpSp/Public/admin/images/logo_index.png
ERR: 无法加载模块:Public

[ 2016-08-28T15:55:00+08:00 ] ::1 /SpSp/Public/admin/images/icon/i.png
ERR: 无法加载模块:Public

[ 2016-08-28T15:55:00+08:00 ] ::1 /SpSp/Public/admin/images/icon/e.png
ERR: 无法加载模块:Public

[ 2016-08-28T15:55:00+08:00 ] ::1 /SpSp/Public/admin/images/icon/t.png
ERR: 无法加载模块:Public

[ 2016-08-28T15:55:00+08:00 ] ::1 /SpSp/Public/admin/images/icon/n.png
ERR: 无法加载模块:Public

[ 2016-08-28T15:55:00+08:00 ] ::1 /SpSp/Public/admin/images/logo_index.png
ERR: 无法加载模块:Public

[ 2016-08-28T15:55:00+08:00 ] ::1 /SpSp/Public/admin/images/icon/n.png
ERR: 无法加载模块:Public

[ 2016-08-28T15:55:00+08:00 ] ::1 /SpSp/Public/admin/images/icon/i.png
ERR: 无法加载模块:Public

[ 2016-08-28T15:55:00+08:00 ] ::1 /SpSp/Public/admin/images/icon/t.png
ERR: 无法加载模块:Public

[ 2016-08-28T15:55:00+08:00 ] ::1 /SpSp/Public/admin/images/icon/e.png
ERR: 无法加载模块:Public

[ 2016-08-28T15:55:01+08:00 ] ::1 /SpSp/Public/admin/images/logo_index.png
ERR: 无法加载模块:Public

[ 2016-08-28T15:55:01+08:00 ] ::1 /SpSp/Public/admin/images/icon/j.png
ERR: 无法加载模块:Public

[ 2016-08-28T15:55:01+08:00 ] ::1 /SpSp/Public/admin/images/icon/t.png
ERR: 无法加载模块:Public

[ 2016-08-28T15:55:01+08:00 ] ::1 /SpSp/Public/admin/images/icon/e.png
ERR: 无法加载模块:Public

[ 2016-08-28T15:55:01+08:00 ] ::1 /SpSp/Public/admin/images/icon/n.png
ERR: 无法加载模块:Public

[ 2016-08-28T15:55:01+08:00 ] ::1 /SpSp/Public/admin/images/icon/i.png
ERR: 无法加载模块:Public

[ 2016-08-28T15:55:01+08:00 ] ::1 /SpSp/Public/admin/images/icon/i.png
ERR: 无法加载模块:Public

[ 2016-08-28T15:55:01+08:00 ] ::1 /SpSp/Public/admin/images/icon/j.png
ERR: 无法加载模块:Public

[ 2016-08-28T15:55:01+08:00 ] ::1 /SpSp/Public/admin/images/logo_index.png
ERR: 无法加载模块:Public

[ 2016-08-28T15:55:01+08:00 ] ::1 /SpSp/Public/admin/images/icon/t.png
ERR: 无法加载模块:Public

[ 2016-08-28T15:55:01+08:00 ] ::1 /SpSp/Public/admin/images/icon/e.png
ERR: 无法加载模块:Public

[ 2016-08-28T15:55:01+08:00 ] ::1 /SpSp/Public/admin/images/icon/n.png
ERR: 无法加载模块:Public

[ 2016-08-28T15:55:02+08:00 ] ::1 /SpSp/Public/admin/images/logo_index.png
ERR: 无法加载模块:Public

[ 2016-08-28T15:55:02+08:00 ] ::1 /SpSp/Public/admin/images/icon/i.png
ERR: 无法加载模块:Public

[ 2016-08-28T15:55:02+08:00 ] ::1 /SpSp/Public/admin/images/icon/n.png
ERR: 无法加载模块:Public

[ 2016-08-28T15:55:02+08:00 ] ::1 /SpSp/Public/admin/images/icon/t.png
ERR: 无法加载模块:Public

[ 2016-08-28T15:55:02+08:00 ] ::1 /SpSp/Public/admin/images/icon/j.png
ERR: 无法加载模块:Public

[ 2016-08-28T15:55:02+08:00 ] ::1 /SpSp/Public/admin/images/icon/e.png
ERR: 无法加载模块:Public

[ 2016-08-28T15:55:03+08:00 ] ::1 /SpSp/Public/admin/images/logo_index.png
ERR: 无法加载模块:Public

[ 2016-08-28T15:55:03+08:00 ] ::1 /SpSp/Public/admin/images/icon/t.png
ERR: 无法加载模块:Public

[ 2016-08-28T15:55:03+08:00 ] ::1 /SpSp/Public/admin/images/icon/i.png
ERR: 无法加载模块:Public

[ 2016-08-28T15:55:03+08:00 ] ::1 /SpSp/Public/admin/images/icon/n.png
ERR: 无法加载模块:Public

[ 2016-08-28T15:55:03+08:00 ] ::1 /SpSp/Public/admin/images/icon/e.png
ERR: 无法加载模块:Public

[ 2016-08-28T15:55:03+08:00 ] ::1 /SpSp/Public/admin/images/icon/j.png
ERR: 无法加载模块:Public

[ 2016-08-28T15:55:05+08:00 ] ::1 /SpSp/Public/admin/images/icon/i.png
ERR: 无法加载模块:Public

[ 2016-08-28T15:55:05+08:00 ] ::1 /SpSp/Public/admin/images/icon/j.png
ERR: 无法加载模块:Public

[ 2016-08-28T15:55:05+08:00 ] ::1 /SpSp/Public/admin/images/logo_index.png
ERR: 无法加载模块:Public

[ 2016-08-28T15:55:05+08:00 ] ::1 /SpSp/Public/admin/images/icon/t.png
ERR: 无法加载模块:Public

[ 2016-08-28T15:55:05+08:00 ] ::1 /SpSp/Public/admin/images/icon/n.png
ERR: 无法加载模块:Public

[ 2016-08-28T15:55:05+08:00 ] ::1 /SpSp/Public/admin/images/icon/e.png
ERR: 无法加载模块:Public

[ 2016-08-28T15:55:06+08:00 ] ::1 /SpSp/Public/admin/images/icon/i.png
ERR: 无法加载模块:Public

[ 2016-08-28T15:55:06+08:00 ] ::1 /SpSp/Public/admin/images/icon/j.png
ERR: 无法加载模块:Public

[ 2016-08-28T15:55:06+08:00 ] ::1 /SpSp/Public/admin/images/logo_index.png
ERR: 无法加载模块:Public

[ 2016-08-28T15:55:06+08:00 ] ::1 /SpSp/Public/admin/images/icon/t.png
ERR: 无法加载模块:Public

[ 2016-08-28T15:55:06+08:00 ] ::1 /SpSp/Public/admin/images/icon/n.png
ERR: 无法加载模块:Public

[ 2016-08-28T15:55:06+08:00 ] ::1 /SpSp/Public/admin/images/icon/e.png
ERR: 无法加载模块:Public

[ 2016-08-28T15:55:29+08:00 ] ::1 /SpSp/Public/admin/images/icon/i.png
ERR: 无法加载模块:Public

[ 2016-08-28T15:55:29+08:00 ] ::1 /SpSp/Public/admin/images/logo_index.png
ERR: 无法加载模块:Public

[ 2016-08-28T15:55:29+08:00 ] ::1 /SpSp/Public/admin/images/icon/j.png
ERR: 无法加载模块:Public

[ 2016-08-28T15:55:29+08:00 ] ::1 /SpSp/Public/admin/images/icon/n.png
ERR: 无法加载模块:Public

[ 2016-08-28T15:55:29+08:00 ] ::1 /SpSp/Public/admin/images/icon/e.png
ERR: 无法加载模块:Public

[ 2016-08-28T15:55:29+08:00 ] ::1 /SpSp/Public/admin/images/icon/t.png
ERR: 无法加载模块:Public

[ 2016-08-28T15:55:30+08:00 ] ::1 /SpSp/Public/admin/images/icon/i.png
ERR: 无法加载模块:Public

[ 2016-08-28T15:55:30+08:00 ] ::1 /SpSp/Public/admin/images/icon/n.png
ERR: 无法加载模块:Public

[ 2016-08-28T15:55:30+08:00 ] ::1 /SpSp/Public/admin/images/icon/e.png
ERR: 无法加载模块:Public

[ 2016-08-28T15:55:30+08:00 ] ::1 /SpSp/Public/admin/images/logo_index.png
ERR: 无法加载模块:Public

[ 2016-08-28T15:55:30+08:00 ] ::1 /SpSp/Public/admin/images/icon/j.png
ERR: 无法加载模块:Public

[ 2016-08-28T15:55:30+08:00 ] ::1 /SpSp/Public/admin/images/icon/t.png
ERR: 无法加载模块:Public

[ 2016-08-28T15:55:32+08:00 ] ::1 /SpSp/Public/admin/images/logo_index.png
ERR: 无法加载模块:Public

[ 2016-08-28T15:55:32+08:00 ] ::1 /SpSp/Public/admin/images/icon/i.png
ERR: 无法加载模块:Public

[ 2016-08-28T15:55:32+08:00 ] ::1 /SpSp/Public/admin/images/icon/j.png
ERR: 无法加载模块:Public

[ 2016-08-28T15:55:32+08:00 ] ::1 /SpSp/Public/admin/images/icon/t.png
ERR: 无法加载模块:Public

[ 2016-08-28T15:55:32+08:00 ] ::1 /SpSp/Public/admin/images/icon/n.png
ERR: 无法加载模块:Public

[ 2016-08-28T15:55:32+08:00 ] ::1 /SpSp/Public/admin/images/icon/e.png
ERR: 无法加载模块:Public

[ 2016-08-28T15:55:34+08:00 ] ::1 /SpSp/Public/admin/images/icon/i.png
ERR: 无法加载模块:Public

[ 2016-08-28T15:55:34+08:00 ] ::1 /SpSp/Public/admin/images/logo_index.png
ERR: 无法加载模块:Public

[ 2016-08-28T15:55:34+08:00 ] ::1 /SpSp/Public/admin/images/icon/e.png
ERR: 无法加载模块:Public

[ 2016-08-28T15:55:34+08:00 ] ::1 /SpSp/Public/admin/images/icon/n.png
ERR: 无法加载模块:Public

[ 2016-08-28T15:55:34+08:00 ] ::1 /SpSp/Public/admin/images/icon/j.png
ERR: 无法加载模块:Public

[ 2016-08-28T15:55:34+08:00 ] ::1 /SpSp/Public/admin/images/icon/t.png
ERR: 无法加载模块:Public

[ 2016-08-28T15:56:25+08:00 ] ::1 /SpSp/Public/admin/images/icon/i.png
ERR: 无法加载模块:Public

[ 2016-08-28T15:56:25+08:00 ] ::1 /SpSp/Public/admin/images/logo_index.png
ERR: 无法加载模块:Public

[ 2016-08-28T15:56:25+08:00 ] ::1 /SpSp/Public/admin/images/icon/t.png
ERR: 无法加载模块:Public

[ 2016-08-28T15:56:25+08:00 ] ::1 /SpSp/Public/admin/images/icon/e.png
ERR: 无法加载模块:Public

[ 2016-08-28T15:56:25+08:00 ] ::1 /SpSp/Public/admin/images/icon/j.png
ERR: 无法加载模块:Public

[ 2016-08-28T15:56:25+08:00 ] ::1 /SpSp/Public/admin/images/icon/n.png
ERR: 无法加载模块:Public

[ 2016-08-28T15:56:25+08:00 ] ::1 /SpSp/Public/admin/images/icon/t.png
ERR: 无法加载模块:Public

[ 2016-08-28T15:56:25+08:00 ] ::1 /SpSp/Public/admin/images/logo_index.png
ERR: 无法加载模块:Public

[ 2016-08-28T15:56:25+08:00 ] ::1 /SpSp/Public/admin/images/icon/e.png
ERR: 无法加载模块:Public

[ 2016-08-28T15:56:25+08:00 ] ::1 /SpSp/Public/admin/images/icon/i.png
ERR: 无法加载模块:Public

[ 2016-08-28T15:56:25+08:00 ] ::1 /SpSp/Public/admin/images/icon/j.png
ERR: 无法加载模块:Public

[ 2016-08-28T15:56:25+08:00 ] ::1 /SpSp/Public/admin/images/icon/n.png
ERR: 无法加载模块:Public

[ 2016-08-28T15:56:56+08:00 ] ::1 /SpSp/Public/admin/images/icon/i.png
ERR: 无法加载模块:Public

[ 2016-08-28T15:56:56+08:00 ] ::1 /SpSp/Public/admin/images/logo_index.png
ERR: 无法加载模块:Public

[ 2016-08-28T15:56:56+08:00 ] ::1 /SpSp/Public/admin/images/icon/j.png
ERR: 无法加载模块:Public

[ 2016-08-28T15:56:56+08:00 ] ::1 /SpSp/Public/admin/images/icon/e.png
ERR: 无法加载模块:Public

[ 2016-08-28T15:56:56+08:00 ] ::1 /SpSp/Public/admin/images/icon/t.png
ERR: 无法加载模块:Public

[ 2016-08-28T15:56:56+08:00 ] ::1 /SpSp/Public/admin/images/icon/n.png
ERR: 无法加载模块:Public

[ 2016-08-28T15:57:23+08:00 ] ::1 /SpSp/Public/admin/images/icon/j.png
ERR: 无法加载模块:Public

[ 2016-08-28T15:57:23+08:00 ] ::1 /SpSp/Public/admin/images/icon/n.png
ERR: 无法加载模块:Public

[ 2016-08-28T15:57:23+08:00 ] ::1 /SpSp/Public/admin/images/logo_index.png
ERR: 无法加载模块:Public

[ 2016-08-28T15:57:23+08:00 ] ::1 /SpSp/Public/admin/images/icon/e.png
ERR: 无法加载模块:Public

[ 2016-08-28T15:57:23+08:00 ] ::1 /SpSp/Public/admin/images/icon/t.png
ERR: 无法加载模块:Public

[ 2016-08-28T15:57:23+08:00 ] ::1 /SpSp/Public/admin/images/icon/i.png
ERR: 无法加载模块:Public

[ 2016-08-28T15:58:32+08:00 ] ::1 /SpSp/Public/admin/images/icon/j.png
ERR: 无法加载模块:Public

[ 2016-08-28T15:58:32+08:00 ] ::1 /SpSp/Public/admin/images/logo_index.png
ERR: 无法加载模块:Public

[ 2016-08-28T15:58:32+08:00 ] ::1 /SpSp/Public/admin/images/icon/i.png
ERR: 无法加载模块:Public

[ 2016-08-28T15:58:32+08:00 ] ::1 /SpSp/Public/admin/images/icon/n.png
ERR: 无法加载模块:Public

[ 2016-08-28T15:58:32+08:00 ] ::1 /SpSp/Public/admin/images/icon/t.png
ERR: 无法加载模块:Public

[ 2016-08-28T15:58:32+08:00 ] ::1 /SpSp/Public/admin/images/icon/e.png
ERR: 无法加载模块:Public

[ 2016-08-28T16:01:52+08:00 ] ::1 /SpSp/Public/admin/images/icon/i.png
ERR: 无法加载模块:Public

[ 2016-08-28T16:01:52+08:00 ] ::1 /SpSp/Public/admin/images/icon/e.png
ERR: 无法加载模块:Public

[ 2016-08-28T16:01:52+08:00 ] ::1 /SpSp/Public/admin/images/icon/j.png
ERR: 无法加载模块:Public

[ 2016-08-28T16:01:52+08:00 ] ::1 /SpSp/Public/admin/images/logo_index.png
ERR: 无法加载模块:Public

[ 2016-08-28T16:01:52+08:00 ] ::1 /SpSp/Public/admin/images/icon/t.png
ERR: 无法加载模块:Public

[ 2016-08-28T16:01:52+08:00 ] ::1 /SpSp/Public/admin/images/icon/n.png
ERR: 无法加载模块:Public

[ 2016-08-28T16:03:39+08:00 ] ::1 /SpSp/Public/admin/images/logo_index.png
ERR: 无法加载模块:Public

[ 2016-08-28T16:03:39+08:00 ] ::1 /SpSp/Public/admin/images/icon/n.png
ERR: 无法加载模块:Public

[ 2016-08-28T16:03:39+08:00 ] ::1 /SpSp/Public/admin/images/icon/t.png
ERR: 无法加载模块:Public

[ 2016-08-28T16:03:39+08:00 ] ::1 /SpSp/Public/admin/images/icon/i.png
ERR: 无法加载模块:Public

[ 2016-08-28T16:03:39+08:00 ] ::1 /SpSp/Public/admin/images/icon/j.png
ERR: 无法加载模块:Public

[ 2016-08-28T16:03:39+08:00 ] ::1 /SpSp/Public/admin/images/icon/e.png
ERR: 无法加载模块:Public

[ 2016-08-28T16:47:58+08:00 ] ::1 /SpSp/images/logo.jpg
ERR: 无法加载模块:Images

[ 2016-08-28T16:47:58+08:00 ] ::1 /SpSp/images/des_sm.jpg
ERR: 无法加载模块:Images

[ 2016-08-28T16:47:58+08:00 ] ::1 /SpSp/style/reset.css
ERR: 无法加载模块:Style

[ 2016-08-28T16:47:58+08:00 ] ::1 /SpSp/style/main.css
ERR: 无法加载模块:Style

[ 2016-08-28T16:47:58+08:00 ] ::1 /SpSp/images/webLogo.jpg
ERR: 无法加载模块:Images

[ 2016-08-28T17:03:07+08:00 ] ::1 /SpSp/Public/admin/images/icon/j.png
ERR: 无法加载模块:Public

[ 2016-08-28T17:03:07+08:00 ] ::1 /SpSp/Public/admin/images/icon/t.png
ERR: 无法加载模块:Public

[ 2016-08-28T17:03:07+08:00 ] ::1 /SpSp/Public/admin/images/icon/e.png
ERR: 无法加载模块:Public

[ 2016-08-28T17:03:07+08:00 ] ::1 /SpSp/Public/admin/images/icon/n.png
ERR: 无法加载模块:Public

[ 2016-08-28T17:03:07+08:00 ] ::1 /SpSp/Public/admin/images/icon/i.png
ERR: 无法加载模块:Public

[ 2016-08-28T17:03:07+08:00 ] ::1 /SpSp/Public/admin/images/logo_index.png
ERR: 无法加载模块:Public

[ 2016-08-28T17:04:52+08:00 ] ::1 /SpSp/Public/admin/images/icon/j.png
ERR: 无法加载模块:Public

[ 2016-08-28T17:04:52+08:00 ] ::1 /SpSp/Public/admin/images/icon/i.png
ERR: 无法加载模块:Public

[ 2016-08-28T17:04:52+08:00 ] ::1 /SpSp/Public/admin/images/icon/n.png
ERR: 无法加载模块:Public

[ 2016-08-28T17:04:52+08:00 ] ::1 /SpSp/Public/admin/images/icon/e.png
ERR: 无法加载模块:Public

[ 2016-08-28T17:04:52+08:00 ] ::1 /SpSp/Public/admin/images/icon/t.png
ERR: 无法加载模块:Public

[ 2016-08-28T17:04:52+08:00 ] ::1 /SpSp/Public/admin/images/logo_index.png
ERR: 无法加载模块:Public

[ 2016-08-28T17:04:53+08:00 ] ::1 /SpSp/Public/admin/images/icon/j.png
ERR: 无法加载模块:Public

[ 2016-08-28T17:04:53+08:00 ] ::1 /SpSp/Public/admin/images/icon/e.png
ERR: 无法加载模块:Public

[ 2016-08-28T17:04:53+08:00 ] ::1 /SpSp/Public/admin/images/icon/n.png
ERR: 无法加载模块:Public

[ 2016-08-28T17:04:53+08:00 ] ::1 /SpSp/Public/admin/images/icon/t.png
ERR: 无法加载模块:Public

[ 2016-08-28T17:04:53+08:00 ] ::1 /SpSp/Public/admin/images/icon/i.png
ERR: 无法加载模块:Public

[ 2016-08-28T17:04:53+08:00 ] ::1 /SpSp/Public/admin/images/logo_index.png
ERR: 无法加载模块:Public

[ 2016-08-28T17:04:56+08:00 ] ::1 /SpSp/Public/admin/images/icon/j.png
ERR: 无法加载模块:Public

[ 2016-08-28T17:04:56+08:00 ] ::1 /SpSp/Public/admin/images/icon/t.png
ERR: 无法加载模块:Public

[ 2016-08-28T17:04:56+08:00 ] ::1 /SpSp/Public/admin/images/icon/e.png
ERR: 无法加载模块:Public

[ 2016-08-28T17:04:56+08:00 ] ::1 /SpSp/Public/admin/images/icon/i.png
ERR: 无法加载模块:Public

[ 2016-08-28T17:04:56+08:00 ] ::1 /SpSp/Public/admin/images/logo_index.png
ERR: 无法加载模块:Public

[ 2016-08-28T17:04:56+08:00 ] ::1 /SpSp/Public/admin/images/icon/n.png
ERR: 无法加载模块:Public

[ 2016-08-28T17:04:59+08:00 ] ::1 /SpSp/Public/admin/images/icon/i.png
ERR: 无法加载模块:Public

[ 2016-08-28T17:04:59+08:00 ] ::1 /SpSp/Public/admin/images/logo_index.png
ERR: 无法加载模块:Public

[ 2016-08-28T17:04:59+08:00 ] ::1 /SpSp/Public/admin/images/icon/n.png
ERR: 无法加载模块:Public

[ 2016-08-28T17:04:59+08:00 ] ::1 /SpSp/Public/admin/images/icon/j.png
ERR: 无法加载模块:Public

[ 2016-08-28T17:04:59+08:00 ] ::1 /SpSp/Public/admin/images/icon/t.png
ERR: 无法加载模块:Public

[ 2016-08-28T17:04:59+08:00 ] ::1 /SpSp/Public/admin/images/icon/e.png
ERR: 无法加载模块:Public

[ 2016-08-28T17:05:49+08:00 ] ::1 /SpSp/Public/admin/images/logo_index.png
ERR: 无法加载模块:Public

[ 2016-08-28T17:05:49+08:00 ] ::1 /SpSp/Public/admin/images/icon/n.png
ERR: 无法加载模块:Public

[ 2016-08-28T17:05:49+08:00 ] ::1 /SpSp/Public/admin/images/icon/t.png
ERR: 无法加载模块:Public

[ 2016-08-28T17:05:49+08:00 ] ::1 /SpSp/Public/admin/images/icon/j.png
ERR: 无法加载模块:Public

[ 2016-08-28T17:05:49+08:00 ] ::1 /SpSp/Public/admin/images/icon/i.png
ERR: 无法加载模块:Public

[ 2016-08-28T17:05:49+08:00 ] ::1 /SpSp/Public/admin/images/icon/e.png
ERR: 无法加载模块:Public

[ 2016-08-28T17:11:21+08:00 ] ::1 /SpSp/Public/admin/images/icon/n.png
ERR: 无法加载模块:Public

[ 2016-08-28T17:11:21+08:00 ] ::1 /SpSp/Public/admin/images/icon/j.png
ERR: 无法加载模块:Public

[ 2016-08-28T17:11:21+08:00 ] ::1 /SpSp/Public/admin/images/logo_index.png
ERR: 无法加载模块:Public

[ 2016-08-28T17:11:21+08:00 ] ::1 /SpSp/Public/admin/images/icon/i.png
ERR: 无法加载模块:Public

[ 2016-08-28T17:11:21+08:00 ] ::1 /SpSp/Public/admin/images/icon/t.png
ERR: 无法加载模块:Public

[ 2016-08-28T17:11:21+08:00 ] ::1 /SpSp/Public/admin/images/icon/e.png
ERR: 无法加载模块:Public

[ 2016-08-28T17:11:26+08:00 ] ::1 /SpSp/Public/admin/images/logo_index.png
ERR: 无法加载模块:Public

[ 2016-08-28T17:11:26+08:00 ] ::1 /SpSp/Public/admin/images/icon/j.png
ERR: 无法加载模块:Public

[ 2016-08-28T17:11:26+08:00 ] ::1 /SpSp/Public/admin/images/icon/i.png
ERR: 无法加载模块:Public

[ 2016-08-28T17:11:26+08:00 ] ::1 /SpSp/Public/admin/images/icon/t.png
ERR: 无法加载模块:Public

[ 2016-08-28T17:11:26+08:00 ] ::1 /SpSp/Public/admin/images/icon/e.png
ERR: 无法加载模块:Public

[ 2016-08-28T17:11:26+08:00 ] ::1 /SpSp/Public/admin/images/icon/n.png
ERR: 无法加载模块:Public

[ 2016-08-28T17:11:27+08:00 ] ::1 /SpSp/Public/admin/images/icon/t.png
ERR: 无法加载模块:Public

[ 2016-08-28T17:11:27+08:00 ] ::1 /SpSp/Public/admin/images/icon/i.png
ERR: 无法加载模块:Public

[ 2016-08-28T17:11:27+08:00 ] ::1 /SpSp/Public/admin/images/logo_index.png
ERR: 无法加载模块:Public

[ 2016-08-28T17:11:27+08:00 ] ::1 /SpSp/Public/admin/images/icon/j.png
ERR: 无法加载模块:Public

[ 2016-08-28T17:11:27+08:00 ] ::1 /SpSp/Public/admin/images/icon/e.png
ERR: 无法加载模块:Public

[ 2016-08-28T17:11:27+08:00 ] ::1 /SpSp/Public/admin/images/icon/n.png
ERR: 无法加载模块:Public

[ 2016-08-28T20:37:00+08:00 ] ::1 /SpSp/images/logo.jpg
ERR: 无法加载模块:Images

[ 2016-08-28T20:37:00+08:00 ] ::1 /SpSp/images/webLogo.jpg
ERR: 无法加载模块:Images

[ 2016-08-28T20:37:00+08:00 ] ::1 /SpSp/style/main.css
ERR: 无法加载模块:Style

[ 2016-08-28T20:37:00+08:00 ] ::1 /SpSp/images/des_sm.jpg
ERR: 无法加载模块:Images

[ 2016-08-28T20:37:00+08:00 ] ::1 /SpSp/style/reset.css
ERR: 无法加载模块:Style

[ 2016-08-28T21:34:18+08:00 ] ::1 /SpSp/Public/home/js/jquery.min.map
ERR: 无法加载模块:Public

[ 2016-08-28T21:34:40+08:00 ] ::1 /SpSp/Public/home/js/jquery.min.map
ERR: 无法加载模块:Public

[ 2016-08-28T21:38:57+08:00 ] ::1 /SpSp/Public/home/js/jquery.min.map
ERR: 无法加载模块:Public

[ 2016-08-28T21:38:59+08:00 ] ::1 /SpSp/Public/home/js/jquery.min.map
ERR: 无法加载模块:Public

[ 2016-08-28T21:45:59+08:00 ] ::1 /SpSp/images/des_sm.jpg
ERR: 无法加载模块:Images

[ 2016-08-28T21:45:59+08:00 ] ::1 /SpSp/images/webLogo.jpg
ERR: 无法加载模块:Images

[ 2016-08-28T21:45:59+08:00 ] ::1 /SpSp/images/logo.jpg
ERR: 无法加载模块:Images

[ 2016-08-28T21:45:59+08:00 ] ::1 /SpSp/style/reset.css
ERR: 无法加载模块:Style

[ 2016-08-28T21:45:59+08:00 ] ::1 /SpSp/style/main.css
ERR: 无法加载模块:Style

[ 2016-08-28T21:46:09+08:00 ] ::1 /SpSp/style/reset.css
ERR: 无法加载模块:Style

[ 2016-08-28T21:46:09+08:00 ] ::1 /SpSp/style/main.css
ERR: 无法加载模块:Style

[ 2016-08-28T21:46:09+08:00 ] ::1 /SpSp/images/logo.jpg
ERR: 无法加载模块:Images

[ 2016-08-28T21:46:09+08:00 ] ::1 /SpSp/images/des_sm.jpg
ERR: 无法加载模块:Images

[ 2016-08-28T21:46:09+08:00 ] ::1 /SpSp/images/webLogo.jpg
ERR: 无法加载模块:Images

[ 2016-08-28T21:46:18+08:00 ] ::1 /SpSp/index.php/style/reset.css
ERR: 无法加载模块:Style

[ 2016-08-28T21:46:18+08:00 ] ::1 /SpSp/index.php/style/main.css
ERR: 无法加载模块:Style

[ 2016-08-28T21:46:18+08:00 ] ::1 /SpSp/index.php/images/logo.jpg
ERR: 无法加载模块:Images

[ 2016-08-28T21:46:18+08:00 ] ::1 /SpSp/index.php/images/des_sm.jpg
ERR: 无法加载模块:Images

[ 2016-08-28T21:46:18+08:00 ] ::1 /SpSp/index.php/images/webLogo.jpg
ERR: 无法加载模块:Images

