[ 2016-08-24T10:48:31+08:00 ] ::1 /SpSp/Public/home/js/jquery.min.map
ERR: 无法加载模块:Public

[ 2016-08-24T10:51:13+08:00 ] ::1 /SpSp/Public/home/js/jquery.min.map
ERR: 无法加载模块:Public

[ 2016-08-24T10:51:15+08:00 ] ::1 /SpSp/Public/home/js/jquery.min.map
ERR: 无法加载模块:Public

[ 2016-08-24T10:51:16+08:00 ] ::1 /SpSp/Public/home/js/jquery.min.map
ERR: 无法加载模块:Public

[ 2016-08-24T10:51:23+08:00 ] ::1 /SpSp/Public/home/js/jquery.min.map
ERR: 无法加载模块:Public

[ 2016-08-24T10:51:24+08:00 ] ::1 /SpSp/Public/home/js/jquery.min.map
ERR: 无法加载模块:Public

[ 2016-08-24T10:54:17+08:00 ] ::1 /SpSp/Public/home/js/jquery.min.map
ERR: 无法加载模块:Public

[ 2016-08-24T10:54:18+08:00 ] ::1 /SpSp/Public/home/js/jquery.min.map
ERR: 无法加载模块:Public

[ 2016-08-24T10:54:19+08:00 ] ::1 /SpSp/Public/home/js/jquery.min.map
ERR: 无法加载模块:Public

[ 2016-08-24T10:54:19+08:00 ] ::1 /SpSp/Public/home/js/jquery.min.map
ERR: 无法加载模块:Public

[ 2016-08-24T10:54:19+08:00 ] ::1 /SpSp/Public/home/js/jquery.min.map
ERR: 无法加载模块:Public

[ 2016-08-24T10:54:46+08:00 ] ::1 /SpSp/Public/home/js/jquery.min.map
ERR: 无法加载模块:Public

[ 2016-08-24T10:54:47+08:00 ] ::1 /SpSp/Public/home/js/jquery.min.map
ERR: 无法加载模块:Public

[ 2016-08-24T10:54:48+08:00 ] ::1 /SpSp/Public/home/js/jquery.min.map
ERR: 无法加载模块:Public

[ 2016-08-24T10:54:49+08:00 ] ::1 /SpSp/Public/home/js/jquery.min.map
ERR: 无法加载模块:Public

[ 2016-08-24T10:54:55+08:00 ] ::1 /SpSp/Public/home/js/jquery.min.map
ERR: 无法加载模块:Public

[ 2016-08-24T10:55:06+08:00 ] ::1 /SpSp/Public/home/js/jquery.min.map
ERR: 无法加载模块:Public

[ 2016-08-24T10:57:33+08:00 ] ::1 /SpSp/Public/home/js/jquery.min.map
ERR: 无法加载模块:Public

[ 2016-08-24T10:57:50+08:00 ] ::1 /SpSp/Public/home/js/jquery.min.map
ERR: 无法加载模块:Public

[ 2016-08-24T10:57:51+08:00 ] ::1 /SpSp/Public/home/js/jquery.min.map
ERR: 无法加载模块:Public

[ 2016-08-24T10:57:58+08:00 ] ::1 /SpSp/Public/home/js/jquery.min.map
ERR: 无法加载模块:Public

[ 2016-08-24T10:58:33+08:00 ] ::1 /SpSp/Public/home/js/jquery.min.map
ERR: 无法加载模块:Public

[ 2016-08-24T10:58:35+08:00 ] ::1 /SpSp/Public/home/js/jquery.min.map
ERR: 无法加载模块:Public

[ 2016-08-24T10:58:36+08:00 ] ::1 /SpSp/Public/home/js/jquery.min.map
ERR: 无法加载模块:Public

[ 2016-08-24T10:58:43+08:00 ] ::1 /SpSp/Public/home/js/jquery.min.map
ERR: 无法加载模块:Public

[ 2016-08-24T11:17:28+08:00 ] ::1 /SpSp/Public/home/js/jquery.min.map
ERR: 无法加载模块:Public

[ 2016-08-24T11:17:30+08:00 ] ::1 /SpSp/Public/home/js/jquery.min.map
ERR: 无法加载模块:Public

[ 2016-08-24T11:48:42+08:00 ] ::1 /SpSp/Public/home/js/jquery.min.map
ERR: 无法加载模块:Public

[ 2016-08-24T11:48:42+08:00 ] ::1 /SpSp/Public/home/js/jquery.min.map
ERR: 无法加载模块:Public

[ 2016-08-24T11:48:45+08:00 ] ::1 /SpSp/Public/home/js/jquery.min.map
ERR: 无法加载模块:Public

[ 2016-08-24T11:48:53+08:00 ] ::1 /SpSp/Public/home/js/jquery.min.map
ERR: 无法加载模块:Public

[ 2016-08-24T11:49:04+08:00 ] ::1 /SpSp/Public/home/js/jquery.min.map
ERR: 无法加载模块:Public

[ 2016-08-24T11:49:09+08:00 ] ::1 /SpSp/Public/home/js/jquery.min.map
ERR: 无法加载模块:Public

[ 2016-08-24T11:49:10+08:00 ] ::1 /SpSp/Public/home/js/jquery.min.map
ERR: 无法加载模块:Public

[ 2016-08-24T11:49:11+08:00 ] ::1 /SpSp/Public/home/js/jquery.min.map
ERR: 无法加载模块:Public

[ 2016-08-24T11:49:15+08:00 ] ::1 /SpSp/Public/home/js/jquery.min.map
ERR: 无法加载模块:Public

[ 2016-08-24T11:49:48+08:00 ] ::1 /SpSp/Public/home/js/jquery.min.map
ERR: 无法加载模块:Public

[ 2016-08-24T11:49:57+08:00 ] ::1 /SpSp/Public/home/js/jquery.min.map
ERR: 无法加载模块:Public

[ 2016-08-24T11:50:04+08:00 ] ::1 /SpSp/Public/home/js/jquery.min.map
ERR: 无法加载模块:Public

[ 2016-08-24T11:50:09+08:00 ] ::1 /SpSp/Public/home/js/jquery.min.map
ERR: 无法加载模块:Public

[ 2016-08-24T11:50:53+08:00 ] ::1 /SpSp/Public/home/js/jquery.min.map
ERR: 无法加载模块:Public

[ 2016-08-24T11:50:56+08:00 ] ::1 /SpSp/Public/home/js/jquery.min.map
ERR: 无法加载模块:Public

[ 2016-08-24T11:51:18+08:00 ] ::1 /SpSp/Public/home/js/jquery.min.map
ERR: 无法加载模块:Public

[ 2016-08-24T11:51:38+08:00 ] ::1 /SpSp/Public/home/js/jquery.min.map
ERR: 无法加载模块:Public

[ 2016-08-24T11:51:43+08:00 ] ::1 /SpSp/Public/home/js/jquery.min.map
ERR: 无法加载模块:Public

[ 2016-08-24T11:53:43+08:00 ] ::1 /SpSp/Public/home/js/jquery.min.map
ERR: 无法加载模块:Public

[ 2016-08-24T11:53:46+08:00 ] ::1 /SpSp/Public/home/js/jquery.min.map
ERR: 无法加载模块:Public

[ 2016-08-24T11:53:47+08:00 ] ::1 /SpSp/Public/home/js/jquery.min.map
ERR: 无法加载模块:Public

[ 2016-08-24T11:53:47+08:00 ] ::1 /SpSp/Public/home/js/jquery.min.map
ERR: 无法加载模块:Public

[ 2016-08-24T11:55:32+08:00 ] ::1 /SpSp/Public/home/js/jquery.min.map
ERR: 无法加载模块:Public

[ 2016-08-24T12:09:11+08:00 ] ::1 /SpSp/Public/home/js/jquery.min.map
ERR: 无法加载模块:Public

[ 2016-08-24T12:23:19+08:00 ] ::1 /SpSp/Public/home/js/jquery.min.map
ERR: 无法加载模块:Public

[ 2016-08-24T12:23:21+08:00 ] ::1 /SpSp/Public/home/js/jquery.min.map
ERR: 无法加载模块:Public

[ 2016-08-24T12:23:29+08:00 ] ::1 /SpSp/Public/home/js/jquery.min.map
ERR: 无法加载模块:Public

[ 2016-08-24T12:26:27+08:00 ] ::1 /SpSp/Public/home/js/jquery.min.map
ERR: 无法加载模块:Public

[ 2016-08-24T12:35:29+08:00 ] ::1 /SpSp/Public/home/js/jquery.min.map
ERR: 无法加载模块:Public

[ 2016-08-24T12:59:32+08:00 ] ::1 /SpSp/Public/home/js/jquery.min.map
ERR: 无法加载模块:Public

[ 2016-08-24T12:59:40+08:00 ] ::1 /SpSp/Public/home/js/jquery.min.map
ERR: 无法加载模块:Public

[ 2016-08-24T13:02:25+08:00 ] ::1 /SpSp/Public/home/js/jquery.min.map
ERR: 无法加载模块:Public

[ 2016-08-24T13:02:45+08:00 ] ::1 /SpSp/Public/home/js/jquery.min.map
ERR: 无法加载模块:Public

[ 2016-08-24T13:03:01+08:00 ] ::1 /SpSp/Public/home/js/jquery.min.map
ERR: 无法加载模块:Public

[ 2016-08-24T13:03:05+08:00 ] ::1 /SpSp/Public/home/js/jquery.min.map
ERR: 无法加载模块:Public

[ 2016-08-24T13:03:09+08:00 ] ::1 /SpSp/Public/home/js/jquery.min.map
ERR: 无法加载模块:Public

[ 2016-08-24T13:03:22+08:00 ] ::1 /SpSp/Public/home/js/jquery.min.map
ERR: 无法加载模块:Public

[ 2016-08-24T13:05:33+08:00 ] ::1 /SpSp/Public/home/js/jquery.min.map
ERR: 无法加载模块:Public

[ 2016-08-24T13:07:21+08:00 ] ::1 /SpSp/Public/home/js/jquery.min.map
ERR: 无法加载模块:Public

[ 2016-08-24T13:08:26+08:00 ] ::1 /SpSp/Public/home/js/jquery.min.map
ERR: 无法加载模块:Public

[ 2016-08-24T13:15:30+08:00 ] ::1 /SpSp/Public/home/js/jquery.min.map
ERR: 无法加载模块:Public

[ 2016-08-24T13:23:27+08:00 ] ::1 /SpSp/Public/home/js/jquery.min.map
ERR: 无法加载模块:Public

[ 2016-08-24T14:45:47+08:00 ] ::1 /SpSp/Public/home/js/jquery.min.map
ERR: 无法加载模块:Public

[ 2016-08-24T14:45:57+08:00 ] ::1 /SpSp/Public/home/js/jquery.min.map
ERR: 无法加载模块:Public

[ 2016-08-24T15:51:21+08:00 ] ::1 /SpSp/login
ERR: 无法加载模块:Login

[ 2016-08-24T15:51:34+08:00 ] ::1 /SpSp/login/login
ERR: 无法加载模块:Login

[ 2016-08-24T16:05:50+08:00 ] ::1 /SpSp/Public/home/js/jquery.min.map
ERR: 无法加载模块:Public

[ 2016-08-24T16:07:35+08:00 ] ::1 /SpSp/Public/home/js/jquery.min.map
ERR: 无法加载模块:Public

[ 2016-08-24T16:08:42+08:00 ] ::1 /SpSp/Public/home/js/jquery.min.map
ERR: 无法加载模块:Public

[ 2016-08-24T16:09:45+08:00 ] ::1 /SpSp/Public/home/js/jquery.min.map
ERR: 无法加载模块:Public

[ 2016-08-24T16:10:12+08:00 ] ::1 /SpSp/Public/home/js/jquery.min.map
ERR: 无法加载模块:Public

[ 2016-08-24T16:10:14+08:00 ] ::1 /SpSp/Public/home/js/jquery.min.map
ERR: 无法加载模块:Public

[ 2016-08-24T16:10:17+08:00 ] ::1 /SpSp/Public/home/js/jquery.min.map
ERR: 无法加载模块:Public

[ 2016-08-24T16:10:25+08:00 ] ::1 /SpSp/Public/home/js/jquery.min.map
ERR: 无法加载模块:Public

[ 2016-08-24T16:11:38+08:00 ] ::1 /SpSp/Public/home/js/jquery.min.map
ERR: 无法加载模块:Public

[ 2016-08-24T16:11:44+08:00 ] ::1 /SpSp/Public/home/js/jquery.min.map
ERR: 无法加载模块:Public

[ 2016-08-24T16:12:38+08:00 ] ::1 /SpSp/Public/home/js/jquery.min.map
ERR: 无法加载模块:Public

[ 2016-08-24T16:13:07+08:00 ] ::1 /SpSp/Public/home/js/jquery.min.map
ERR: 无法加载模块:Public

[ 2016-08-24T16:13:19+08:00 ] ::1 /SpSp/Public/home/js/jquery.min.map
ERR: 无法加载模块:Public

[ 2016-08-24T16:14:16+08:00 ] ::1 /SpSp/Public/home/js/jquery.min.map
ERR: 无法加载模块:Public

[ 2016-08-24T16:14:22+08:00 ] ::1 /SpSp/Public/home/js/jquery.min.map
ERR: 无法加载模块:Public

[ 2016-08-24T16:14:26+08:00 ] ::1 /SpSp/Public/home/js/jquery.min.map
ERR: 无法加载模块:Public

[ 2016-08-24T16:14:41+08:00 ] ::1 /SpSp/Public/home/js/jquery.min.map
ERR: 无法加载模块:Public

[ 2016-08-24T16:17:10+08:00 ] ::1 /SpSp/Public/home/js/jquery.min.map
ERR: 无法加载模块:Public

[ 2016-08-24T16:21:15+08:00 ] ::1 /SpSp/Public/home/js/jquery.min.map
ERR: 无法加载模块:Public

[ 2016-08-24T16:24:36+08:00 ] ::1 /SpSp/Public/home/js/jquery.min.map
ERR: 无法加载模块:Public

[ 2016-08-24T16:25:36+08:00 ] ::1 /SpSp/Public/home/js/jquery.min.map
ERR: 无法加载模块:Public

[ 2016-08-24T16:25:44+08:00 ] ::1 /SpSp/Public/home/js/jquery.min.map
ERR: 无法加载模块:Public

[ 2016-08-24T16:25:51+08:00 ] ::1 /SpSp/Public/home/js/jquery.min.map
ERR: 无法加载模块:Public

[ 2016-08-24T16:25:52+08:00 ] ::1 /SpSp/Public/home/js/jquery.min.map
ERR: 无法加载模块:Public

[ 2016-08-24T16:35:02+08:00 ] ::1 /SpSp/login/index.html
ERR: 无法加载模块:Login

