[ 2016-09-05T10:16:55+08:00 ] ::1 /SpSp/index.php/Admin/Goods/uploads/
ERR: 非法操作:uploads

[ 2016-09-05T10:18:16+08:00 ] ::1 /SpSp/index.php/Admin/Goods/uploads/
ERR: 非法操作:uploads

[ 2016-09-05T10:18:28+08:00 ] ::1 /SpSp/index.php/Admin/Goods/uploads/
ERR: 非法操作:uploads

[ 2016-09-05T10:47:13+08:00 ] ::1 /SpSp/index.php/Admin/User/listUser.html
ERR: Think\Model:mysql_num_rows方法不存在！

[ 2016-09-05T11:34:56+08:00 ] ::1 /SpSp/index.php/Admin/User/listUser.html
ERR: 1064:You have an error in your SQL syntax; check the manual that corresponds to your MySQL server version for the right syntax to use near '-2,2' at line 1
 [ SQL语句 ] : SELECT * FROM `goods` LIMIT -2,2  

[ 2016-09-05T11:35:36+08:00 ] ::1 /SpSp/index.php/Admin/User/listUser.html
ERR: 1064:You have an error in your SQL syntax; check the manual that corresponds to your MySQL server version for the right syntax to use near '-2,2' at line 1
 [ SQL语句 ] : SELECT * FROM `goods` LIMIT -2,2  

[ 2016-09-05T11:49:06+08:00 ] ::1 /SpSp/index.php/Admin/User/%7B:U(
ERR: 非法操作:{:U(

[ 2016-09-05T11:50:05+08:00 ] ::1 /SpSp/index.php/Admin/User/%7B:U(
ERR: 非法操作:{:U(

[ 2016-09-05T12:05:48+08:00 ] ::1 /SpSp/index.php/Admin/User/%7B:U(
ERR: 非法操作:{:U(

[ 2016-09-05T15:46:34+08:00 ] ::1 /SpSp/index.php/Admin/Goods/listGoods.html
ERR: 1103:Incorrect table name ''
 [ SQL语句 ] : SELECT * FROM `` 

[ 2016-09-05T15:46:52+08:00 ] ::1 /SpSp/index.php/Admin/Goods/uploads/
ERR: 非法操作:uploads

[ 2016-09-05T15:46:55+08:00 ] ::1 /SpSp/index.php/Admin/Goods/uploads/
ERR: 非法操作:uploads

[ 2016-09-05T15:46:56+08:00 ] ::1 /SpSp/index.php/Admin/Goods/uploads/
ERR: 非法操作:uploads

[ 2016-09-05T15:46:59+08:00 ] ::1 /SpSp/index.php/Admin/Goods/uploads/
ERR: 非法操作:uploads

[ 2016-09-05T15:47:00+08:00 ] ::1 /SpSp/index.php/Admin/Goods/uploads/
ERR: 非法操作:uploads

[ 2016-09-05T15:47:01+08:00 ] ::1 /SpSp/index.php/Admin/Goods/uploads/
ERR: 非法操作:uploads

[ 2016-09-05T15:47:03+08:00 ] ::1 /SpSp/index.php/Admin/Goods/uploads/
ERR: 非法操作:uploads

[ 2016-09-05T15:47:07+08:00 ] ::1 /SpSp/index.php/Admin/Goods/uploads/
ERR: 非法操作:uploads

[ 2016-09-05T15:47:10+08:00 ] ::1 /SpSp/index.php/Admin/Goods/uploads/
ERR: 非法操作:uploads

[ 2016-09-05T15:47:14+08:00 ] ::1 /SpSp/index.php/Admin/Goods/uploads/
ERR: 非法操作:uploads

[ 2016-09-05T15:47:31+08:00 ] ::1 /SpSp/index.php/Admin/Goods/uploads/
ERR: 非法操作:uploads

[ 2016-09-05T15:47:37+08:00 ] ::1 /SpSp/index.php/Admin/Goods/uploads/
ERR: 非法操作:uploads

[ 2016-09-05T15:47:41+08:00 ] ::1 /SpSp/index.php/Admin/Goods/uploads/
ERR: 非法操作:uploads

[ 2016-09-05T15:47:44+08:00 ] ::1 /SpSp/index.php/Admin/Goods/uploads/
ERR: 非法操作:uploads

[ 2016-09-05T15:47:46+08:00 ] ::1 /SpSp/index.php/Admin/Goods/uploads/
ERR: 非法操作:uploads

[ 2016-09-05T15:47:49+08:00 ] ::1 /SpSp/index.php/Admin/Goods/uploads/
ERR: 非法操作:uploads

[ 2016-09-05T15:48:03+08:00 ] ::1 /SpSp/index.php/Admin/Goods/uploads/
ERR: 非法操作:uploads

[ 2016-09-05T15:48:06+08:00 ] ::1 /SpSp/index.php/Admin/Goods/uploads/
ERR: 非法操作:uploads

[ 2016-09-05T15:48:09+08:00 ] ::1 /SpSp/index.php/Admin/Goods/uploads/
ERR: 非法操作:uploads

[ 2016-09-05T15:55:07+08:00 ] ::1 /SpSp/index.php/Admin/Goods/uploads/
ERR: 非法操作:uploads

[ 2016-09-05T15:57:20+08:00 ] ::1 /SpSp/index.php/Admin/Goods/uploads/
ERR: 非法操作:uploads

[ 2016-09-05T15:58:47+08:00 ] ::1 /SpSp/index.php/Admin/Goods/uploads/
ERR: 非法操作:uploads

[ 2016-09-05T15:58:54+08:00 ] ::1 /SpSp/index.php/Admin/Goods/uploads/
ERR: 非法操作:uploads

[ 2016-09-05T15:58:59+08:00 ] ::1 /SpSp/index.php/Admin/Goods/uploads/
ERR: 非法操作:uploads

[ 2016-09-05T16:07:58+08:00 ] ::1 /SpSp/index.php/Admin/Goods/uploads/
ERR: 非法操作:uploads

[ 2016-09-05T16:08:01+08:00 ] ::1 /SpSp/index.php/Admin/Goods/uploads/
ERR: 非法操作:uploads

[ 2016-09-05T16:08:04+08:00 ] ::1 /SpSp/index.php/Admin/Goods/uploads/
ERR: 非法操作:uploads

[ 2016-09-05T16:08:07+08:00 ] ::1 /SpSp/index.php/Admin/Goods/uploads/
ERR: 非法操作:uploads

[ 2016-09-05T16:08:14+08:00 ] ::1 /SpSp/index.php/Admin/Goods/uploads/
ERR: 非法操作:uploads

[ 2016-09-05T16:09:13+08:00 ] ::1 /SpSp/index.php/Admin/Goods/uploads/
ERR: 非法操作:uploads

[ 2016-09-05T16:09:16+08:00 ] ::1 /SpSp/index.php/Admin/Goods/uploads/
ERR: 非法操作:uploads

[ 2016-09-05T16:09:53+08:00 ] ::1 /SpSp/index.php/Admin/Goods/uploads/
ERR: 非法操作:uploads

[ 2016-09-05T16:09:57+08:00 ] ::1 /SpSp/index.php/Admin/Goods/uploads/
ERR: 非法操作:uploads

[ 2016-09-05T16:10:01+08:00 ] ::1 /SpSp/index.php/Admin/Goods/uploads/
ERR: 非法操作:uploads

[ 2016-09-05T16:10:33+08:00 ] ::1 /SpSp/index.php/Admin/Goods/uploads/
ERR: 非法操作:uploads

[ 2016-09-05T16:10:59+08:00 ] ::1 /SpSp/index.php/Admin/Goods/uploads/
ERR: 非法操作:uploads

[ 2016-09-05T16:11:02+08:00 ] ::1 /SpSp/index.php/Admin/Goods/uploads/
ERR: 非法操作:uploads

