[ 2016-09-03T00:00:05+08:00 ] ::1 /SpSp/index.php/Admin/Goods/uploads/
ERR: 非法操作:uploads

[ 2016-09-03T00:00:11+08:00 ] ::1 /SpSp/index.php/Admin/Goods/styles/global.css
ERR: 非法操作:styles

[ 2016-09-03T00:00:11+08:00 ] ::1 /SpSp/index.php/Admin/plugins/kindeditor/lang/zh_CN.js
ERR: 无法加载控制器:Plugins

[ 2016-09-03T00:00:11+08:00 ] ::1 /SpSp/index.php/Admin/plugins/kindeditor/kindeditor.js
ERR: 无法加载控制器:Plugins

[ 2016-09-03T00:00:11+08:00 ] ::1 /SpSp/index.php/Admin/Goods/scripts/jquery-1.6.4.js
ERR: 非法操作:scripts

[ 2016-09-03T00:00:11+08:00 ] ::1 /SpSp/index.php/Admin/plugins/kindeditor/lang/zh_CN.js
ERR: 无法加载控制器:Plugins

[ 2016-09-03T00:00:11+08:00 ] ::1 /SpSp/index.php/Admin/Goods/scripts/jquery-1.6.4.js
ERR: 非法操作:scripts

[ 2016-09-03T00:01:04+08:00 ] ::1 /SpSp/index.php/Admin/Goods/uploads/
ERR: 非法操作:uploads

[ 2016-09-03T00:01:05+08:00 ] ::1 /SpSp/index.php/Admin/plugins/kindeditor/kindeditor.js
ERR: 无法加载控制器:Plugins

[ 2016-09-03T00:01:05+08:00 ] ::1 /SpSp/index.php/Admin/plugins/kindeditor/lang/zh_CN.js
ERR: 无法加载控制器:Plugins

[ 2016-09-03T00:01:05+08:00 ] ::1 /SpSp/index.php/Admin/Goods/styles/global.css
ERR: 非法操作:styles

[ 2016-09-03T00:01:05+08:00 ] ::1 /SpSp/index.php/Admin/Goods/scripts/jquery-1.6.4.js
ERR: 非法操作:scripts

[ 2016-09-03T00:01:07+08:00 ] ::1 /SpSp/index.php/Admin/Goods/uploads/
ERR: 非法操作:uploads

[ 2016-09-03T00:01:10+08:00 ] ::1 /SpSp/index.php/Admin/plugins/kindeditor/kindeditor.js
ERR: 无法加载控制器:Plugins

[ 2016-09-03T00:01:10+08:00 ] ::1 /SpSp/index.php/Admin/Goods/styles/global.css
ERR: 非法操作:styles

[ 2016-09-03T00:01:10+08:00 ] ::1 /SpSp/index.php/Admin/plugins/kindeditor/lang/zh_CN.js
ERR: 无法加载控制器:Plugins

[ 2016-09-03T00:01:10+08:00 ] ::1 /SpSp/index.php/Admin/Goods/scripts/jquery-1.6.4.js
ERR: 非法操作:scripts

[ 2016-09-03T00:02:52+08:00 ] ::1 /SpSp/index.php/Admin/Goods/uploads/
ERR: 非法操作:uploads

[ 2016-09-03T00:02:54+08:00 ] ::1 /SpSp/index.php/Admin/Goods/scripts/jquery-1.6.4.js
ERR: 非法操作:scripts

[ 2016-09-03T00:02:54+08:00 ] ::1 /SpSp/index.php/Admin/plugins/kindeditor/kindeditor.js
ERR: 无法加载控制器:Plugins

[ 2016-09-03T00:02:54+08:00 ] ::1 /SpSp/index.php/Admin/Goods/styles/global.css
ERR: 非法操作:styles

[ 2016-09-03T00:02:54+08:00 ] ::1 /SpSp/index.php/Admin/plugins/kindeditor/lang/zh_CN.js
ERR: 无法加载控制器:Plugins

[ 2016-09-03T00:02:54+08:00 ] ::1 /SpSp/index.php/Admin/Goods/scripts/jquery-1.6.4.js
ERR: 非法操作:scripts

[ 2016-09-03T00:05:06+08:00 ] ::1 /SpSp/index.php/Admin/Goods/uploads/
ERR: 非法操作:uploads

[ 2016-09-03T00:05:09+08:00 ] ::1 /SpSp/index.php/Admin/Goods/styles/global.css
ERR: 非法操作:styles

[ 2016-09-03T00:05:09+08:00 ] ::1 /SpSp/index.php/Admin/plugins/kindeditor/kindeditor.js
ERR: 无法加载控制器:Plugins

[ 2016-09-03T00:05:09+08:00 ] ::1 /SpSp/index.php/Admin/Goods/scripts/jquery-1.6.4.js
ERR: 非法操作:scripts

[ 2016-09-03T00:05:09+08:00 ] ::1 /SpSp/index.php/Admin/plugins/kindeditor/lang/zh_CN.js
ERR: 无法加载控制器:Plugins

[ 2016-09-03T00:05:09+08:00 ] ::1 /SpSp/index.php/Admin/Goods/scripts/jquery-1.6.4.js
ERR: 非法操作:scripts

[ 2016-09-03T00:05:17+08:00 ] ::1 /SpSp/index.php/Admin/Goods/uploads/
ERR: 非法操作:uploads

[ 2016-09-03T00:05:21+08:00 ] ::1 /SpSp/index.php/Admin/plugins/kindeditor/lang/zh_CN.js
ERR: 无法加载控制器:Plugins

[ 2016-09-03T00:05:21+08:00 ] ::1 /SpSp/index.php/Admin/plugins/kindeditor/kindeditor.js
ERR: 无法加载控制器:Plugins

[ 2016-09-03T00:05:21+08:00 ] ::1 /SpSp/index.php/Admin/Goods/styles/global.css
ERR: 非法操作:styles

[ 2016-09-03T00:05:21+08:00 ] ::1 /SpSp/index.php/Admin/Goods/scripts/jquery-1.6.4.js
ERR: 非法操作:scripts

[ 2016-09-03T00:05:21+08:00 ] ::1 /SpSp/index.php/Admin/plugins/kindeditor/lang/zh_CN.js
ERR: 无法加载控制器:Plugins

[ 2016-09-03T00:05:21+08:00 ] ::1 /SpSp/index.php/Admin/Goods/scripts/jquery-1.6.4.js
ERR: 非法操作:scripts

[ 2016-09-03T00:10:39+08:00 ] ::1 /SpSp/index.php/Admin/Goods/uploads/
ERR: 非法操作:uploads

[ 2016-09-03T00:11:56+08:00 ] ::1 /SpSp/index.php/Admin/Goods/uploads/
ERR: 非法操作:uploads

[ 2016-09-03T00:12:32+08:00 ] ::1 /SpSp/index.php/Admin/Goods
ERR: 非法操作:index

[ 2016-09-03T00:12:45+08:00 ] ::1 /SpSp/index.php/Admin/Goods
ERR: 非法操作:index

[ 2016-09-03T00:13:27+08:00 ] ::1 /SpSp/index.php/Admin/Goods/uploads/
ERR: 非法操作:uploads

[ 2016-09-03T00:13:41+08:00 ] ::1 /SpSp/index.php/Admin/Goods/uploads/
ERR: 非法操作:uploads

[ 2016-09-03T00:13:46+08:00 ] ::1 /SpSp/index.php/Admin/Goods/uploads/
ERR: 非法操作:uploads

[ 2016-09-03T00:13:50+08:00 ] ::1 /SpSp/index.php/Admin/Goods/uploads/
ERR: 非法操作:uploads

[ 2016-09-03T00:13:53+08:00 ] ::1 /SpSp/index.php/Admin/Goods/uploads/
ERR: 非法操作:uploads

[ 2016-09-03T00:13:56+08:00 ] ::1 /SpSp/index.php/Admin/Goods/uploads/
ERR: 非法操作:uploads

[ 2016-09-03T00:15:45+08:00 ] ::1 /SpSp/index.php/Admin/Goods/addGoods.html
ERR: 1062:Duplicate entry '' for key 'gname'
 [ SQL语句 ] : INSERT INTO `goods` (`guptime`) VALUES ('1472832945')

[ 2016-09-03T00:16:08+08:00 ] ::1 /SpSp/index.php/Admin/Goods/addGoods.html
ERR: 1062:Duplicate entry '' for key 'gname'
 [ SQL语句 ] : INSERT INTO `goods` (`guptime`) VALUES ('1472832968')

[ 2016-09-03T00:16:33+08:00 ] ::1 /SpSp/index.php/Admin/Goods/addGoods.html
ERR: 1062:Duplicate entry '' for key 'gname'
 [ SQL语句 ] : INSERT INTO `goods` (`guptime`) VALUES ('1472832993')

[ 2016-09-03T00:17:10+08:00 ] ::1 /SpSp/index.php/Admin/Goods/addGoods.html
ERR: 1062:Duplicate entry '' for key 'gname'
 [ SQL语句 ] : INSERT INTO `goods` (`guptime`) VALUES ('1472833030')

[ 2016-09-03T00:18:04+08:00 ] ::1 /SpSp/index.php/Admin/Goods/uploads/
ERR: 非法操作:uploads

[ 2016-09-03T00:18:14+08:00 ] ::1 /SpSp/index.php/Admin/Goods/uploads/
ERR: 非法操作:uploads

[ 2016-09-03T00:18:49+08:00 ] ::1 /SpSp/index.php/Admin/Goods/uploads/
ERR: 非法操作:uploads

[ 2016-09-03T00:28:50+08:00 ] ::1 /SpSp/index.php/Admin/Goods/styles/global.css
ERR: 非法操作:styles

[ 2016-09-03T00:28:50+08:00 ] ::1 /SpSp/index.php/Admin/plugins/kindeditor/kindeditor.js
ERR: 无法加载控制器:Plugins

[ 2016-09-03T00:28:50+08:00 ] ::1 /SpSp/index.php/Admin/Goods/scripts/jquery-1.6.4.js
ERR: 非法操作:scripts

[ 2016-09-03T00:28:50+08:00 ] ::1 /SpSp/index.php/Admin/plugins/kindeditor/lang/zh_CN.js
ERR: 无法加载控制器:Plugins

[ 2016-09-03T00:28:50+08:00 ] ::1 /SpSp/index.php/Admin/Goods/scripts/jquery-1.6.4.js
ERR: 非法操作:scripts

[ 2016-09-03T00:28:56+08:00 ] ::1 /SpSp/index.php/Admin/Goods/styles/global.css
ERR: 非法操作:styles

[ 2016-09-03T00:28:56+08:00 ] ::1 /SpSp/index.php/Admin/plugins/kindeditor/lang/zh_CN.js
ERR: 无法加载控制器:Plugins

[ 2016-09-03T00:28:56+08:00 ] ::1 /SpSp/index.php/Admin/Goods/scripts/jquery-1.6.4.js
ERR: 非法操作:scripts

[ 2016-09-03T00:28:56+08:00 ] ::1 /SpSp/index.php/Admin/plugins/kindeditor/kindeditor.js
ERR: 无法加载控制器:Plugins

[ 2016-09-03T00:28:58+08:00 ] ::1 /SpSp/index.php/Admin/Goods/styles/global.css
ERR: 非法操作:styles

[ 2016-09-03T00:28:58+08:00 ] ::1 /SpSp/index.php/Admin/plugins/kindeditor/kindeditor.js
ERR: 无法加载控制器:Plugins

[ 2016-09-03T00:28:58+08:00 ] ::1 /SpSp/index.php/Admin/plugins/kindeditor/lang/zh_CN.js
ERR: 无法加载控制器:Plugins

[ 2016-09-03T00:28:58+08:00 ] ::1 /SpSp/index.php/Admin/Goods/scripts/jquery-1.6.4.js
ERR: 非法操作:scripts

[ 2016-09-03T00:29:50+08:00 ] ::1 /SpSp/index.php/Admin/Goods/styles/global.css
ERR: 非法操作:styles

[ 2016-09-03T00:29:50+08:00 ] ::1 /SpSp/index.php/Admin/plugins/kindeditor/kindeditor.js
ERR: 无法加载控制器:Plugins

[ 2016-09-03T00:29:50+08:00 ] ::1 /SpSp/index.php/Admin/plugins/kindeditor/lang/zh_CN.js
ERR: 无法加载控制器:Plugins

[ 2016-09-03T00:29:50+08:00 ] ::1 /SpSp/index.php/Admin/Goods/scripts/jquery-1.6.4.js
ERR: 非法操作:scripts

[ 2016-09-03T00:29:54+08:00 ] ::1 /SpSp/index.php/Admin/Goods/styles/global.css
ERR: 非法操作:styles

[ 2016-09-03T00:29:54+08:00 ] ::1 /SpSp/index.php/Admin/plugins/kindeditor/kindeditor.js
ERR: 无法加载控制器:Plugins

[ 2016-09-03T00:29:54+08:00 ] ::1 /SpSp/index.php/Admin/plugins/kindeditor/lang/zh_CN.js
ERR: 无法加载控制器:Plugins

[ 2016-09-03T00:29:54+08:00 ] ::1 /SpSp/index.php/Admin/Goods/scripts/jquery-1.6.4.js
ERR: 非法操作:scripts

[ 2016-09-03T00:31:06+08:00 ] ::1 /SpSp/index.php/Admin/Goods/styles/global.css
ERR: 非法操作:styles

[ 2016-09-03T00:31:06+08:00 ] ::1 /SpSp/index.php/Admin/plugins/kindeditor/lang/zh_CN.js
ERR: 无法加载控制器:Plugins

[ 2016-09-03T00:31:06+08:00 ] ::1 /SpSp/index.php/Admin/plugins/kindeditor/kindeditor.js
ERR: 无法加载控制器:Plugins

[ 2016-09-03T00:31:06+08:00 ] ::1 /SpSp/index.php/Admin/Goods/scripts/jquery-1.6.4.js
ERR: 非法操作:scripts

[ 2016-09-03T00:31:07+08:00 ] ::1 /SpSp/index.php/Admin/Goods/styles/global.css
ERR: 非法操作:styles

[ 2016-09-03T00:31:07+08:00 ] ::1 /SpSp/index.php/Admin/plugins/kindeditor/kindeditor.js
ERR: 无法加载控制器:Plugins

[ 2016-09-03T00:31:07+08:00 ] ::1 /SpSp/index.php/Admin/plugins/kindeditor/lang/zh_CN.js
ERR: 无法加载控制器:Plugins

[ 2016-09-03T00:31:07+08:00 ] ::1 /SpSp/index.php/Admin/Goods/scripts/jquery-1.6.4.js
ERR: 非法操作:scripts

[ 2016-09-03T00:32:00+08:00 ] ::1 /SpSp/index.php/Admin/Goods/uploads/
ERR: 非法操作:uploads

[ 2016-09-03T00:32:07+08:00 ] ::1 /SpSp/index.php/Admin/Goods/uploads/
ERR: 非法操作:uploads

[ 2016-09-03T00:32:11+08:00 ] ::1 /SpSp/index.php/Admin/plugins/kindeditor/kindeditor.js
ERR: 无法加载控制器:Plugins

[ 2016-09-03T00:32:11+08:00 ] ::1 /SpSp/index.php/Admin/Goods/styles/global.css
ERR: 非法操作:styles

[ 2016-09-03T00:32:11+08:00 ] ::1 /SpSp/index.php/Admin/plugins/kindeditor/lang/zh_CN.js
ERR: 无法加载控制器:Plugins

[ 2016-09-03T00:32:11+08:00 ] ::1 /SpSp/index.php/Admin/Goods/scripts/jquery-1.6.4.js
ERR: 非法操作:scripts

[ 2016-09-03T00:32:15+08:00 ] ::1 /SpSp/index.php/Admin/Goods/uploads/
ERR: 非法操作:uploads

[ 2016-09-03T00:32:20+08:00 ] ::1 /SpSp/index.php/Admin/Goods/styles/global.css
ERR: 非法操作:styles

[ 2016-09-03T00:32:20+08:00 ] ::1 /SpSp/index.php/Admin/Goods/scripts/jquery-1.6.4.js
ERR: 非法操作:scripts

[ 2016-09-03T00:32:20+08:00 ] ::1 /SpSp/index.php/Admin/plugins/kindeditor/kindeditor.js
ERR: 无法加载控制器:Plugins

[ 2016-09-03T00:32:20+08:00 ] ::1 /SpSp/index.php/Admin/plugins/kindeditor/lang/zh_CN.js
ERR: 无法加载控制器:Plugins

[ 2016-09-03T00:32:20+08:00 ] ::1 /SpSp/index.php/Admin/plugins/kindeditor/lang/zh_CN.js
ERR: 无法加载控制器:Plugins

[ 2016-09-03T00:32:20+08:00 ] ::1 /SpSp/index.php/Admin/Goods/scripts/jquery-1.6.4.js
ERR: 非法操作:scripts

[ 2016-09-03T00:32:31+08:00 ] ::1 /SpSp/index.php/Admin/Goods/uploads/
ERR: 非法操作:uploads

[ 2016-09-03T00:32:31+08:00 ] ::1 /SpSp/index.php/Admin/Goods/uploads/
ERR: 非法操作:uploads

[ 2016-09-03T00:32:38+08:00 ] ::1 /SpSp/index.php/Admin/plugins/kindeditor/lang/zh_CN.js
ERR: 无法加载控制器:Plugins

[ 2016-09-03T00:32:38+08:00 ] ::1 /SpSp/index.php/Admin/Goods/styles/global.css
ERR: 非法操作:styles

[ 2016-09-03T00:32:38+08:00 ] ::1 /SpSp/index.php/Admin/plugins/kindeditor/kindeditor.js
ERR: 无法加载控制器:Plugins

[ 2016-09-03T00:32:38+08:00 ] ::1 /SpSp/index.php/Admin/Goods/scripts/jquery-1.6.4.js
ERR: 非法操作:scripts

[ 2016-09-03T00:32:38+08:00 ] ::1 /SpSp/index.php/Admin/plugins/kindeditor/lang/zh_CN.js
ERR: 无法加载控制器:Plugins

[ 2016-09-03T00:32:38+08:00 ] ::1 /SpSp/index.php/Admin/Goods/scripts/jquery-1.6.4.js
ERR: 非法操作:scripts

[ 2016-09-03T00:33:01+08:00 ] ::1 /SpSp/index.php/Admin/Goods/uploads/
ERR: 非法操作:uploads

[ 2016-09-03T00:33:09+08:00 ] ::1 /SpSp/index.php/Admin/Goods/uploads/
ERR: 非法操作:uploads

[ 2016-09-03T00:37:05+08:00 ] ::1 /SpSp/index.php/Admin/Goods/uploads/
ERR: 非法操作:uploads

[ 2016-09-03T00:37:25+08:00 ] ::1 /SpSp/index.php/Admin/Goods/uploads/
ERR: 非法操作:uploads

[ 2016-09-03T00:37:38+08:00 ] ::1 /SpSp/index.php/Admin/Goods/uploads/
ERR: 非法操作:uploads

[ 2016-09-03T00:37:39+08:00 ] ::1 /SpSp/index.php/Admin/Goods/uploads/
ERR: 非法操作:uploads

[ 2016-09-03T15:48:34+08:00 ] ::1 /SpSp/index.php/Admin/Goods/uploads/
ERR: 非法操作:uploads

[ 2016-09-03T15:49:39+08:00 ] ::1 /SpSp/index.php/Admin/Goods/uploads/
ERR: 非法操作:uploads

[ 2016-09-03T15:56:23+08:00 ] ::1 /SpSp/index.php/Admin/Goods/uploads/
ERR: 非法操作:uploads

[ 2016-09-03T16:10:48+08:00 ] ::1 /SpSp/index.php/Admin/Goods/uploads/
ERR: 非法操作:uploads

[ 2016-09-03T16:11:35+08:00 ] ::1 /SpSp/index.php/Admin/Goods/uploads/
ERR: 非法操作:uploads

[ 2016-09-03T16:26:04+08:00 ] ::1 /SpSp/index.php/Admin/Goods/uploads/
ERR: 非法操作:uploads

