[ 2016-08-29T01:00:51+08:00 ] ::1 /SpSp/index.php/Admin/Admin/main.html
ERR: Think\Controller:getsysteminfo方法不存在！

[ 2016-08-29T01:01:23+08:00 ] ::1 /SpSp/index.php/Admin/Admin/main.html
ERR: Think\Controller:getsysteminfo方法不存在！

[ 2016-08-29T01:01:25+08:00 ] ::1 /SpSp/index.php/Admin/Admin/main.html
ERR: Think\Controller:getsysteminfo方法不存在！

[ 2016-08-29T01:01:28+08:00 ] ::1 /SpSp/index.php/Admin/Admin/main.html
ERR: Think\Controller:getsysteminfo方法不存在！

[ 2016-08-29T15:38:59+08:00 ] ::1 /SpSp/index.php/Admin/Admin/addAdmin.html
ERR: Think\Model:addAdmin方法不存在！

[ 2016-08-29T16:25:02+08:00 ] ::1 /SpSp/index.php/Admin/Admin/styles/backstage.css
ERR: 非法操作:styles

[ 2016-08-29T16:25:05+08:00 ] ::1 /SpSp/index.php/Admin/Admin/addAdmin.php
ERR: 非法操作:addAdmin.php

[ 2016-08-29T16:25:10+08:00 ] ::1 /SpSp/index.php/Admin/Admin/styles/backstage.css
ERR: 非法操作:styles

[ 2016-08-29T17:16:31+08:00 ] ::1 /SpSp/index.php/Admin/Admin/doAdminAction.php?act=editAdmin&id=
ERR: 非法操作:doAdminAction.php

[ 2016-08-29T19:42:00+08:00 ] ::1 /SpSp/index.php/Admin/Admin/editAdmin.html?=1
ERR: 参数错误或者未定义:id

[ 2016-08-29T19:43:17+08:00 ] ::1 /SpSp/index.php/Admin/Admin/editAdmin.html?=1
ERR: 参数错误或者未定义:id

[ 2016-08-29T19:44:05+08:00 ] ::1 /SpSp/index.php/Admin/Admin/editAdmin.html?id=1
ERR: 1054:Unknown column '$arr' in 'where clause'
 [ SQL语句 ] : SELECT * FROM `admin` WHERE ( $arr ) 

[ 2016-08-29T19:45:02+08:00 ] ::1 /SpSp/index.php/Admin/Admin/doAdminAction.php?act=editAdmin&id=
ERR: 非法操作:doAdminAction.php

[ 2016-08-29T19:52:50+08:00 ] ::1 /SpSp/index.php/Admin/Admin/doAdminAction.php?act=editAdmin&id=
ERR: 非法操作:doAdminAction.php

[ 2016-08-29T20:13:45+08:00 ] ::1 /SpSp/index.php/Admin/Admin/editAdmin.html?id=4
ERR: 1054:Unknown column 'username' in 'field list'
 [ SQL语句 ] : SELECT `username` FROM `admin` LIMIT 1  

[ 2016-08-29T20:14:19+08:00 ] ::1 /SpSp/index.php/Admin/Admin/editAdmin.html?id=4
ERR: 1054:Unknown column 'username' in 'field list'
 [ SQL语句 ] : SELECT `username` FROM `admin` LIMIT 1  

