[ 2016-08-28T00:54:37+08:00 ] ::1 /SpSp/admin/
ERR: 无法加载控制器:Index

[ 2016-08-28T00:58:43+08:00 ] ::1 /SpSp/admin/
ERR: 无法加载控制器:Index

[ 2016-08-28T01:03:13+08:00 ] ::1 /SpSp/admin/admin
ERR: 模板不存在:./Application/Admin/View/Admin/index.html

[ 2016-08-28T01:03:19+08:00 ] ::1 /SpSp/admin/admin
ERR: 模板不存在:./Application/Admin/View/Admin/index.html

[ 2016-08-28T01:04:06+08:00 ] ::1 /SpSp/admin/admin
ERR: 模板不存在:./Application/Admin/View/admin/index/index.html

[ 2016-08-28T01:04:09+08:00 ] ::1 /SpSp/admin/admin
ERR: 模板不存在:./Application/Admin/View/admin/index/index.html

[ 2016-08-28T01:04:38+08:00 ] ::1 /SpSp/admin/styles/backstage.css
ERR: 无法加载控制器:Styles

[ 2016-08-28T01:04:38+08:00 ] ::1 /SpSp/admin/main.php
ERR: 无法加载控制器:Main.php

[ 2016-08-28T01:06:40+08:00 ] ::1 /SpSp/admin/addUser.php
ERR: 无法加载控制器:AddUser.php

[ 2016-08-28T15:22:50+08:00 ] ::1 /SpSp/admin/addCate.php
ERR: 无法加载控制器:AddCate.php

[ 2016-08-28T15:44:50+08:00 ] ::1 /SpSp/admin/addCate.php
ERR: 无法加载控制器:AddCate.php

[ 2016-08-28T15:47:50+08:00 ] ::1 /SpSp/admin/admin
ERR: 模板不存在:./Application/Admin/View/Admin/index.html

[ 2016-08-28T15:48:01+08:00 ] ::1 /SpSp/admin/admin
ERR: 模板不存在:./Application/Admin/View/Admin/index.html

[ 2016-08-28T15:48:02+08:00 ] ::1 /SpSp/admin/admin
ERR: 模板不存在:./Application/Admin/View/Admin/index.html

[ 2016-08-28T15:51:41+08:00 ] ::1 /SpSp/admin/%7Bmain%7D
ERR: 无法加载控制器:{main}

[ 2016-08-28T15:51:53+08:00 ] ::1 /SpSp/admin/%7Bmain%7D
ERR: 无法加载控制器:{main}

[ 2016-08-28T15:51:54+08:00 ] ::1 /SpSp/admin/%7Bmain%7D
ERR: 无法加载控制器:{main}

[ 2016-08-28T15:52:12+08:00 ] ::1 /SpSp/admin/admin
ERR: 模板不存在:./Application/Admin/View/index/index.html

[ 2016-08-28T15:52:25+08:00 ] ::1 /SpSp/admin/%7Bmain%7D
ERR: 无法加载控制器:{main}

[ 2016-08-28T15:53:22+08:00 ] ::1 /SpSp/admin/%7Bmain%7D
ERR: 无法加载控制器:{main}

[ 2016-08-28T15:53:24+08:00 ] ::1 /SpSp/admin/%7Bmain%7D
ERR: 无法加载控制器:{main}

[ 2016-08-28T15:53:40+08:00 ] ::1 /SpSp/admin/%7Bmain%7D
ERR: 无法加载控制器:{main}

[ 2016-08-28T15:53:41+08:00 ] ::1 /SpSp/admin/%7Bmain%7D
ERR: 无法加载控制器:{main}

[ 2016-08-28T15:53:42+08:00 ] ::1 /SpSp/admin/%7Bmain%7D
ERR: 无法加载控制器:{main}

[ 2016-08-28T15:54:21+08:00 ] ::1 /SpSp/admin/%7Bmain%7D
ERR: 无法加载控制器:{main}

[ 2016-08-28T15:54:28+08:00 ] ::1 /SpSp/admin/addCate.php
ERR: 无法加载控制器:AddCate.php

[ 2016-08-28T15:54:33+08:00 ] ::1 /SpSp/admin/addCate.php
ERR: 无法加载控制器:AddCate.php

[ 2016-08-28T15:57:23+08:00 ] ::1 /SpSp/index.php/Admin/Admin/getmain.html
ERR: 模板不存在:./Application/Admin/View/Admin/getmain.html

[ 2016-08-28T16:01:16+08:00 ] ::1 /SpSp/admin/addAdmin.php
ERR: 无法加载控制器:AddAdmin.php

[ 2016-08-28T16:37:16+08:00 ] ::1 /SpSp/admin/admin
ERR: 1146:Table 'supershop.auth' doesn't exist
 [ SQL语句 ] : SHOW COLUMNS FROM `auth`

[ 2016-08-28T16:41:26+08:00 ] ::1 /SpSp/admin/admin
ERR: 1146:Table 'supershop.auth' doesn't exist
 [ SQL语句 ] : SHOW COLUMNS FROM `auth`

[ 2016-08-28T16:41:29+08:00 ] ::1 /SpSp/admin/admin
ERR: 1146:Table 'supershop.auth' doesn't exist
 [ SQL语句 ] : SHOW COLUMNS FROM `auth`

[ 2016-08-28T16:42:19+08:00 ] ::1 /SpSp/admin/admin
ERR: 1146:Table 'supershop.auth' doesn't exist
 [ SQL语句 ] : SHOW COLUMNS FROM `auth`

[ 2016-08-28T16:42:22+08:00 ] ::1 /SpSp/admin/admin
ERR: 1146:Table 'supershop.auth' doesn't exist
 [ SQL语句 ] : SHOW COLUMNS FROM `auth`

[ 2016-08-28T16:42:25+08:00 ] ::1 /SpSp/admin/admin
ERR: 1146:Table 'supershop.auth' doesn't exist
 [ SQL语句 ] : SHOW COLUMNS FROM `auth`

[ 2016-08-28T16:43:28+08:00 ] ::1 /SpSp/admin/admin
ERR: 1146:Table 'supershop.auth' doesn't exist
 [ SQL语句 ] : SHOW COLUMNS FROM `auth`

[ 2016-08-28T16:43:30+08:00 ] ::1 /SpSp/admin/admin
ERR: 1146:Table 'supershop.auth' doesn't exist
 [ SQL语句 ] : SHOW COLUMNS FROM `auth`

[ 2016-08-28T16:44:26+08:00 ] ::1 /SpSp/admin/admin
ERR: 1146:Table 'supershop.auth' doesn't exist
 [ SQL语句 ] : SHOW COLUMNS FROM `auth`

[ 2016-08-28T16:44:57+08:00 ] ::1 /SpSp/admin/admin
ERR: 1146:Table 'supershop.auth' doesn't exist
 [ SQL语句 ] : SHOW COLUMNS FROM `auth`

[ 2016-08-28T16:45:07+08:00 ] ::1 /SpSp/admin/admin
ERR: 1146:Table 'supershop.auth' doesn't exist
 [ SQL语句 ] : SHOW COLUMNS FROM `auth`

[ 2016-08-28T16:45:08+08:00 ] ::1 /SpSp/admin/admin
ERR: 1146:Table 'supershop.auth' doesn't exist
 [ SQL语句 ] : SHOW COLUMNS FROM `auth`

[ 2016-08-28T16:45:09+08:00 ] ::1 /SpSp/admin/admin
ERR: 1146:Table 'supershop.auth' doesn't exist
 [ SQL语句 ] : SHOW COLUMNS FROM `auth`

[ 2016-08-28T16:45:10+08:00 ] ::1 /SpSp/admin/admin
ERR: 1146:Table 'supershop.auth' doesn't exist
 [ SQL语句 ] : SHOW COLUMNS FROM `auth`

[ 2016-08-28T16:46:18+08:00 ] ::1 /SpSp/admin/admin
ERR: 1146:Table 'supershop.auth' doesn't exist
 [ SQL语句 ] : SHOW COLUMNS FROM `auth`

[ 2016-08-28T16:46:20+08:00 ] ::1 /SpSp/admin/admin
ERR: 1146:Table 'supershop.auth' doesn't exist
 [ SQL语句 ] : SHOW COLUMNS FROM `auth`

[ 2016-08-28T16:46:24+08:00 ] ::1 /SpSp/admin/admin
ERR: 1146:Table 'supershop.auth' doesn't exist
 [ SQL语句 ] : SHOW COLUMNS FROM `auth`

[ 2016-08-28T16:47:44+08:00 ] ::1 /SpSp/admin/admin
ERR: 1146:Table 'supershop.auth' doesn't exist
 [ SQL语句 ] : SHOW COLUMNS FROM `auth`

[ 2016-08-28T16:47:45+08:00 ] ::1 /SpSp/admin/admin
ERR: 1146:Table 'supershop.auth' doesn't exist
 [ SQL语句 ] : SHOW COLUMNS FROM `auth`

[ 2016-08-28T16:48:21+08:00 ] ::1 /SpSp/admin/admin
ERR: 1146:Table 'supershop.auth' doesn't exist
 [ SQL语句 ] : SHOW COLUMNS FROM `auth`

[ 2016-08-28T16:48:59+08:00 ] ::1 /SpSp/admin/admin
ERR: 1146:Table 'supershop.auth' doesn't exist
 [ SQL语句 ] : SHOW COLUMNS FROM `auth`

[ 2016-08-28T16:49:09+08:00 ] ::1 /SpSp/admin/admin
ERR: 1146:Table 'supershop.auth' doesn't exist
 [ SQL语句 ] : SHOW COLUMNS FROM `auth`

[ 2016-08-28T16:58:01+08:00 ] ::1 /SpSp/admin/admin
ERR: Think\Controller:getadmin方法不存在！

[ 2016-08-28T16:59:30+08:00 ] ::1 /SpSp/admin/admin
ERR: Think\Controller:getadmin方法不存在！

[ 2016-08-28T17:03:07+08:00 ] ::1 /SpSp/admin/styles/reset.css
ERR: 无法加载控制器:Styles

[ 2016-08-28T17:03:07+08:00 ] ::1 /SpSp/admin/styles/main.css
ERR: 无法加载控制器:Styles

[ 2016-08-28T17:03:07+08:00 ] ::1 /SpSp/index.php/Admin/Admin/verify.html
ERR: 非法操作:verify

[ 2016-08-28T17:03:07+08:00 ] ::1 /SpSp/index.php/Admin/Admin/styles/main.css
ERR: 非法操作:styles

[ 2016-08-28T17:03:07+08:00 ] ::1 /SpSp/index.php/Admin/Admin/styles/reset.css
ERR: 非法操作:styles

[ 2016-08-28T17:03:07+08:00 ] ::1 /SpSp/index.php/Admin/Admin/verify.html
ERR: 非法操作:verify

[ 2016-08-28T17:04:51+08:00 ] ::1 /SpSp/admin/styles/reset.css
ERR: 无法加载控制器:Styles

[ 2016-08-28T17:04:51+08:00 ] ::1 /SpSp/admin/styles/main.css
ERR: 无法加载控制器:Styles

[ 2016-08-28T17:04:52+08:00 ] ::1 /SpSp/index.php/Admin/Admin/verify.html
ERR: 非法操作:verify

[ 2016-08-28T17:04:53+08:00 ] ::1 /SpSp/admin/styles/reset.css
ERR: 无法加载控制器:Styles

[ 2016-08-28T17:04:53+08:00 ] ::1 /SpSp/admin/styles/main.css
ERR: 无法加载控制器:Styles

[ 2016-08-28T17:04:53+08:00 ] ::1 /SpSp/index.php/Admin/Admin/verify.html
ERR: 非法操作:verify

[ 2016-08-28T17:04:56+08:00 ] ::1 /SpSp/admin/styles/reset.css
ERR: 无法加载控制器:Styles

[ 2016-08-28T17:04:56+08:00 ] ::1 /SpSp/admin/styles/main.css
ERR: 无法加载控制器:Styles

[ 2016-08-28T17:04:56+08:00 ] ::1 /SpSp/index.php/Admin/Admin/verify.html
ERR: 非法操作:verify

[ 2016-08-28T17:04:59+08:00 ] ::1 /SpSp/admin/styles/reset.css
ERR: 无法加载控制器:Styles

[ 2016-08-28T17:04:59+08:00 ] ::1 /SpSp/admin/styles/main.css
ERR: 无法加载控制器:Styles

[ 2016-08-28T17:04:59+08:00 ] ::1 /SpSp/index.php/Admin/Admin/verify.html
ERR: 非法操作:verify

[ 2016-08-28T17:05:15+08:00 ] ::1 /SpSp/admin/styles/reset.css
ERR: 无法加载控制器:Styles

[ 2016-08-28T17:05:15+08:00 ] ::1 /SpSp/admin/styles/main.css
ERR: 无法加载控制器:Styles

[ 2016-08-28T17:05:15+08:00 ] ::1 /SpSp/index.php/Admin/Admin/verify.html
ERR: 非法操作:verify

[ 2016-08-28T17:05:18+08:00 ] ::1 /SpSp/admin/styles/reset.css
ERR: 无法加载控制器:Styles

[ 2016-08-28T17:05:18+08:00 ] ::1 /SpSp/admin/styles/main.css
ERR: 无法加载控制器:Styles

[ 2016-08-28T17:05:18+08:00 ] ::1 /SpSp/index.php/Admin/Admin/verify.html
ERR: 非法操作:verify

[ 2016-08-28T17:05:28+08:00 ] ::1 /SpSp/admin/admin/styles/reset.css
ERR: 非法操作:styles

[ 2016-08-28T17:05:28+08:00 ] ::1 /SpSp/admin/admin/styles/main.css
ERR: 非法操作:styles

[ 2016-08-28T17:05:28+08:00 ] ::1 /SpSp/index.php/Admin/Admin/verify.html
ERR: 非法操作:verify

[ 2016-08-28T17:11:41+08:00 ] ::1 /SpSp/admin/admin/styles/reset.css
ERR: 非法操作:styles

[ 2016-08-28T17:11:41+08:00 ] ::1 /SpSp/admin/admin/styles/main.css
ERR: 非法操作:styles

[ 2016-08-28T17:11:41+08:00 ] ::1 /SpSp/index.php/Admin/Admin/verify.html
ERR: 非法操作:verify

[ 2016-08-28T17:11:43+08:00 ] ::1 /SpSp/admin/admin/styles/main.css
ERR: 非法操作:styles

[ 2016-08-28T17:11:43+08:00 ] ::1 /SpSp/admin/admin/styles/reset.css
ERR: 非法操作:styles

[ 2016-08-28T17:11:43+08:00 ] ::1 /SpSp/index.php/Admin/Admin/verify.html
ERR: 非法操作:verify

[ 2016-08-28T17:11:43+08:00 ] ::1 /SpSp/admin/admin/styles/main.css
ERR: 非法操作:styles

[ 2016-08-28T17:11:43+08:00 ] ::1 /SpSp/admin/admin/styles/reset.css
ERR: 非法操作:styles

[ 2016-08-28T17:11:43+08:00 ] ::1 /SpSp/index.php/Admin/Admin/verify.html
ERR: 非法操作:verify

[ 2016-08-28T17:11:59+08:00 ] ::1 /SpSp/index.php/Admin/Admin/verify.html
ERR: 非法操作:verify

[ 2016-08-28T17:14:52+08:00 ] ::1 /SpSp/index.php/Admin/Admin/getverify.html
ERR: 1146:Table 'supershop.action' doesn't exist
 [ SQL语句 ] : SHOW COLUMNS FROM `action`

[ 2016-08-28T17:14:57+08:00 ] ::1 /SpSp/index.php/Admin/Admin/getverify.html
ERR: 1146:Table 'supershop.action' doesn't exist
 [ SQL语句 ] : SHOW COLUMNS FROM `action`

[ 2016-08-28T17:27:36+08:00 ] ::1 /SpSp/admin/admin/styles/reset.css
ERR: 非法操作:styles

[ 2016-08-28T17:27:36+08:00 ] ::1 /SpSp/admin/admin/styles/main.css
ERR: 非法操作:styles

[ 2016-08-28T17:27:37+08:00 ] ::1 /SpSp/index.php/Admin/Admin/getverify.html
ERR: 1146:Table 'supershop.action' doesn't exist
 [ SQL语句 ] : SHOW COLUMNS FROM `action`

[ 2016-08-28T17:27:38+08:00 ] ::1 /SpSp/index.php/Admin/Admin/getverify.html
ERR: 1146:Table 'supershop.action' doesn't exist
 [ SQL语句 ] : SHOW COLUMNS FROM `action`

[ 2016-08-28T17:27:38+08:00 ] ::1 /SpSp/admin/admin/styles/reset.css
ERR: 非法操作:styles

[ 2016-08-28T17:27:38+08:00 ] ::1 /SpSp/admin/admin/styles/main.css
ERR: 非法操作:styles

[ 2016-08-28T17:27:39+08:00 ] ::1 /SpSp/index.php/Admin/Admin/getverify.html
ERR: 1146:Table 'supershop.action' doesn't exist
 [ SQL语句 ] : SHOW COLUMNS FROM `action`

[ 2016-08-28T17:27:40+08:00 ] ::1 /SpSp/admin/admin/styles/reset.css
ERR: 非法操作:styles

[ 2016-08-28T17:27:40+08:00 ] ::1 /SpSp/admin/admin/styles/main.css
ERR: 非法操作:styles

[ 2016-08-28T17:27:41+08:00 ] ::1 /SpSp/index.php/Admin/Admin/getverify.html
ERR: 1146:Table 'supershop.action' doesn't exist
 [ SQL语句 ] : SHOW COLUMNS FROM `action`

[ 2016-08-28T17:27:45+08:00 ] ::1 /SpSp/index.php/Admin/Admin/getverify.html
ERR: 1146:Table 'supershop.action' doesn't exist
 [ SQL语句 ] : SHOW COLUMNS FROM `action`

[ 2016-08-28T17:28:18+08:00 ] ::1 /SpSp/index.php/Admin/Admin/getverify.html
ERR: 1146:Table 'supershop.action' doesn't exist
 [ SQL语句 ] : SHOW COLUMNS FROM `action`

[ 2016-08-28T17:30:51+08:00 ] ::1 /SpSp/index.php/Admin/Admin/getverify.html
ERR: 无法加载控制器:Admin

[ 2016-08-28T17:30:54+08:00 ] ::1 /SpSp/index.php/Admin/Admin/getverify.html
ERR: 无法加载控制器:Admin

[ 2016-08-28T17:30:54+08:00 ] ::1 /SpSp/index.php/Admin/Admin/getverify.html
ERR: 无法加载控制器:Admin

[ 2016-08-28T17:31:04+08:00 ] ::1 /SpSp/admin/admin/index
ERR: 无法加载控制器:Admin

[ 2016-08-28T17:31:24+08:00 ] ::1 /SpSp/admin/admin/index
ERR: 无法加载控制器:Admin

[ 2016-08-28T17:31:25+08:00 ] ::1 /SpSp/admin/admin/index
ERR: 无法加载控制器:Admin

[ 2016-08-28T17:31:25+08:00 ] ::1 /SpSp/admin/admin/index
ERR: 无法加载控制器:Admin

[ 2016-08-28T17:31:25+08:00 ] ::1 /SpSp/admin/admin/index
ERR: 无法加载控制器:Admin

[ 2016-08-28T17:31:25+08:00 ] ::1 /SpSp/admin/admin/index
ERR: 无法加载控制器:Admin

[ 2016-08-28T17:31:25+08:00 ] ::1 /SpSp/admin/admin/index
ERR: 无法加载控制器:Admin

[ 2016-08-28T17:31:26+08:00 ] ::1 /SpSp/admin/admin/index
ERR: 无法加载控制器:Admin

[ 2016-08-28T17:31:26+08:00 ] ::1 /SpSp/admin/admin/index
ERR: 无法加载控制器:Admin

[ 2016-08-28T17:31:26+08:00 ] ::1 /SpSp/admin/admin/index
ERR: 无法加载控制器:Admin

[ 2016-08-28T17:31:26+08:00 ] ::1 /SpSp/admin/admin/index
ERR: 无法加载控制器:Admin

[ 2016-08-28T17:31:26+08:00 ] ::1 /SpSp/admin/admin/index
ERR: 无法加载控制器:Admin

[ 2016-08-28T17:31:26+08:00 ] ::1 /SpSp/admin/admin/index
ERR: 无法加载控制器:Admin

[ 2016-08-28T17:31:26+08:00 ] ::1 /SpSp/admin/admin/index
ERR: 无法加载控制器:Admin

[ 2016-08-28T17:31:27+08:00 ] ::1 /SpSp/admin/admin/index
ERR: 无法加载控制器:Admin

[ 2016-08-28T17:31:40+08:00 ] ::1 /SpSp/admin/admin/index
ERR: 无法加载控制器:Admin

[ 2016-08-28T17:31:40+08:00 ] ::1 /SpSp/admin/admin/index
ERR: 无法加载控制器:Admin

[ 2016-08-28T17:31:41+08:00 ] ::1 /SpSp/admin/admin/index
ERR: 无法加载控制器:Admin

[ 2016-08-28T17:31:41+08:00 ] ::1 /SpSp/admin/admin/index
ERR: 无法加载控制器:Admin

[ 2016-08-28T17:31:41+08:00 ] ::1 /SpSp/admin/admin/index
ERR: 无法加载控制器:Admin

[ 2016-08-28T17:31:41+08:00 ] ::1 /SpSp/admin/admin/index
ERR: 无法加载控制器:Admin

[ 2016-08-28T17:31:41+08:00 ] ::1 /SpSp/admin/admin/index
ERR: 无法加载控制器:Admin

[ 2016-08-28T17:31:41+08:00 ] ::1 /SpSp/admin/admin/index
ERR: 无法加载控制器:Admin

[ 2016-08-28T17:31:41+08:00 ] ::1 /SpSp/admin/admin/index
ERR: 无法加载控制器:Admin

[ 2016-08-28T17:31:42+08:00 ] ::1 /SpSp/admin/admin/index
ERR: 无法加载控制器:Admin

[ 2016-08-28T17:31:42+08:00 ] ::1 /SpSp/admin/admin/index
ERR: 无法加载控制器:Admin

[ 2016-08-28T17:31:42+08:00 ] ::1 /SpSp/admin/admin/index
ERR: 无法加载控制器:Admin

[ 2016-08-28T17:31:42+08:00 ] ::1 /SpSp/admin/admin/index
ERR: 无法加载控制器:Admin

[ 2016-08-28T17:31:42+08:00 ] ::1 /SpSp/admin/admin/index
ERR: 无法加载控制器:Admin

[ 2016-08-28T17:31:42+08:00 ] ::1 /SpSp/admin/admin/index
ERR: 无法加载控制器:Admin

[ 2016-08-28T17:31:43+08:00 ] ::1 /SpSp/admin/admin/index
ERR: 无法加载控制器:Admin

[ 2016-08-28T17:31:43+08:00 ] ::1 /SpSp/admin/admin/index
ERR: 无法加载控制器:Admin

[ 2016-08-28T17:31:43+08:00 ] ::1 /SpSp/admin/admin/index
ERR: 无法加载控制器:Admin

[ 2016-08-28T17:31:52+08:00 ] ::1 /SpSp/admin/admin/styles/reset.css
ERR: 非法操作:styles

[ 2016-08-28T17:31:52+08:00 ] ::1 /SpSp/admin/admin/styles/main.css
ERR: 非法操作:styles

[ 2016-08-28T17:31:53+08:00 ] ::1 /SpSp/index.php/Admin/Admin/getverify.html
ERR: 1146:Table 'supershop.action' doesn't exist
 [ SQL语句 ] : SHOW COLUMNS FROM `action`

[ 2016-08-28T17:31:53+08:00 ] ::1 /SpSp/admin/admin/styles/reset.css
ERR: 非法操作:styles

[ 2016-08-28T17:31:53+08:00 ] ::1 /SpSp/admin/admin/styles/main.css
ERR: 非法操作:styles

[ 2016-08-28T17:31:54+08:00 ] ::1 /SpSp/index.php/Admin/Admin/getverify.html
ERR: 1146:Table 'supershop.action' doesn't exist
 [ SQL语句 ] : SHOW COLUMNS FROM `action`

[ 2016-08-28T17:31:55+08:00 ] ::1 /SpSp/index.php/Admin/Admin/getverify.html
ERR: 1146:Table 'supershop.action' doesn't exist
 [ SQL语句 ] : SHOW COLUMNS FROM `action`

[ 2016-08-28T17:31:55+08:00 ] ::1 /SpSp/admin/admin/styles/reset.css
ERR: 非法操作:styles

[ 2016-08-28T17:31:55+08:00 ] ::1 /SpSp/admin/admin/styles/main.css
ERR: 非法操作:styles

[ 2016-08-28T17:31:56+08:00 ] ::1 /SpSp/index.php/Admin/Admin/getverify.html
ERR: 1146:Table 'supershop.action' doesn't exist
 [ SQL语句 ] : SHOW COLUMNS FROM `action`

[ 2016-08-28T17:31:57+08:00 ] ::1 /SpSp/index.php/Admin/Admin/getverify.html
ERR: 1146:Table 'supershop.action' doesn't exist
 [ SQL语句 ] : SHOW COLUMNS FROM `action`

[ 2016-08-28T17:31:59+08:00 ] ::1 /SpSp/index.php/Admin/Admin/getverify.html
ERR: 1146:Table 'supershop.action' doesn't exist
 [ SQL语句 ] : SHOW COLUMNS FROM `action`

[ 2016-08-28T17:40:52+08:00 ] ::1 /SpSp/index.php/Admin/Admin/getverify.html
ERR: Think\Model:getverify方法不存在！

[ 2016-08-28T18:31:18+08:00 ] ::1 /SpSp/admin/admin/styles/reset.css
ERR: 非法操作:styles

[ 2016-08-28T18:31:18+08:00 ] ::1 /SpSp/admin/admin/styles/main.css
ERR: 非法操作:styles

[ 2016-08-28T18:31:54+08:00 ] ::1 /SpSp/admin/admin/styles/reset.css
ERR: 非法操作:styles

[ 2016-08-28T18:31:54+08:00 ] ::1 /SpSp/admin/admin/styles/main.css
ERR: 非法操作:styles

[ 2016-08-28T18:32:34+08:00 ] ::1 /SpSp/admin/admin/index
ERR: 1146:Table 'supershop.auth' doesn't exist
 [ SQL语句 ] : SHOW COLUMNS FROM `auth`

[ 2016-08-28T18:33:16+08:00 ] ::1 /SpSp/admin/admin/styles/reset.css
ERR: 非法操作:styles

[ 2016-08-28T18:33:16+08:00 ] ::1 /SpSp/admin/admin/styles/main.css
ERR: 非法操作:styles

[ 2016-08-28T18:38:19+08:00 ] ::1 /SpSp/admin/admin/styles/reset.css
ERR: 非法操作:styles

[ 2016-08-28T18:38:19+08:00 ] ::1 /SpSp/admin/admin/styles/main.css
ERR: 非法操作:styles

[ 2016-08-28T18:38:21+08:00 ] ::1 /SpSp/admin/admin/styles/reset.css
ERR: 非法操作:styles

[ 2016-08-28T18:38:21+08:00 ] ::1 /SpSp/admin/admin/styles/main.css
ERR: 非法操作:styles

[ 2016-08-28T18:38:39+08:00 ] ::1 /SpSp/admin/admin/index
NOTIC: D方法实例化没找到模型类admin\Model\AuthModel
ERR: 1146:Table 'supershop.auth' doesn't exist
 [ SQL语句 ] : SHOW COLUMNS FROM `auth`

[ 2016-08-28T18:39:12+08:00 ] ::1 /SpSp/admin/admin/styles/reset.css
ERR: 非法操作:styles

[ 2016-08-28T18:39:12+08:00 ] ::1 /SpSp/admin/admin/styles/main.css
ERR: 非法操作:styles

[ 2016-08-28T18:42:40+08:00 ] ::1 /SpSp/admin/admin/index
ERR: 无法加载控制器:Admin

[ 2016-08-28T18:42:41+08:00 ] ::1 /SpSp/admin/admin/index
ERR: 无法加载控制器:Admin

[ 2016-08-28T18:42:41+08:00 ] ::1 /SpSp/admin/admin/index
ERR: 无法加载控制器:Admin

[ 2016-08-28T18:42:41+08:00 ] ::1 /SpSp/admin/admin/index
ERR: 无法加载控制器:Admin

[ 2016-08-28T18:42:41+08:00 ] ::1 /SpSp/admin/admin/index
ERR: 无法加载控制器:Admin

[ 2016-08-28T18:42:42+08:00 ] ::1 /SpSp/admin/admin/index
ERR: 无法加载控制器:Admin

[ 2016-08-28T18:42:42+08:00 ] ::1 /SpSp/admin/admin/index
ERR: 无法加载控制器:Admin

[ 2016-08-28T18:42:42+08:00 ] ::1 /SpSp/admin/admin/index
ERR: 无法加载控制器:Admin

[ 2016-08-28T18:43:47+08:00 ] ::1 /SpSp/admin/admin/styles/reset.css
ERR: 非法操作:styles

[ 2016-08-28T18:43:47+08:00 ] ::1 /SpSp/admin/admin/styles/main.css
ERR: 非法操作:styles

[ 2016-08-28T18:43:48+08:00 ] ::1 /SpSp/admin/admin/styles/main.css
ERR: 非法操作:styles

[ 2016-08-28T18:43:49+08:00 ] ::1 /SpSp/admin/admin/styles/reset.css
ERR: 非法操作:styles

[ 2016-08-28T18:44:56+08:00 ] ::1 /SpSp/admin/admin/styles/reset.css
ERR: 非法操作:styles

[ 2016-08-28T18:44:56+08:00 ] ::1 /SpSp/admin/admin/styles/main.css
ERR: 非法操作:styles

[ 2016-08-28T18:44:58+08:00 ] ::1 /SpSp/admin/admin/styles/reset.css
ERR: 非法操作:styles

[ 2016-08-28T18:44:58+08:00 ] ::1 /SpSp/admin/admin/styles/main.css
ERR: 非法操作:styles

[ 2016-08-28T18:45:00+08:00 ] ::1 /SpSp/admin/admin/styles/main.css
ERR: 非法操作:styles

[ 2016-08-28T18:45:00+08:00 ] ::1 /SpSp/admin/admin/styles/reset.css
ERR: 非法操作:styles

[ 2016-08-28T18:45:22+08:00 ] ::1 /SpSp/admin/admin/index
ERR: Think\Model:getadmin方法不存在！

[ 2016-08-28T18:45:23+08:00 ] ::1 /SpSp/admin/admin/index
ERR: Think\Model:getadmin方法不存在！

[ 2016-08-28T18:45:40+08:00 ] ::1 /SpSp/admin/admin/styles/reset.css
ERR: 非法操作:styles

[ 2016-08-28T18:45:40+08:00 ] ::1 /SpSp/admin/admin/styles/main.css
ERR: 非法操作:styles

[ 2016-08-28T18:47:08+08:00 ] ::1 /SpSp/admin/admin/styles/reset.css
ERR: 非法操作:styles

[ 2016-08-28T18:47:08+08:00 ] ::1 /SpSp/admin/admin/styles/main.css
ERR: 非法操作:styles

[ 2016-08-28T18:47:09+08:00 ] ::1 /SpSp/index.php/Admin/Admin/getverify.html
NOTIC: D方法实例化没找到模型类home\Model\ActionModel
ERR: 1146:Table 'supershop.action' doesn't exist
 [ SQL语句 ] : SHOW COLUMNS FROM `action`

[ 2016-08-28T18:47:10+08:00 ] ::1 /SpSp/admin/admin/styles/main.css
ERR: 非法操作:styles

[ 2016-08-28T18:47:10+08:00 ] ::1 /SpSp/admin/admin/styles/reset.css
ERR: 非法操作:styles

[ 2016-08-28T18:47:11+08:00 ] ::1 /SpSp/index.php/Admin/Admin/getverify.html
NOTIC: D方法实例化没找到模型类home\Model\ActionModel
ERR: 1146:Table 'supershop.action' doesn't exist
 [ SQL语句 ] : SHOW COLUMNS FROM `action`

[ 2016-08-28T18:47:19+08:00 ] ::1 /SpSp/index.php/Admin/Admin/getverify.html
NOTIC: D方法实例化没找到模型类home\Model\ActionModel
ERR: 1146:Table 'supershop.action' doesn't exist
 [ SQL语句 ] : SHOW COLUMNS FROM `action`

[ 2016-08-28T19:03:47+08:00 ] ::1 /SpSp/admin/admin/styles/reset.css
ERR: 非法操作:styles

[ 2016-08-28T19:03:47+08:00 ] ::1 /SpSp/admin/admin/styles/main.css
ERR: 非法操作:styles

[ 2016-08-28T19:07:55+08:00 ] ::1 /SpSp/admin/admin/styles/reset.css
ERR: 非法操作:styles

[ 2016-08-28T19:07:55+08:00 ] ::1 /SpSp/admin/admin/styles/main.css
ERR: 非法操作:styles

[ 2016-08-28T20:17:09+08:00 ] ::1 /SpSp/admin/admin/index
ERR: 模板不存在:./Application/Admin/View/Admin/login.html

[ 2016-08-28T20:27:50+08:00 ] ::1 /SpSp/admin/admin/index
ERR: 模板不存在:./Application/Admin/View//SpSp/index.php/Admin/login/index.html.html

[ 2016-08-28T20:33:19+08:00 ] ::1 /SpSp/index.php/Admin/Admin/login.html
ERR: 非法操作:login

[ 2016-08-28T20:33:50+08:00 ] ::1 /SpSp/index.php/Admin/Admin/login.html
ERR: 非法操作:login

[ 2016-08-28T20:33:50+08:00 ] ::1 /SpSp/index.php/Admin/Admin/login.html
ERR: 非法操作:login

[ 2016-08-28T20:33:51+08:00 ] ::1 /SpSp/index.php/Admin/Admin/login.html
ERR: 非法操作:login

[ 2016-08-28T20:33:51+08:00 ] ::1 /SpSp/index.php/Admin/Admin/login.html
ERR: 非法操作:login

[ 2016-08-28T20:33:51+08:00 ] ::1 /SpSp/index.php/Admin/Admin/login.html
ERR: 非法操作:login

[ 2016-08-28T20:33:51+08:00 ] ::1 /SpSp/index.php/Admin/Admin/login.html
ERR: 非法操作:login

[ 2016-08-28T20:33:52+08:00 ] ::1 /SpSp/index.php/Admin/Admin/login.html
ERR: 非法操作:login

[ 2016-08-28T20:33:52+08:00 ] ::1 /SpSp/index.php/Admin/Admin/login.html
ERR: 非法操作:login

[ 2016-08-28T20:33:52+08:00 ] ::1 /SpSp/index.php/Admin/Admin/login.html
ERR: 非法操作:login

[ 2016-08-28T20:33:52+08:00 ] ::1 /SpSp/index.php/Admin/Admin/login.html
ERR: 非法操作:login

[ 2016-08-28T20:33:53+08:00 ] ::1 /SpSp/index.php/Admin/Admin/login.html
ERR: 非法操作:login

[ 2016-08-28T20:34:07+08:00 ] ::1 /SpSp/index.php/Admin/Admin/login.html
ERR: 非法操作:login

[ 2016-08-28T20:34:08+08:00 ] ::1 /SpSp/index.php/Admin/Admin/login.html
ERR: 非法操作:login

[ 2016-08-28T20:34:08+08:00 ] ::1 /SpSp/index.php/Admin/Admin/login.html
ERR: 非法操作:login

[ 2016-08-28T20:34:09+08:00 ] ::1 /SpSp/index.php/Admin/Admin/login.html
ERR: 非法操作:login

[ 2016-08-28T20:34:09+08:00 ] ::1 /SpSp/index.php/Admin/Admin/login.html
ERR: 非法操作:login

[ 2016-08-28T20:34:09+08:00 ] ::1 /SpSp/index.php/Admin/Admin/login.html
ERR: 非法操作:login

[ 2016-08-28T20:34:09+08:00 ] ::1 /SpSp/index.php/Admin/Admin/login.html
ERR: 非法操作:login

[ 2016-08-28T20:34:10+08:00 ] ::1 /SpSp/index.php/Admin/Admin/login.html
ERR: 非法操作:login

[ 2016-08-28T20:34:25+08:00 ] ::1 /SpSp/index.php/Admin/Admin/login.html
ERR: 非法操作:login

[ 2016-08-28T20:34:26+08:00 ] ::1 /SpSp/index.php/Admin/Admin/login.html
ERR: 非法操作:login

[ 2016-08-28T20:34:27+08:00 ] ::1 /SpSp/index.php/Admin/Admin/login.html
ERR: 非法操作:login

[ 2016-08-28T20:34:27+08:00 ] ::1 /SpSp/index.php/Admin/Admin/login.html
ERR: 非法操作:login

[ 2016-08-28T20:34:27+08:00 ] ::1 /SpSp/index.php/Admin/Admin/login.html
ERR: 非法操作:login

[ 2016-08-28T20:34:27+08:00 ] ::1 /SpSp/index.php/Admin/Admin/login.html
ERR: 非法操作:login

[ 2016-08-28T20:34:38+08:00 ] ::1 /SpSp/index.php/Admin/Admin/login.html
ERR: 非法操作:login

[ 2016-08-28T20:36:08+08:00 ] ::1 /SpSp/index.php/Admin/Admin/login.html
ERR: 非法操作:login

[ 2016-08-28T20:36:08+08:00 ] ::1 /SpSp/index.php/Admin/Admin/login.html
ERR: 非法操作:login

[ 2016-08-28T20:36:09+08:00 ] ::1 /SpSp/index.php/Admin/Admin/login.html
ERR: 非法操作:login

[ 2016-08-28T20:36:09+08:00 ] ::1 /SpSp/index.php/Admin/Admin/login.html
ERR: 非法操作:login

[ 2016-08-28T20:36:09+08:00 ] ::1 /SpSp/index.php/Admin/Admin/login.html
ERR: 非法操作:login

[ 2016-08-28T20:36:09+08:00 ] ::1 /SpSp/index.php/Admin/Admin/login.html
ERR: 非法操作:login

[ 2016-08-28T20:36:10+08:00 ] ::1 /SpSp/index.php/Admin/Admin/login.html
ERR: 非法操作:login

[ 2016-08-28T20:36:10+08:00 ] ::1 /SpSp/index.php/Admin/Admin/login.html
ERR: 非法操作:login

[ 2016-08-28T20:36:11+08:00 ] ::1 /SpSp/index.php/Admin/Admin/login.html
ERR: 非法操作:login

[ 2016-08-28T20:36:11+08:00 ] ::1 /SpSp/index.php/Admin/Admin/login.html
ERR: 非法操作:login

[ 2016-08-28T20:36:11+08:00 ] ::1 /SpSp/index.php/Admin/Admin/login.html
ERR: 非法操作:login

[ 2016-08-28T20:36:53+08:00 ] ::1 /SpSp/index.php/Admin/Admin/login.html
ERR: 非法操作:login

[ 2016-08-28T20:36:55+08:00 ] ::1 /SpSp/index.php/Admin/Admin/login.html
ERR: 非法操作:login

[ 2016-08-28T20:36:55+08:00 ] ::1 /SpSp/index.php/Admin/Admin/login.html
ERR: 非法操作:login

[ 2016-08-28T20:37:22+08:00 ] ::1 /SpSp/index.php/Admin/Login/getverify.html
ERR: 非法操作:getverify

[ 2016-08-28T20:44:50+08:00 ] ::1 /SpSp/index.php/Admin/Login/getverify.html
ERR: 非法操作:getverify

[ 2016-08-28T20:45:03+08:00 ] ::1 /SpSp/index.php/Admin/Login/getverify.html
ERR: 非法操作:getverify

[ 2016-08-28T20:56:54+08:00 ] ::1 /SpSp/index.php/Admin/Login/index.html
ERR: Think\Model:findOne_by_username方法不存在！

[ 2016-08-28T20:58:07+08:00 ] ::1 /SpSp/index.php/Admin/Login/index.html
ERR: 1146:Table 'supershop.username' doesn't exist
 [ SQL语句 ] : SHOW COLUMNS FROM `username`

[ 2016-08-28T21:29:53+08:00 ] ::1 /SpSp/index.php/Admin/Auth/logout.html
ERR: 无法加载控制器:Auth

[ 2016-08-28T21:30:43+08:00 ] ::1 /SpSp/index.php/Admin/Auth/logout.html
ERR: 无法加载控制器:Auth

[ 2016-08-28T21:30:46+08:00 ] ::1 /SpSp/index.php/Admin/Auth/logout.html
ERR: 无法加载控制器:Auth

[ 2016-08-28T21:30:47+08:00 ] ::1 /SpSp/index.php/Admin/Auth/logout.html
ERR: 无法加载控制器:Auth

[ 2016-08-28T21:30:52+08:00 ] ::1 /SpSp/index.php/Admin/Auth/logout.html
ERR: 无法加载控制器:Auth

[ 2016-08-28T21:42:06+08:00 ] ::1 /SpSp/index.php/Admin/admin/
ERR: 模板不存在:./Application/Admin/View/Admin/login.html

[ 2016-08-28T21:50:39+08:00 ] ::1 /SpSp/index.php/Admin/Login/logout.html
ERR: 模板不存在:./Application/Admin/View/Login/logout.html

[ 2016-08-28T21:50:49+08:00 ] ::1 /SpSp/index.php/Admin/Login/logout.html
ERR: 模板不存在:./Application/Admin/View/Login/logout.html

[ 2016-08-28T21:51:55+08:00 ] ::1 /SpSp/index.php/Admin/Login/logout.html
ERR: 模板不存在:./Application/Admin/View/Login/logout.html

[ 2016-08-28T21:52:00+08:00 ] ::1 /SpSp/index.php/Admin/Login/logout.html
ERR: 模板不存在:./Application/Admin/View/Login/logout.html

[ 2016-08-28T21:52:00+08:00 ] ::1 /SpSp/index.php/Admin/Login/logout.html
ERR: 模板不存在:./Application/Admin/View/Login/logout.html

[ 2016-08-28T21:52:01+08:00 ] ::1 /SpSp/index.php/Admin/Login/logout.html
ERR: 模板不存在:./Application/Admin/View/Login/logout.html

[ 2016-08-28T21:52:47+08:00 ] ::1 /SpSp/index.php/Admin/Admin/logout.html
ERR: 非法操作:logout

[ 2016-08-28T21:53:19+08:00 ] ::1 /SpSp/index.php/Admin/Admin/logout.html
ERR: 非法操作:logout

[ 2016-08-28T21:53:25+08:00 ] ::1 /SpSp/index.php/Admin/Login/logout.html
ERR: Think\Model:display方法不存在！

[ 2016-08-28T22:09:33+08:00 ] ::1 /SpSp/index.php/Admin/admin/%7Bsh:U('Login/logout')%7D
ERR: 非法操作:{sh:U('Login

[ 2016-08-28T22:09:47+08:00 ] ::1 /SpSp/index.php/Admin/admin/%7Bsh:U('Login/logout')%7D
ERR: 非法操作:{sh:U('Login

[ 2016-08-28T22:11:54+08:00 ] ::1 /SpSp/index.php/Admin/Login/logout.html
ERR: 模板不存在:./Application/Admin/View/Login/logout.html

