[ 2016-09-02T10:04:33+08:00 ] ::1 /SpSp/index.php/Admin/Goods/scripts/jquery-1.6.4.js
ERR: 非法操作:scripts

[ 2016-09-02T10:04:33+08:00 ] ::1 /SpSp/index.php/Admin/Goods/scripts/jquery-1.6.4.js
ERR: 非法操作:scripts

[ 2016-09-02T10:10:12+08:00 ] ::1 /SpSp/index.php/Admin/Goods/scripts/jquery-1.6.4.js
ERR: 非法操作:scripts

[ 2016-09-02T10:10:40+08:00 ] ::1 /SpSp/index.php/Admin/Goods/scripts/jquery-1.6.4.js
ERR: 非法操作:scripts

[ 2016-09-02T10:11:01+08:00 ] ::1 /SpSp/index.php/Admin/Goods/scripts/jquery-1.6.4.js
ERR: 非法操作:scripts

[ 2016-09-02T10:12:14+08:00 ] ::1 /SpSp/index.php/Admin/Goods/scripts/jquery-1.6.4.js
ERR: 非法操作:scripts

[ 2016-09-02T10:14:02+08:00 ] ::1 /SpSp/index.php/Admin/Goods/scripts/jquery-1.6.4.js
ERR: 非法操作:scripts

[ 2016-09-02T10:16:25+08:00 ] ::1 /SpSp/index.php/Admin/Goods/scripts/jquery-1.6.4.js
ERR: 非法操作:scripts

[ 2016-09-02T10:17:10+08:00 ] ::1 /SpSp/index.php/Admin/Goods/scripts/jquery-1.6.4.js
ERR: 非法操作:scripts

[ 2016-09-02T10:18:10+08:00 ] ::1 /SpSp/index.php/Admin/Goods/scripts/jquery-1.6.4.js
ERR: 非法操作:scripts

[ 2016-09-02T10:21:29+08:00 ] ::1 /SpSp/index.php/Admin/Goods/scripts/jquery-1.6.4.js
ERR: 非法操作:scripts

[ 2016-09-02T10:22:15+08:00 ] ::1 /SpSp/index.php/Admin/Goods/scripts/jquery-1.6.4.js
ERR: 非法操作:scripts

[ 2016-09-02T11:08:59+08:00 ] ::1 /SpSp/index.php/Admin/Goods/scripts/jquery-1.6.4.js
ERR: 非法操作:scripts

[ 2016-09-02T11:09:38+08:00 ] ::1 /SpSp/index.php/Admin/Goods/scripts/jquery-1.6.4.js
ERR: 非法操作:scripts

[ 2016-09-02T11:10:41+08:00 ] ::1 /SpSp/index.php/Admin/Goods/scripts/jquery-1.6.4.js
ERR: 非法操作:scripts

[ 2016-09-02T11:18:30+08:00 ] ::1 /SpSp/index.php/Admin/Goods/scripts/jquery-1.6.4.js
ERR: 非法操作:scripts

[ 2016-09-02T11:19:35+08:00 ] ::1 /SpSp/index.php/Admin/Goods/scripts/jquery-1.6.4.js
ERR: 非法操作:scripts

[ 2016-09-02T11:22:53+08:00 ] ::1 /SpSp/index.php/Admin/Goods/scripts/jquery-ui/js/jquery-1.10.2.js
ERR: 非法操作:scripts

[ 2016-09-02T11:22:53+08:00 ] ::1 /SpSp/index.php/Admin/Goods/scripts/jquery-ui/js/jquery-ui-1.10.4.custom.js
ERR: 非法操作:scripts

[ 2016-09-02T11:22:53+08:00 ] ::1 /SpSp/index.php/Admin/Goods/scripts/jquery-ui/js/jquery-ui-1.10.4.custom.min.js
ERR: 非法操作:scripts

[ 2016-09-02T11:22:53+08:00 ] ::1 /SpSp/index.php/Admin/Goods/scripts/jquery-ui/css/ui-lightness/jquery-ui-1.10.4.custom.css
ERR: 非法操作:scripts

[ 2016-09-02T11:22:53+08:00 ] ::1 /SpSp/index.php/Admin/Goods/styles/backstage.css
ERR: 非法操作:styles

[ 2016-09-02T11:56:10+08:00 ] ::1 /SpSp/index.php/Admin/Goods/addPro.php
ERR: 非法操作:addPro.php

[ 2016-09-02T12:23:33+08:00 ] ::1 /SpSp/index.php/Admin/Goods/scripts/jquery-1.6.4.js
ERR: 非法操作:scripts

[ 2016-09-02T12:25:09+08:00 ] ::1 /SpSp/index.php/Admin/Goods/uploads/
ERR: 非法操作:uploads

[ 2016-09-02T12:25:18+08:00 ] ::1 /SpSp/index.php/Admin/Goods/editPro.php?id=undefined
ERR: 非法操作:editPro.php

[ 2016-09-02T12:25:19+08:00 ] ::1 /SpSp/index.php/Admin/Goods/uploads/
ERR: 非法操作:uploads

[ 2016-09-02T12:55:32+08:00 ] ::1 /SpSp/index.php/Admin/Goods/scripts/jquery-1.6.4.js
ERR: 非法操作:scripts

[ 2016-09-02T12:56:18+08:00 ] ::1 /SpSp/index.php/Admin/Goods/scripts/jquery-1.6.4.js
ERR: 非法操作:scripts

[ 2016-09-02T12:57:27+08:00 ] ::1 /SpSp/index.php/Admin/Goods/uploads/
ERR: 非法操作:uploads

[ 2016-09-02T13:00:29+08:00 ] ::1 /SpSp/index.php/Admin/Goods/uploads/
ERR: 非法操作:uploads

[ 2016-09-02T14:36:43+08:00 ] ::1 /SpSp/index.php/Admin/Goods/uploads/
ERR: 非法操作:uploads

[ 2016-09-02T14:36:47+08:00 ] ::1 /SpSp/index.php/Admin/Goods/uploads/
ERR: 非法操作:uploads

[ 2016-09-02T14:36:49+08:00 ] ::1 /SpSp/index.php/Admin/Goods/uploads/
ERR: 非法操作:uploads

[ 2016-09-02T14:41:59+08:00 ] ::1 /SpSp/index.php/Admin/Goods/scripts/jquery-1.6.4.js
ERR: 非法操作:scripts

[ 2016-09-02T14:51:02+08:00 ] ::1 /SpSp/index.php/Admin/Goods/uploads/
ERR: 非法操作:uploads

[ 2016-09-02T14:52:09+08:00 ] ::1 /SpSp/index.php/Admin/Goods/uploads/
ERR: 非法操作:uploads

[ 2016-09-02T14:52:43+08:00 ] ::1 /SpSp/index.php/Admin/Goods/uploads/
ERR: 非法操作:uploads

[ 2016-09-02T14:53:09+08:00 ] ::1 /SpSp/index.php/Admin/Goods/uploads/
ERR: 非法操作:uploads

[ 2016-09-02T14:53:17+08:00 ] ::1 /SpSp/index.php/Admin/Goods/addGoods.html
ERR: 1062:Duplicate entry '' for key 'gname'
 [ SQL语句 ] : INSERT INTO `goods` (`gname`,`gno`,`gnum`,`mprice`,`gprice`,`gintro`,`cid`,`guptime`) VALUES ('','','0','','','','1','1472799197')

[ 2016-09-02T14:54:05+08:00 ] ::1 /SpSp/index.php/Admin/Goods/addGoods.html
ERR: 1062:Duplicate entry '' for key 'gname'
 [ SQL语句 ] : INSERT INTO `goods` (`gname`,`gno`,`gnum`,`mprice`,`gprice`,`gintro`,`cid`,`guptime`) VALUES ('','','0','','','','1','1472799245')

[ 2016-09-02T15:11:04+08:00 ] ::1 /SpSp/index.php/Admin/Goods/addGoods.html
ERR: 1062:Duplicate entry '' for key 'gname'
 [ SQL语句 ] : INSERT INTO `goods` (`gname`,`gno`,`gnum`,`mprice`,`gprice`,`gintro`,`cid`,`guptime`) VALUES ('','','0','','','','1','1472800264')

[ 2016-09-02T15:12:22+08:00 ] ::1 /SpSp/index.php/Admin/Goods/addGoods.html
ERR: 1062:Duplicate entry '' for key 'gname'
 [ SQL语句 ] : INSERT INTO `goods` (`gname`,`gno`,`gnum`,`mprice`,`gprice`,`gintro`,`cid`,`guptime`) VALUES ('','fdf','0','sfd','','','1','1472800342')

[ 2016-09-02T15:22:34+08:00 ] ::1 /SpSp/index.php/Admin/Goods/addGoods.html
ERR: 1062:Duplicate entry '' for key 'gname'
 [ SQL语句 ] : INSERT INTO `goods` (`gname`,`gno`,`gnum`,`mprice`,`gprice`,`gintro`,`cid`,`guptime`) VALUES ('','','0','','','','1','1472800954')

[ 2016-09-02T15:22:52+08:00 ] ::1 /SpSp/index.php/Admin/Goods/addGoods.html
ERR: 1062:Duplicate entry '' for key 'gname'
 [ SQL语句 ] : INSERT INTO `goods` (`gname`,`gno`,`gnum`,`mprice`,`gprice`,`gintro`,`cid`,`guptime`) VALUES ('','fdf','0','sfd','','','1','1472800972')

[ 2016-09-02T15:23:54+08:00 ] ::1 /SpSp/index.php/Admin/Goods/uploads/
ERR: 非法操作:uploads

[ 2016-09-02T15:23:59+08:00 ] ::1 /SpSp/index.php/Admin/Goods/addGoods.html
ERR: 1062:Duplicate entry '' for key 'gname'
 [ SQL语句 ] : INSERT INTO `goods` (`gname`,`gno`,`gnum`,`mprice`,`gprice`,`gintro`,`cid`,`guptime`) VALUES ('','','0','','','','1','1472801039')

[ 2016-09-02T15:26:16+08:00 ] ::1 /SpSp/index.php/Admin/Goods/uploads/
ERR: 非法操作:uploads

[ 2016-09-02T15:38:05+08:00 ] ::1 /SpSp/index.php/Admin/Goods/uploads/
ERR: 非法操作:uploads

[ 2016-09-02T15:39:57+08:00 ] ::1 /SpSp/index.php/Admin/Goods/uploads/
ERR: 非法操作:uploads

[ 2016-09-02T16:09:49+08:00 ] ::1 /SpSp/index.php/Admin/Goods/uploads/
ERR: 非法操作:uploads

[ 2016-09-02T16:09:53+08:00 ] ::1 /SpSp/index.php/Admin/Goods/uploads/
ERR: 非法操作:uploads

[ 2016-09-02T16:13:31+08:00 ] ::1 /SpSp/index.php/Admin/Goods/uploads/
ERR: 非法操作:uploads

[ 2016-09-02T16:26:04+08:00 ] ::1 /SpSp/index.php/Admin/Goods/uploads/
ERR: 非法操作:uploads

[ 2016-09-02T21:27:16+08:00 ] ::1 /SpSp/index.php/Admin/Goods/uploads/
ERR: 非法操作:uploads

[ 2016-09-02T21:27:25+08:00 ] ::1 /SpSp/index.php/Admin/Goods/uploads/
ERR: 非法操作:uploads

[ 2016-09-02T21:27:29+08:00 ] ::1 /SpSp/index.php/Admin/Goods/uploads/
ERR: 非法操作:uploads

[ 2016-09-02T21:27:35+08:00 ] ::1 /SpSp/index.php/Admin/Goods/uploads/
ERR: 非法操作:uploads

[ 2016-09-02T21:28:36+08:00 ] ::1 /SpSp/index.php/Admin/Goods/uploads/
ERR: 非法操作:uploads

[ 2016-09-02T21:30:14+08:00 ] ::1 /SpSp/index.php/Admin/Goods/uploads/
ERR: 非法操作:uploads

[ 2016-09-02T21:48:13+08:00 ] ::1 /SpSp/index.php/Admin/Goods/uploads/
ERR: 非法操作:uploads

[ 2016-09-02T22:35:13+08:00 ] ::1 /SpSp/index.php/Admin/Goods/uploads/
ERR: 非法操作:uploads

[ 2016-09-02T22:35:13+08:00 ] ::1 /SpSp/index.php/Admin/Goods/uploads/
ERR: 非法操作:uploads

[ 2016-09-02T22:36:24+08:00 ] ::1 /SpSp/index.php/Admin/Goods/uploads/
ERR: 非法操作:uploads

[ 2016-09-02T22:36:24+08:00 ] ::1 /SpSp/index.php/Admin/Goods/uploads/
ERR: 非法操作:uploads

[ 2016-09-02T22:40:05+08:00 ] ::1 /SpSp/index.php/Admin/Goods/uploads/
ERR: 非法操作:uploads

[ 2016-09-02T22:41:37+08:00 ] ::1 /SpSp/index.php/Admin/Goods/uploads/
ERR: 非法操作:uploads

[ 2016-09-02T22:41:59+08:00 ] ::1 /SpSp/index.php/Admin/Goods/uploads/
ERR: 非法操作:uploads

[ 2016-09-02T22:42:00+08:00 ] ::1 /SpSp/index.php/Admin/Goods/uploads/
ERR: 非法操作:uploads

[ 2016-09-02T22:43:55+08:00 ] ::1 /SpSp/index.php/Admin/Goods/listGoods.html
ERR: 1054:Unknown column 'category.id' in 'on clause'
 [ SQL语句 ] : SELECT * FROM `category` full join goods on goods.cid=category.id  

[ 2016-09-02T22:45:28+08:00 ] ::1 /SpSp/index.php/Admin/Goods/uploads/
ERR: 非法操作:uploads

[ 2016-09-02T22:45:43+08:00 ] ::1 /SpSp/index.php/Admin/Goods/uploads/
ERR: 非法操作:uploads

[ 2016-09-02T22:46:13+08:00 ] ::1 /SpSp/index.php/Admin/Goods/uploads/
ERR: 非法操作:uploads

[ 2016-09-02T22:46:55+08:00 ] ::1 /SpSp/index.php/Admin/Goods/uploads/
ERR: 非法操作:uploads

[ 2016-09-02T22:46:55+08:00 ] ::1 /SpSp/index.php/Admin/Goods/uploads/
ERR: 非法操作:uploads

[ 2016-09-02T22:47:16+08:00 ] ::1 /SpSp/index.php/Admin/Goods/uploads/
ERR: 非法操作:uploads

[ 2016-09-02T22:47:35+08:00 ] ::1 /SpSp/index.php/Admin/Goods/uploads/
ERR: 非法操作:uploads

[ 2016-09-02T22:47:53+08:00 ] ::1 /SpSp/index.php/Admin/Goods/uploads/
ERR: 非法操作:uploads

[ 2016-09-02T22:49:28+08:00 ] ::1 /SpSp/index.php/Admin/Goods/uploads/
ERR: 非法操作:uploads

[ 2016-09-02T22:50:21+08:00 ] ::1 /SpSp/index.php/Admin/Goods/uploads/
ERR: 非法操作:uploads

[ 2016-09-02T22:52:51+08:00 ] ::1 /SpSp/index.php/Admin/Goods/uploads/
ERR: 非法操作:uploads

[ 2016-09-02T22:54:33+08:00 ] ::1 /SpSp/index.php/Admin/Goods/uploads/
ERR: 非法操作:uploads

[ 2016-09-02T22:54:43+08:00 ] ::1 /SpSp/index.php/Admin/Goods/uploads/
ERR: 非法操作:uploads

[ 2016-09-02T22:55:03+08:00 ] ::1 /SpSp/index.php/Admin/Goods/uploads/
ERR: 非法操作:uploads

[ 2016-09-02T22:55:25+08:00 ] ::1 /SpSp/index.php/Admin/Goods/uploads/
ERR: 非法操作:uploads

[ 2016-09-02T22:55:55+08:00 ] ::1 /SpSp/index.php/Admin/Goods/uploads/
ERR: 非法操作:uploads

[ 2016-09-02T23:05:38+08:00 ] ::1 /SpSp/index.php/Admin/Goods/uploads/
ERR: 非法操作:uploads

[ 2016-09-02T23:15:08+08:00 ] ::1 /SpSp/index.php/Admin/Goods/uploads/
ERR: 非法操作:uploads

[ 2016-09-02T23:15:21+08:00 ] ::1 /SpSp/index.php/Admin/Goods/uploads/
ERR: 非法操作:uploads

[ 2016-09-02T23:20:39+08:00 ] ::1 /SpSp/index.php/Admin/Goods/uploads/
ERR: 非法操作:uploads

[ 2016-09-02T23:20:49+08:00 ] ::1 /SpSp/index.php/Admin/Goods/uploads/
ERR: 非法操作:uploads

[ 2016-09-02T23:20:58+08:00 ] ::1 /SpSp/index.php/Admin/Goods/uploads/
ERR: 非法操作:uploads

[ 2016-09-02T23:21:04+08:00 ] ::1 /SpSp/index.php/Admin/Goods/uploads/
ERR: 非法操作:uploads

[ 2016-09-02T23:21:09+08:00 ] ::1 /SpSp/index.php/Admin/Goods/uploads/
ERR: 非法操作:uploads

[ 2016-09-02T23:26:39+08:00 ] ::1 /SpSp/index.php/Admin/Goods/uploads/
ERR: 非法操作:uploads

[ 2016-09-02T23:26:47+08:00 ] ::1 /SpSp/index.php/Admin/Goods/uploads/
ERR: 非法操作:uploads

[ 2016-09-02T23:27:08+08:00 ] ::1 /SpSp/index.php/Admin/Goods/uploads/
ERR: 非法操作:uploads

[ 2016-09-02T23:27:21+08:00 ] ::1 /SpSp/index.php/Admin/Goods/uploads/
ERR: 非法操作:uploads

[ 2016-09-02T23:27:23+08:00 ] ::1 /SpSp/index.php/Admin/Goods/uploads/
ERR: 非法操作:uploads

[ 2016-09-02T23:27:34+08:00 ] ::1 /SpSp/index.php/Admin/Goods/uploads/
ERR: 非法操作:uploads

[ 2016-09-02T23:27:46+08:00 ] ::1 /SpSp/index.php/Admin/Goods/uploads/
ERR: 非法操作:uploads

[ 2016-09-02T23:27:50+08:00 ] ::1 /SpSp/index.php/Admin/Goods/uploads/
ERR: 非法操作:uploads

[ 2016-09-02T23:27:56+08:00 ] ::1 /SpSp/index.php/Admin/Goods/uploads/
ERR: 非法操作:uploads

[ 2016-09-02T23:28:01+08:00 ] ::1 /SpSp/index.php/Admin/Goods/uploads/
ERR: 非法操作:uploads

[ 2016-09-02T23:28:03+08:00 ] ::1 /SpSp/index.php/Admin/Goods/uploads/
ERR: 非法操作:uploads

[ 2016-09-02T23:39:19+08:00 ] ::1 /SpSp/index.php/Admin/Goods/uploads/
ERR: 非法操作:uploads

[ 2016-09-02T23:53:37+08:00 ] ::1 /SpSp/index.php/Admin/Goods/uploads/
ERR: 非法操作:uploads

[ 2016-09-02T23:53:42+08:00 ] ::1 /SpSp/index.php/Admin/Goods/editGoods.htmlid=1
ERR: 非法操作:editGoods.htmlid=1

[ 2016-09-02T23:54:41+08:00 ] ::1 /SpSp/index.php/Admin/Goods/uploads/
ERR: 非法操作:uploads

[ 2016-09-02T23:54:43+08:00 ] ::1 /SpSp/index.php/Admin/Goods/editGoods.html?id=1
ERR: Think\Model:editGoods方法不存在！

