[ 2016-08-31T00:56:24+08:00 ] ::1 /SpSp/index.php/Admin/Admin/addAdmin.html
ERR: 1054:Unknown column 'username' in 'field list'
 [ SQL语句 ] : SELECT `username` FROM `admin` LIMIT 1  

[ 2016-08-31T01:00:52+08:00 ] ::1 /SpSp/index.php/Admin/Admin/addAdmin.html
ERR: 非法数据对象！

[ 2016-08-31T10:45:21+08:00 ] ::1 /SpSp/index.php/Admin/Admin/%7B:U(
ERR: 非法操作:{:U(

[ 2016-08-31T10:48:05+08:00 ] ::1 /SpSp/index.php/Admin/Admin/%7B:U(
ERR: 非法操作:{:U(

[ 2016-08-31T10:51:40+08:00 ] ::1 /SpSp/index.php/Admin/Admin/%7B:U('listAdmin')%7D
ERR: 非法操作:{:U('listAdmin')}

[ 2016-08-31T11:06:17+08:00 ] ::1 /SpSp/index.php/Admin/Admin/javascript.history.go(-1);
ERR: 非法操作:javascript.history.go(-1);

[ 2016-08-31T11:06:57+08:00 ] ::1 /SpSp/index.php/Admin/Admin/javascript.history.go(-1);
ERR: 非法操作:javascript.history.go(-1);

[ 2016-08-31T11:38:00+08:00 ] ::1 /SpSp/index.php/Admin/Admin/delAdmin.html?id=8
ERR: 模板不存在:./Application/Admin/View/Admin/delAdmin.html

[ 2016-08-31T12:43:10+08:00 ] ::1 /SpSp/index.php/Admin/admin/addUser.php
ERR: 非法操作:addUser.php

[ 2016-08-31T12:45:36+08:00 ] ::1 /SpSp/index.php/Admin/login/index.html
ERR: 1054:Unknown column 'username' in 'field list'
 [ SQL语句 ] : SELECT `username` FROM `admin` LIMIT 1  

[ 2016-08-31T22:48:47+08:00 ] ::1 /SpSp/index.php/Admin/admin/listPro.php
ERR: 非法操作:listPro.php

[ 2016-08-31T23:38:52+08:00 ] ::1 /SpSp/index.php/Admin/admin/addPro.php
ERR: 非法操作:addPro.php

[ 2016-08-31T23:38:53+08:00 ] ::1 /SpSp/index.php/Admin/admin/addPro.php
ERR: 非法操作:addPro.php

[ 2016-08-31T23:38:54+08:00 ] ::1 /SpSp/index.php/Admin/admin/addPro.php
ERR: 非法操作:addPro.php

[ 2016-08-31T23:38:54+08:00 ] ::1 /SpSp/index.php/Admin/admin/addPro.php
ERR: 非法操作:addPro.php

[ 2016-08-31T23:38:56+08:00 ] ::1 /SpSp/index.php/Admin/admin/listPro.php
ERR: 非法操作:listPro.php

[ 2016-08-31T23:39:17+08:00 ] ::1 /SpSp/index.php/Admin/Goods/addGoods.html
ERR: 无法加载控制器:Goods

[ 2016-08-31T23:41:28+08:00 ] ::1 /SpSp/index.php/Admin/admin/listPro.php
ERR: 非法操作:listPro.php

[ 2016-08-31T23:43:09+08:00 ] ::1 /SpSp/index.php/Admin/admin/listPro.php
ERR: 非法操作:listPro.php

[ 2016-08-31T23:43:58+08:00 ] ::1 /SpSp/index.php/Admin/admin/listPro.php
ERR: 非法操作:listPro.php

[ 2016-08-31T23:47:24+08:00 ] ::1 /SpSp/index.php/Admin/admin/listPro.php
ERR: 非法操作:listPro.php

[ 2016-08-31T23:48:37+08:00 ] ::1 /SpSp/index.php/Admin/admin/listPro.php
ERR: 非法操作:listPro.php

[ 2016-08-31T23:48:39+08:00 ] ::1 /SpSp/index.php/Admin/admin/listPro.php
ERR: 非法操作:listPro.php

[ 2016-08-31T23:48:51+08:00 ] ::1 /SpSp/index.php/Admin/Goods/addGoods.html
ERR: 无法加载控制器:Goods

[ 2016-08-31T23:49:14+08:00 ] ::1 /SpSp/index.php/Admin/admin/listPro.php
ERR: 非法操作:listPro.php

[ 2016-08-31T23:51:01+08:00 ] ::1 /SpSp/index.php/Admin/admin/listPro.php
ERR: 非法操作:listPro.php

[ 2016-08-31T23:51:15+08:00 ] ::1 /SpSp/index.php/Admin/admin/listPro.php
ERR: 非法操作:listPro.php

[ 2016-08-31T23:51:16+08:00 ] ::1 /SpSp/index.php/Admin/Goods/scripts/jquery-1.6.4.js
ERR: 非法操作:scripts

[ 2016-08-31T23:51:16+08:00 ] ::1 /SpSp/index.php/Admin/Goods/scripts/jquery-1.6.4.js
ERR: 非法操作:scripts

